<Event xmlns="http://schemas.microsoft.com/win/2004/08/events/event">
  <System>
    <Provider Name="Microsoft-Windows-Security-Auditing" Guid="{5770385f-c22a-43e0-bf4c-06f5698ffbd9}" />
    <EventID>4624</EventID>
    <Version>1</Version>
    <Level>4</Level>
    <Task>0</Task>
    <Opcode>0</Opcode>
    <Keywords>0x8020000000000000</Keywords>
    <TimeCreated SystemTime="2026-01-15T10:42:45.0000000Z" />
    <EventRecordID>57</EventRecordID>
    <Correlation />
    <Execution ProcessID="600" ThreadID="700" />
    <Channel>Security</Channel>
    <Computer>WIN-FS01</Computer>
    <Security UserID="S-1-5-18" />
  </System>
  <EventData>
    <Data Name="TargetUserName">vpatel</Data>
    <Data Name="IpAddress">192.168.1.84</Data>
    <Data Name="LogonType">2</Data>
    <Data Name="LogonProcessName">User32</Data>
  </EventData>
</Event>
<Event xmlns="http://schemas.microsoft.com/win/2004/08/events/event">
  <System>
    <Provider Name="Microsoft-Windows-Security-Auditing" Guid="{5770385f-c22a-43e0-bf4c-06f5698ffbd9}" />
    <EventID>4624</EventID>
    <Version>1</Version>
    <Level>4</Level>
    <Task>0</Task>
    <Opcode>0</Opcode>
    <Keywords>0x8020000000000000</Keywords>
    <TimeCreated SystemTime="2026-01-15T10:46:45.0000000Z" />
    <EventRecordID>58</EventRecordID>
    <Correlation />
    <Execution ProcessID="600" ThreadID="700" />
    <Channel>Security</Channel>
    <Computer>WIN-WKS11</Computer>
    <Security UserID="S-1-5-18" />
  </System>
  <EventData>
    <Data Name="TargetUserName">bwong</Data>
    <Data Name="IpAddress">192.168.1.25</Data>
    <Data Name="LogonType">3</Data>
    <Data Name="LogonProcessName">NtLmSsp</Data>
  </EventData>
</Event>
<Event xmlns="http://schemas.microsoft.com/win/2004/08/events/event">
  <System>
    <Provider Name="Microsoft-Windows-Security-Auditing" Guid="{5770385f-c22a-43e0-bf4c-06f5698ffbd9}" />
    <EventID>4624</EventID>
    <Version>1</Version>
    <Level>4</Level>
    <Task>0</Task>
    <Opcode>0</Opcode>
    <Keywords>0x8020000000000000</Keywords>
    <TimeCreated SystemTime="2026-01-15T10:50:45.0000000Z" />
    <EventRecordID>59</EventRecordID>
    <Correlation />
    <Execution ProcessID="600" ThreadID="700" />
    <Channel>Security</Channel>
    <Computer>WIN-FS01</Computer>
    <Security UserID="S-1-5-18" />
  </System>
  <EventData>
    <Data Name="TargetUserName">cchen</Data>
    <Data Name="IpAddress">192.168.1.50</Data>
    <Data Name="LogonType">2</Data>
    <Data Name="LogonProcessName">User32</Data>
  </EventData>
</Event>
<Event xmlns="http://schemas.microsoft.com/win/2004/08/events/event">
  <System>
    <Provider Name="Microsoft-Windows-Security-Auditing" Guid="{5770385f-c22a-43e0-bf4c-06f5698ffbd9}" />
    <EventID>4624</EventID>
    <Version>1</Version>
    <Level>4</Level>
    <Task>0</Task>
    <Opcode>0</Opcode>
    <Keywords>0x8020000000000000</Keywords>
    <TimeCreated SystemTime="2026-01-15T10:52:45.0000000Z" />
    <EventRecordID>60</EventRecordID>
    <Correlation />
    <Execution ProcessID="600" ThreadID="700" />
    <Channel>Security</Channel>
    <Computer>WIN-FS01</Computer>
    <Security UserID="S-1-5-18" />
  </System>
  <EventData>
    <Data Name="TargetUserName">dking</Data>
    <Data Name="IpAddress">192.168.1.55</Data>
    <Data Name="LogonType">3</Data>
    <Data Name="LogonProcessName">NtLmSsp</Data>
  </EventData>
</Event>
<Event xmlns="http://schemas.microsoft.com/win/2004/08/events/event">
  <System>
    <Provider Name="Microsoft-Windows-Security-Auditing" Guid="{5770385f-c22a-43e0-bf4c-06f5698ffbd9}" />
    <EventID>4624</EventID>
    <Version>1</Version>
    <Level>4</Level>
    <Task>0</Task>
    <Opcode>0</Opcode>
    <Keywords>0x8020000000000000</Keywords>
    <TimeCreated SystemTime="2026-01-15T10:58:45.0000000Z" />
    <EventRecordID>61</EventRecordID>
    <Correlation />
    <Execution ProcessID="600" ThreadID="700" />
    <Channel>Security</Channel>
    <Computer>WIN-WKS11</Computer>
    <Security UserID="S-1-5-18" />
  </System>
  <EventData>
    <Data Name="TargetUserName">emartin</Data>
    <Data Name="IpAddress">192.168.1.31</Data>
    <Data Name="LogonType">2</Data>
    <Data Name="LogonProcessName">User32</Data>
  </EventData>
</Event>
<Event xmlns="http://schemas.microsoft.com/win/2004/08/events/event">
  <System>
    <Provider Name="Microsoft-Windows-Security-Auditing" Guid="{5770385f-c22a-43e0-bf4c-06f5698ffbd9}" />
    <EventID>4624</EventID>
    <Version>1</Version>
    <Level>4</Level>
    <Task>0</Task>
    <Opcode>0</Opcode>
    <Keywords>0x8020000000000000</Keywords>
    <TimeCreated SystemTime="2026-01-15T11:01:45.0000000Z" />
    <EventRecordID>62</EventRecordID>
    <Correlation />
    <Execution ProcessID="600" ThreadID="700" />
    <Channel>Security</Channel>
    <Computer>WIN-WKS10</Computer>
    <Security UserID="S-1-5-18" />
  </System>
  <EventData>
    <Data Name="TargetUserName">fowen</Data>
    <Data Name="IpAddress">192.168.1.22</Data>
    <Data Name="LogonType">2</Data>
    <Data Name="LogonProcessName">User32</Data>
  </EventData>
</Event>
<Event xmlns="http://schemas.microsoft.com/win/2004/08/events/event">
  <System>
    <Provider Name="Microsoft-Windows-Security-Auditing" Guid="{5770385f-c22a-43e0-bf4c-06f5698ffbd9}" />
    <EventID>4624</EventID>
    <Version>1</Version>
    <Level>4</Level>
    <Task>0</Task>
    <Opcode>0</Opcode>
    <Keywords>0x8020000000000000</Keywords>
    <TimeCreated SystemTime="2026-01-15T11:04:45.0000000Z" />
    <EventRecordID>63</EventRecordID>
    <Correlation />
    <Execution ProcessID="600" ThreadID="700" />
    <Channel>Security</Channel>
    <Computer>WIN-FS01</Computer>
    <Security UserID="S-1-5-18" />
  </System>
  <EventData>
    <Data Name="TargetUserName">gtan</Data>
    <Data Name="IpAddress">192.168.1.31</Data>
    <Data Name="LogonType">3</Data>
    <Data Name="LogonProcessName">NtLmSsp</Data>
  </EventData>
</Event>
<Event xmlns="http://schemas.microsoft.com/win/2004/08/events/event">
  <System>
    <Provider Name="Microsoft-Windows-Security-Auditing" Guid="{5770385f-c22a-43e0-bf4c-06f5698ffbd9}" />
    <EventID>4624</EventID>
    <Version>1</Version>
    <Level>4</Level>
    <Task>0</Task>
    <Opcode>0</Opcode>
    <Keywords>0x8020000000000000</Keywords>
    <TimeCreated SystemTime="2026-01-15T11:07:45.0000000Z" />
    <EventRecordID>64</EventRecordID>
    <Correlation />
    <Execution ProcessID="600" ThreadID="700" />
    <Channel>Security</Channel>
    <Computer>WIN-WKS11</Computer>
    <Security UserID="S-1-5-18" />
  </System>
  <EventData>
    <Data Name="TargetUserName">hross</Data>
    <Data Name="IpAddress">192.168.1.41</Data>
    <Data Name="LogonType">2</Data>
    <Data Name="LogonProcessName">User32</Data>
  </EventData>
</Event>
<Event xmlns="http://schemas.microsoft.com/win/2004/08/events/event">
  <System>
    <Provider Name="Microsoft-Windows-Security-Auditing" Guid="{5770385f-c22a-43e0-bf4c-06f5698ffbd9}" />
    <EventID>4624</EventID>
    <Version>1</Version>
    <Level>4</Level>
    <Task>0</Task>
    <Opcode>0</Opcode>
    <Keywords>0x8020000000000000</Keywords>
    <TimeCreated SystemTime="2026-01-15T11:13:45.0000000Z" />
    <EventRecordID>65</EventRecordID>
    <Correlation />
    <Execution ProcessID="600" ThreadID="700" />
    <Channel>Security</Channel>
    <Computer>WIN-FS01</Computer>
    <Security UserID="S-1-5-18" />
  </System>
  <EventData>
    <Data Name="TargetUserName">isingh</Data>
    <Data Name="IpAddress">192.168.1.44</Data>
    <Data Name="LogonType">2</Data>
    <Data Name="LogonProcessName">User32</Data>
  </EventData>
</Event>
<Event xmlns="http://schemas.microsoft.com/win/2004/08/events/event">
  <System>
    <Provider Name="Microsoft-Windows-Security-Auditing" Guid="{5770385f-c22a-43e0-bf4c-06f5698ffbd9}" />
    <EventID>4625</EventID>
    <Version>1</Version>
    <Level>4</Level>
    <Task>0</Task>
    <Opcode>0</Opcode>
    <Keywords>0x8020000000000000</Keywords>
    <TimeCreated SystemTime="2026-01-15T11:43:45.0000000Z" />
    <EventRecordID>66</EventRecordID>
    <Correlation />
    <Execution ProcessID="600" ThreadID="700" />
    <Channel>Security</Channel>
    <Computer>WIN-DC01</Computer>
    <Security UserID="S-1-5-18" />
  </System>
  <EventData>
    <Data Name="TargetUserName">nreed</Data>
    <Data Name="IpAddress">192.168.1.77</Data>
    <Data Name="LogonType">2</Data>
    <Data Name="FailureReason">Unknown user name or bad password.</Data>
    <Data Name="Status">0xC000006D</Data>
    <Data Name="SubStatus">0xC000006A</Data>
  </EventData>
</Event>
<Event xmlns="http://schemas.microsoft.com/win/2004/08/events/event">
  <System>
    <Provider Name="Microsoft-Windows-Security-Auditing" Guid="{5770385f-c22a-43e0-bf4c-06f5698ffbd9}" />
    <EventID>4625</EventID>
    <Version>1</Version>
    <Level>4</Level>
    <Task>0</Task>
    <Opcode>0</Opcode>
    <Keywords>0x8020000000000000</Keywords>
    <TimeCreated SystemTime="2026-01-15T11:55:45.0000000Z" />
    <EventRecordID>67</EventRecordID>
    <Correlation />
    <Execution ProcessID="600" ThreadID="700" />
    <Channel>Security</Channel>
    <Computer>WIN-DC01</Computer>
    <Security UserID="S-1-5-18" />
  </System>
  <EventData>
    <Data Name="TargetUserName">pgomez</Data>
    <Data Name="IpAddress">192.168.1.72</Data>
    <Data Name="LogonType">2</Data>
    <Data Name="FailureReason">Unknown user name or bad password.</Data>
    <Data Name="Status">0xC000006D</Data>
    <Data Name="SubStatus">0xC000006A</Data>
  </EventData>
</Event>
<Event xmlns="http://schemas.microsoft.com/win/2004/08/events/event">
  <System>
    <Provider Name="Microsoft-Windows-Security-Auditing" Guid="{5770385f-c22a-43e0-bf4c-06f5698ffbd9}" />
    <EventID>4625</EventID>
    <Version>1</Version>
    <Level>4</Level>
    <Task>0</Task>
    <Opcode>0</Opcode>
    <Keywords>0x8020000000000000</Keywords>
    <TimeCreated SystemTime="2026-01-15T12:19:45.0000000Z" />
    <EventRecordID>68</EventRecordID>
    <Correlation />
    <Execution ProcessID="600" ThreadID="700" />
    <Channel>Security</Channel>
    <Computer>WIN-DC01</Computer>
    <Security UserID="S-1-5-18" />
  </System>
  <EventData>
    <Data Name="TargetUserName">swhite</Data>
    <Data Name="IpAddress">192.168.1.77</Data>
    <Data Name="LogonType">2</Data>
    <Data Name="FailureReason">Unknown user name or bad password.</Data>
    <Data Name="Status">0xC000006D</Data>
    <Data Name="SubStatus">0xC000006A</Data>
  </EventData>
</Event>
<Event xmlns="http://schemas.microsoft.com/win/2004/08/events/event">
  <System>
    <Provider Name="Microsoft-Windows-Security-Auditing" Guid="{5770385f-c22a-43e0-bf4c-06f5698ffbd9}" />
    <EventID>4648</EventID>
    <Version>1</Version>
    <Level>4</Level>
    <Task>0</Task>
    <Opcode>0</Opcode>
    <Keywords>0x8020000000000000</Keywords>
    <TimeCreated SystemTime="2026-01-15T12:23:45.0000000Z" />
    <EventRecordID>69</EventRecordID>
    <Correlation />
    <Execution ProcessID="600" ThreadID="700" />
    <Channel>Security</Channel>
    <Computer>WIN-SRV01</Computer>
    <Security UserID="S-1-5-18" />
  </System>
  <EventData>
    <Data Name="SubjectUserName">jdoe</Data>
    <Data Name="TargetUserName">administrator</Data>
    <Data Name="TargetServerName">WIN-SRV01</Data>
    <Data Name="IpAddress">192.168.1.55</Data>
    <Data Name="ProcessName">C:\Windows\System32\runas.exe</Data>
  </EventData>
</Event>
<Event xmlns="http://schemas.microsoft.com/win/2004/08/events/event">
  <System>
    <Provider Name="Microsoft-Windows-Security-Auditing" Guid="{5770385f-c22a-43e0-bf4c-06f5698ffbd9}" />
    <EventID>4648</EventID>
    <Version>1</Version>
    <Level>4</Level>
    <Task>0</Task>
    <Opcode>0</Opcode>
    <Keywords>0x8020000000000000</Keywords>
    <TimeCreated SystemTime="2026-01-15T12:33:45.0000000Z" />
    <EventRecordID>70</EventRecordID>
    <Correlation />
    <Execution ProcessID="600" ThreadID="700" />
    <Channel>Security</Channel>
    <Computer>WIN-SRV02</Computer>
    <Security UserID="S-1-5-18" />
  </System>
  <EventData>
    <Data Name="SubjectUserName">jdoe</Data>
    <Data Name="TargetUserName">administrator</Data>
    <Data Name="TargetServerName">WIN-SRV02</Data>
    <Data Name="IpAddress">192.168.1.55</Data>
    <Data Name="ProcessName">C:\Windows\System32\runas.exe</Data>
  </EventData>
</Event>
<Event xmlns="http://schemas.microsoft.com/win/2004/08/events/event">
  <System>
    <Provider Name="Microsoft-Windows-Security-Auditing" Guid="{5770385f-c22a-43e0-bf4c-06f5698ffbd9}" />
    <EventID>4648</EventID>
    <Version>1</Version>
    <Level>4</Level>
    <Task>0</Task>
    <Opcode>0</Opcode>
    <Keywords>0x8020000000000000</Keywords>
    <TimeCreated SystemTime="2026-01-15T12:38:45.0000000Z" />
    <EventRecordID>71</EventRecordID>
    <Correlation />
    <Execution ProcessID="600" ThreadID="700" />
    <Channel>Security</Channel>
    <Computer>WIN-SRV03</Computer>
    <Security UserID="S-1-5-18" />
  </System>
  <EventData>
    <Data Name="SubjectUserName">jdoe</Data>
    <Data Name="TargetUserName">administrator</Data>
    <Data Name="TargetServerName">WIN-SRV03</Data>
    <Data Name="IpAddress">192.168.1.55</Data>
    <Data Name="ProcessName">C:\Windows\System32\runas.exe</Data>
  </EventData>
</Event>
<Event xmlns="http://schemas.microsoft.com/win/2004/08/events/event">
  <System>
    <Provider Name="Microsoft-Windows-Security-Auditing" Guid="{5770385f-c22a-43e0-bf4c-06f5698ffbd9}" />
    <EventID>4720</EventID>
    <Version>1</Version>
    <Level>4</Level>
    <Task>0</Task>
    <Opcode>0</Opcode>
    <Keywords>0x8020000000000000</Keywords>
    <TimeCreated SystemTime="2026-01-15T12:53:45.0000000Z" />
    <EventRecordID>72</EventRecordID>
    <Correlation />
    <Execution ProcessID="600" ThreadID="700" />
    <Channel>Security</Channel>
    <Computer>WIN-DC01</Computer>
    <Security UserID="S-1-5-18" />
  </System>
  <EventData>
    <Data Name="SubjectUserName">hr_admin</Data>
    <Data Name="TargetUserName">new_hire_01</Data>
    <Data Name="TargetSid">S-1-5-21-1111111111-2222222222-3333333333-1401</Data>
  </EventData>
</Event>
<Event xmlns="http://schemas.microsoft.com/win/2004/08/events/event">
  <System>
    <Provider Name="Microsoft-Windows-Security-Auditing" Guid="{5770385f-c22a-43e0-bf4c-06f5698ffbd9}" />
    <EventID>4722</EventID>
    <Version>1</Version>
    <Level>4</Level>
    <Task>0</Task>
    <Opcode>0</Opcode>
    <Keywords>0x8020000000000000</Keywords>
    <TimeCreated SystemTime="2026-01-15T12:55:45.0000000Z" />
    <EventRecordID>73</EventRecordID>
    <Correlation />
    <Execution ProcessID="600" ThreadID="700" />
    <Channel>Security</Channel>
    <Computer>WIN-DC01</Computer>
    <Security UserID="S-1-5-18" />
  </System>
  <EventData>
    <Data Name="SubjectUserName">hr_admin</Data>
    <Data Name="TargetUserName">new_hire_01</Data>
    <Data Name="TargetSid">S-1-5-21-1111111111-2222222222-3333333333-1401</Data>
  </EventData>
</Event>
<Event xmlns="http://schemas.microsoft.com/win/2004/08/events/event">
  <System>
    <Provider Name="Microsoft-Windows-Security-Auditing" Guid="{5770385f-c22a-43e0-bf4c-06f5698ffbd9}" />
    <EventID>4624</EventID>
    <Version>1</Version>
    <Level>4</Level>
    <Task>0</Task>
    <Opcode>0</Opcode>
    <Keywords>0x8020000000000000</Keywords>
    <TimeCreated SystemTime="2026-01-15T12:59:45.0000000Z" />
    <EventRecordID>74</EventRecordID>
    <Correlation />
    <Execution ProcessID="600" ThreadID="700" />
    <Channel>Security</Channel>
    <Computer>WIN-WKS10</Computer>
    <Security UserID="S-1-5-18" />
  </System>
  <EventData>
    <Data Name="TargetUserName">nreed</Data>
    <Data Name="IpAddress">192.168.1.25</Data>
    <Data Name="LogonType">10</Data>
    <Data Name="LogonProcessName">User32</Data>
  </EventData>
</Event>
<Event xmlns="http://schemas.microsoft.com/win/2004/08/events/event">
  <System>
    <Provider Name="Microsoft-Windows-Security-Auditing" Guid="{5770385f-c22a-43e0-bf4c-06f5698ffbd9}" />
    <EventID>4624</EventID>
    <Version>1</Version>
    <Level>4</Level>
    <Task>0</Task>
    <Opcode>0</Opcode>
    <Keywords>0x8020000000000000</Keywords>
    <TimeCreated SystemTime="2026-01-15T13:00:45.0000000Z" />
    <EventRecordID>75</EventRecordID>
    <Correlation />
    <Execution ProcessID="600" ThreadID="700" />
    <Channel>Security</Channel>
    <Computer>WIN-SRV02</Computer>
    <Security UserID="S-1-5-18" />
  </System>
  <EventData>
    <Data Name="TargetUserName">swhite</Data>
    <Data Name="IpAddress">192.168.1.70</Data>
    <Data Name="LogonType">10</Data>
    <Data Name="LogonProcessName">User32</Data>
  </EventData>
</Event>
<Event xmlns="http://schemas.microsoft.com/win/2004/08/events/event">
  <System>
    <Provider Name="Microsoft-Windows-Security-Auditing" Guid="{5770385f-c22a-43e0-bf4c-06f5698ffbd9}" />
    <EventID>4624</EventID>
    <Version>1</Version>
    <Level>4</Level>
    <Task>0</Task>
    <Opcode>0</Opcode>
    <Keywords>0x8020000000000000</Keywords>
    <TimeCreated SystemTime="2026-01-15T13:02:45.0000000Z" />
    <EventRecordID>76</EventRecordID>
    <Correlation />
    <Execution ProcessID="600" ThreadID="700" />
    <Channel>Security</Channel>
    <Computer>WIN-WKS10</Computer>
    <Security UserID="S-1-5-18" />
  </System>
  <EventData>
    <Data Name="TargetUserName">cchen</Data>
    <Data Name="IpAddress">192.168.1.25</Data>
    <Data Name="LogonType">3</Data>
    <Data Name="LogonProcessName">NtLmSsp</Data>
  </EventData>
</Event>
<Event xmlns="http://schemas.microsoft.com/win/2004/08/events/event">
  <System>
    <Provider Name="Microsoft-Windows-Security-Auditing" Guid="{5770385f-c22a-43e0-bf4c-06f5698ffbd9}" />
    <EventID>4624</EventID>
    <Version>1</Version>
    <Level>4</Level>
    <Task>0</Task>
    <Opcode>0</Opcode>
    <Keywords>0x8020000000000000</Keywords>
    <TimeCreated SystemTime="2026-01-15T13:06:45.0000000Z" />
    <EventRecordID>77</EventRecordID>
    <Correlation />
    <Execution ProcessID="600" ThreadID="700" />
    <Channel>Security</Channel>
    <Computer>WIN-FS01</Computer>
    <Security UserID="S-1-5-18" />
  </System>
  <EventData>
    <Data Name="TargetUserName">tlee</Data>
    <Data Name="IpAddress">192.168.1.86</Data>
    <Data Name="LogonType">3</Data>
    <Data Name="LogonProcessName">NtLmSsp</Data>
  </EventData>
</Event>
<Event xmlns="http://schemas.microsoft.com/win/2004/08/events/event">
  <System>
    <Provider Name="Microsoft-Windows-Security-Auditing" Guid="{5770385f-c22a-43e0-bf4c-06f5698ffbd9}" />
    <EventID>4624</EventID>
    <Version>1</Version>
    <Level>4</Level>
    <Task>0</Task>
    <Opcode>0</Opcode>
    <Keywords>0x8020000000000000</Keywords>
    <TimeCreated SystemTime="2026-01-15T13:10:45.0000000Z" />
    <EventRecordID>78</EventRecordID>
    <Correlation />
    <Execution ProcessID="600" ThreadID="700" />
    <Channel>Security</Channel>
    <Computer>WIN-SRV01</Computer>
    <Security UserID="S-1-5-18" />
  </System>
  <EventData>
    <Data Name="TargetUserName">pgomez</Data>
    <Data Name="IpAddress">192.168.1.53</Data>
    <Data Name="LogonType">3</Data>
    <Data Name="LogonProcessName">NtLmSsp</Data>
  </EventData>
</Event>
<Event xmlns="http://schemas.microsoft.com/win/2004/08/events/event">
  <System>
    <Provider Name="Microsoft-Windows-Security-Auditing" Guid="{5770385f-c22a-43e0-bf4c-06f5698ffbd9}" />
    <EventID>4624</EventID>
    <Version>1</Version>
    <Level>4</Level>
    <Task>0</Task>
    <Opcode>0</Opcode>
    <Keywords>0x8020000000000000</Keywords>
    <TimeCreated SystemTime="2026-01-15T13:13:45.0000000Z" />
    <EventRecordID>79</EventRecordID>
    <Correlation />
    <Execution ProcessID="600" ThreadID="700" />
    <Channel>Security</Channel>
    <Computer>WIN-FS01</Computer>
    <Security UserID="S-1-5-18" />
  </System>
  <EventData>
    <Data Name="TargetUserName">tlee</Data>
    <Data Name="IpAddress">192.168.1.85</Data>
    <Data Name="LogonType">10</Data>
    <Data Name="LogonProcessName">User32</Data>
  </EventData>
</Event>
<Event xmlns="http://schemas.microsoft.com/win/2004/08/events/event">
  <System>
    <Provider Name="Microsoft-Windows-Security-Auditing" Guid="{5770385f-c22a-43e0-bf4c-06f5698ffbd9}" />
    <EventID>4624</EventID>
    <Version>1</Version>
    <Level>4</Level>
    <Task>0</Task>
    <Opcode>0</Opcode>
    <Keywords>0x8020000000000000</Keywords>
    <TimeCreated SystemTime="2026-01-15T13:17:45.0000000Z" />
    <EventRecordID>80</EventRecordID>
    <Correlation />
    <Execution ProcessID="600" ThreadID="700" />
    <Channel>Security</Channel>
    <Computer>WIN-WKS10</Computer>
    <Security UserID="S-1-5-18" />
  </System>
  <EventData>
    <Data Name="TargetUserName">tlee</Data>
    <Data Name="IpAddress">192.168.1.73</Data>
    <Data Name="LogonType">3</Data>
    <Data Name="LogonProcessName">NtLmSsp</Data>
  </EventData>
</Event>
<Event xmlns="http://schemas.microsoft.com/win/2004/08/events/event">
  <System>
    <Provider Name="Microsoft-Windows-Security-Auditing" Guid="{5770385f-c22a-43e0-bf4c-06f5698ffbd9}" />
    <EventID>4624</EventID>
    <Version>1</Version>
    <Level>4</Level>
    <Task>0</Task>
    <Opcode>0</Opcode>
    <Keywords>0x8020000000000000</Keywords>
    <TimeCreated SystemTime="2026-01-15T13:21:45.0000000Z" />
    <EventRecordID>81</EventRecordID>
    <Correlation />
    <Execution ProcessID="600" ThreadID="700" />
    <Channel>Security</Channel>
    <Computer>WIN-WKS10</Computer>
    <Security UserID="S-1-5-18" />
  </System>
  <EventData>
    <Data Name="TargetUserName">bwong</Data>
    <Data Name="IpAddress">192.168.1.88</Data>
    <Data Name="LogonType">10</Data>
    <Data Name="LogonProcessName">User32</Data>
  </EventData>
</Event>
<Event xmlns="http://schemas.microsoft.com/win/2004/08/events/event">
  <System>
    <Provider Name="Microsoft-Windows-Security-Auditing" Guid="{5770385f-c22a-43e0-bf4c-06f5698ffbd9}" />
    <EventID>4624</EventID>
    <Version>1</Version>
    <Level>4</Level>
    <Task>0</Task>
    <Opcode>0</Opcode>
    <Keywords>0x8020000000000000</Keywords>
    <TimeCreated SystemTime="2026-01-15T13:23:45.0000000Z" />
    <EventRecordID>82</EventRecordID>
    <Correlation />
    <Execution ProcessID="600" ThreadID="700" />
    <Channel>Security</Channel>
    <Computer>WIN-WKS10</Computer>
    <Security UserID="S-1-5-18" />
  </System>
  <EventData>
    <Data Name="TargetUserName">pgomez</Data>
    <Data Name="IpAddress">192.168.1.66</Data>
    <Data Name="LogonType">10</Data>
    <Data Name="LogonProcessName">User32</Data>
  </EventData>
</Event>
<Event xmlns="http://schemas.microsoft.com/win/2004/08/events/event">
  <System>
    <Provider Name="Microsoft-Windows-Security-Auditing" Guid="{5770385f-c22a-43e0-bf4c-06f5698ffbd9}" />
    <EventID>4624</EventID>
    <Version>1</Version>
    <Level>4</Level>
    <Task>0</Task>
    <Opcode>0</Opcode>
    <Keywords>0x8020000000000000</Keywords>
    <TimeCreated SystemTime="2026-01-15T13:27:45.0000000Z" />
    <EventRecordID>83</EventRecordID>
    <Correlation />
    <Execution ProcessID="600" ThreadID="700" />
    <Channel>Security</Channel>
    <Computer>WIN-FS01</Computer>
    <Security UserID="S-1-5-18" />
  </System>
  <EventData>
    <Data Name="TargetUserName">pgomez</Data>
    <Data Name="IpAddress">192.168.1.43</Data>
    <Data Name="LogonType">3</Data>
    <Data Name="LogonProcessName">NtLmSsp</Data>
  </EventData>
</Event>
<Event xmlns="http://schemas.microsoft.com/win/2004/08/events/event">
  <System>
    <Provider Name="Microsoft-Windows-Security-Auditing" Guid="{5770385f-c22a-43e0-bf4c-06f5698ffbd9}" />
    <EventID>4624</EventID>
    <Version>1</Version>
    <Level>4</Level>
    <Task>0</Task>
    <Opcode>0</Opcode>
    <Keywords>0x8020000000000000</Keywords>
    <TimeCreated SystemTime="2026-01-15T13:29:45.0000000Z" />
    <EventRecordID>84</EventRecordID>
    <Correlation />
    <Execution ProcessID="600" ThreadID="700" />
    <Channel>Security</Channel>
    <Computer>WIN-SRV01</Computer>
    <Security UserID="S-1-5-18" />
  </System>
  <EventData>
    <Data Name="TargetUserName">tlee</Data>
    <Data Name="IpAddress">192.168.1.81</Data>
    <Data Name="LogonType">3</Data>
    <Data Name="LogonProcessName">NtLmSsp</Data>
  </EventData>
</Event>
<Event xmlns="http://schemas.microsoft.com/win/2004/08/events/event">
  <System>
    <Provider Name="Microsoft-Windows-Security-Auditing" Guid="{5770385f-c22a-43e0-bf4c-06f5698ffbd9}" />
    <EventID>4624</EventID>
    <Version>1</Version>
    <Level>4</Level>
    <Task>0</Task>
    <Opcode>0</Opcode>
    <Keywords>0x8020000000000000</Keywords>
    <TimeCreated SystemTime="2026-01-15T13:31:45.0000000Z" />
    <EventRecordID>85</EventRecordID>
    <Correlation />
    <Execution ProcessID="600" ThreadID="700" />
    <Channel>Security</Channel>
    <Computer>WIN-FS01</Computer>
    <Security UserID="S-1-5-18" />
  </System>
  <EventData>
    <Data Name="TargetUserName">nreed</Data>
    <Data Name="IpAddress">192.168.1.66</Data>
    <Data Name="LogonType">10</Data>
    <Data Name="LogonProcessName">User32</Data>
  </EventData>
</Event>
<Event xmlns="http://schemas.microsoft.com/win/2004/08/events/event">
  <System>
    <Provider Name="Microsoft-Windows-Security-Auditing" Guid="{5770385f-c22a-43e0-bf4c-06f5698ffbd9}" />
    <EventID>4624</EventID>
    <Version>1</Version>
    <Level>4</Level>
    <Task>0</Task>
    <Opcode>0</Opcode>
    <Keywords>0x8020000000000000</Keywords>
    <TimeCreated SystemTime="2026-01-15T13:36:45.0000000Z" />
    <EventRecordID>86</EventRecordID>
    <Correlation />
    <Execution ProcessID="600" ThreadID="700" />
    <Channel>Security</Channel>
    <Computer>WIN-FS01</Computer>
    <Security UserID="S-1-5-18" />
  </System>
  <EventData>
    <Data Name="TargetUserName">pgomez</Data>
    <Data Name="IpAddress">192.168.1.86</Data>
    <Data Name="LogonType">10</Data>
    <Data Name="LogonProcessName">User32</Data>
  </EventData>
</Event>
<Event xmlns="http://schemas.microsoft.com/win/2004/08/events/event">
  <System>
    <Provider Name="Microsoft-Windows-Security-Auditing" Guid="{5770385f-c22a-43e0-bf4c-06f5698ffbd9}" />
    <EventID>4624</EventID>
    <Version>1</Version>
    <Level>4</Level>
    <Task>0</Task>
    <Opcode>0</Opcode>
    <Keywords>0x8020000000000000</Keywords>
    <TimeCreated SystemTime="2026-01-15T13:38:45.0000000Z" />
    <EventRecordID>87</EventRecordID>
    <Correlation />
    <Execution ProcessID="600" ThreadID="700" />
    <Channel>Security</Channel>
    <Computer>WIN-SRV01</Computer>
    <Security UserID="S-1-5-18" />
  </System>
  <EventData>
    <Data Name="TargetUserName">tlee</Data>
    <Data Name="IpAddress">192.168.1.75</Data>
    <Data Name="LogonType">3</Data>
    <Data Name="LogonProcessName">NtLmSsp</Data>
  </EventData>
</Event>
<Event xmlns="http://schemas.microsoft.com/win/2004/08/events/event">
  <System>
    <Provider Name="Microsoft-Windows-Security-Auditing" Guid="{5770385f-c22a-43e0-bf4c-06f5698ffbd9}" />
    <EventID>4624</EventID>
    <Version>1</Version>
    <Level>4</Level>
    <Task>0</Task>
    <Opcode>0</Opcode>
    <Keywords>0x8020000000000000</Keywords>
    <TimeCreated SystemTime="2026-01-15T13:43:45.0000000Z" />
    <EventRecordID>88</EventRecordID>
    <Correlation />
    <Execution ProcessID="600" ThreadID="700" />
    <Channel>Security</Channel>
    <Computer>WIN-WKS10</Computer>
    <Security UserID="S-1-5-18" />
  </System>
  <EventData>
    <Data Name="TargetUserName">vpatel</Data>
    <Data Name="IpAddress">192.168.1.36</Data>
    <Data Name="LogonType">3</Data>
    <Data Name="LogonProcessName">NtLmSsp</Data>
  </EventData>
</Event>
<Event xmlns="http://schemas.microsoft.com/win/2004/08/events/event">
  <System>
    <Provider Name="Microsoft-Windows-Security-Auditing" Guid="{5770385f-c22a-43e0-bf4c-06f5698ffbd9}" />
    <EventID>4624</EventID>
    <Version>1</Version>
    <Level>4</Level>
    <Task>0</Task>
    <Opcode>0</Opcode>
    <Keywords>0x8020000000000000</Keywords>
    <TimeCreated SystemTime="2026-01-15T13:44:45.0000000Z" />
    <EventRecordID>89</EventRecordID>
    <Correlation />
    <Execution ProcessID="600" ThreadID="700" />
    <Channel>Security</Channel>
    <Computer>WIN-WKS10</Computer>
    <Security UserID="S-1-5-18" />
  </System>
  <EventData>
    <Data Name="TargetUserName">vpatel</Data>
    <Data Name="IpAddress">192.168.1.89</Data>
    <Data Name="LogonType">10</Data>
    <Data Name="LogonProcessName">User32</Data>
  </EventData>
</Event>
<Event xmlns="http://schemas.microsoft.com/win/2004/08/events/event">
  <System>
    <Provider Name="Microsoft-Windows-Security-Auditing" Guid="{5770385f-c22a-43e0-bf4c-06f5698ffbd9}" />
    <EventID>4624</EventID>
    <Version>1</Version>
    <Level>4</Level>
    <Task>0</Task>
    <Opcode>0</Opcode>
    <Keywords>0x8020000000000000</Keywords>
    <TimeCreated SystemTime="2026-01-15T13:45:45.0000000Z" />
    <EventRecordID>90</EventRecordID>
    <Correlation />
    <Execution ProcessID="600" ThreadID="700" />
    <Channel>Security</Channel>
    <Computer>WIN-WKS10</Computer>
    <Security UserID="S-1-5-18" />
  </System>
  <EventData>
    <Data Name="TargetUserName">cchen</Data>
    <Data Name="IpAddress">192.168.1.33</Data>
    <Data Name="LogonType">10</Data>
    <Data Name="LogonProcessName">User32</Data>
  </EventData>
</Event>
<Event xmlns="http://schemas.microsoft.com/win/2004/08/events/event">
  <System>
    <Provider Name="Microsoft-Windows-Security-Auditing" Guid="{5770385f-c22a-43e0-bf4c-06f5698ffbd9}" />
    <EventID>4624</EventID>
    <Version>1</Version>
    <Level>4</Level>
    <Task>0</Task>
    <Opcode>0</Opcode>
    <Keywords>0x8020000000000000</Keywords>
    <TimeCreated SystemTime="2026-01-15T13:48:45.0000000Z" />
    <EventRecordID>91</EventRecordID>
    <Correlation />
    <Execution ProcessID="600" ThreadID="700" />
    <Channel>Security</Channel>
    <Computer>WIN-SRV02</Computer>
    <Security UserID="S-1-5-18" />
  </System>
  <EventData>
    <Data Name="TargetUserName">vpatel</Data>
    <Data Name="IpAddress">192.168.1.20</Data>
    <Data Name="LogonType">10</Data>
    <Data Name="LogonProcessName">User32</Data>
  </EventData>
</Event>
</Events>
