<Event xmlns="http://schemas.microsoft.com/win/2004/08/events/event">
  <System>
    <Provider Name="Microsoft-Windows-Security-Auditing" Guid="{54849625-5478-4994-a5ba-3e3b0328c30d}" />
    <EventID>4624</EventID>
    <Version>1</Version>
    <Level>4</Level>
    <Task>1</Task>
    <Opcode>0</Opcode>
    <Keywords>0x8000000000000000</Keywords>
    <TimeCreated SystemTime="2026-03-09T15:09:39.0000000Z" />
    <EventRecordID>89</EventRecordID>
    <Correlation />
    <Execution ProcessID="600" ThreadID="700" />
    <Channel>Security</Channel>
    <Computer>WIN-FS01</Computer>
    <Security UserID="S-1-5-18" />
  </System>
  <EventData>
    <Data Name="TargetUserName">agarcia</Data>
    <Data Name="IpAddress">10.20.0.1002</Data>
    <Data Name="LogonType">3</Data>
    <Data Name="LogonProcessName">NtLmSsp</Data>
  </EventData>
</Event>
<Event xmlns="http://schemas.microsoft.com/win/2004/08/events/event">
  <System>
    <Provider Name="Microsoft-Windows-Security-Auditing" Guid="{54849625-5478-4994-a5ba-3e3b0328c30d}" />
    <EventID>4624</EventID>
    <Version>1</Version>
    <Level>4</Level>
    <Task>1</Task>
    <Opcode>0</Opcode>
    <Keywords>0x8000000000000000</Keywords>
    <TimeCreated SystemTime="2026-03-09T15:17:39.0000000Z" />
    <EventRecordID>90</EventRecordID>
    <Correlation />
    <Execution ProcessID="600" ThreadID="700" />
    <Channel>Security</Channel>
    <Computer>WIN-FS01</Computer>
    <Security UserID="S-1-5-18" />
  </System>
  <EventData>
    <Data Name="TargetUserName">rpatel</Data>
    <Data Name="IpAddress">10.20.0.1004</Data>
    <Data Name="LogonType">3</Data>
    <Data Name="LogonProcessName">NtLmSsp</Data>
  </EventData>
</Event>
<Event xmlns="http://schemas.microsoft.com/win/2004/08/events/event">
  <System>
    <Provider Name="Microsoft-Windows-Security-Auditing" Guid="{54849625-5478-4994-a5ba-3e3b0328c30d}" />
    <EventID>4624</EventID>
    <Version>1</Version>
    <Level>4</Level>
    <Task>1</Task>
    <Opcode>0</Opcode>
    <Keywords>0x8000000000000000</Keywords>
    <TimeCreated SystemTime="2026-03-09T15:21:39.0000000Z" />
    <EventRecordID>91</EventRecordID>
    <Correlation />
    <Execution ProcessID="600" ThreadID="700" />
    <Channel>Security</Channel>
    <Computer>WIN-FS01</Computer>
    <Security UserID="S-1-5-18" />
  </System>
  <EventData>
    <Data Name="TargetUserName">jsmith</Data>
    <Data Name="IpAddress">10.20.0.1001</Data>
    <Data Name="LogonType">3</Data>
    <Data Name="LogonProcessName">NtLmSsp</Data>
  </EventData>
</Event>
</Events>