<Events>
<Event xmlns="http://schemas.microsoft.com/win/2004/08/events/event">
  <System>
    <Provider Name="Microsoft-Windows-Security-Auditing" Guid="{54849625-5478-4994-a5ba-3e3b0328c30d}" />
    <EventID>4624</EventID>
    <Version>1</Version>
    <Level>4</Level>
    <Task>1</Task>
    <Opcode>0</Opcode>
    <Keywords>0x8000000000000000</Keywords>
    <TimeCreated SystemTime="2026-03-20T08:12:00.0000000Z" />
    <EventRecordID>1</EventRecordID>
    <Correlation />
    <Execution ProcessID="600" ThreadID="700" />
    <Channel>Security</Channel>
    <Computer>WIN-PC001</Computer>
    <Security UserID="S-1-5-18" />
  </System>
  <EventData>
    <Data Name="TargetUserName">jsmith</Data>
    <Data Name="IpAddress">-</Data>
    <Data Name="LogonType">2</Data>
    <Data Name="LogonProcessName">User32</Data>
  </EventData>
</Event>
<Event xmlns="http://schemas.microsoft.com/win/2004/08/events/event">
  <System>
    <Provider Name="Microsoft-Windows-Security-Auditing" Guid="{54849625-5478-4994-a5ba-3e3b0328c30d}" />
    <EventID>4624</EventID>
    <Version>1</Version>
    <Level>4</Level>
    <Task>1</Task>
    <Opcode>0</Opcode>
    <Keywords>0x8000000000000000</Keywords>
    <TimeCreated SystemTime="2026-03-20T08:14:00.0000000Z" />
    <EventRecordID>2</EventRecordID>
    <Correlation />
    <Execution ProcessID="600" ThreadID="700" />
    <Channel>Security</Channel>
    <Computer>WIN-PC002</Computer>
    <Security UserID="S-1-5-18" />
  </System>
  <EventData>
    <Data Name="TargetUserName">agarcia</Data>
    <Data Name="IpAddress">-</Data>
    <Data Name="LogonType">2</Data>
    <Data Name="LogonProcessName">User32</Data>
  </EventData>
</Event>
<Event xmlns="http://schemas.microsoft.com/win/2004/08/events/event">
  <System>
    <Provider Name="Microsoft-Windows-Security-Auditing" Guid="{54849625-5478-4994-a5ba-3e3b0328c30d}" />
    <EventID>4624</EventID>
    <Version>1</Version>
    <Level>4</Level>
    <Task>1</Task>
    <Opcode>0</Opcode>
    <Keywords>0x8000000000000000</Keywords>
    <TimeCreated SystemTime="2026-03-20T08:17:00.0000000Z" />
    <EventRecordID>3</EventRecordID>
    <Correlation />
    <Execution ProcessID="600" ThreadID="700" />
    <Channel>Security</Channel>
    <Computer>WIN-PC003</Computer>
    <Security UserID="S-1-5-18" />
  </System>
  <EventData>
    <Data Name="TargetUserName">mchen</Data>
    <Data Name="IpAddress">-</Data>
    <Data Name="LogonType">2</Data>
    <Data Name="LogonProcessName">User32</Data>
  </EventData>
</Event>
<Event xmlns="http://schemas.microsoft.com/win/2004/08/events/event">
  <System>
    <Provider Name="Microsoft-Windows-Security-Auditing" Guid="{54849625-5478-4994-a5ba-3e3b0328c30d}" />
    <EventID>4624</EventID>
    <Version>1</Version>
    <Level>4</Level>
    <Task>1</Task>
    <Opcode>0</Opcode>
    <Keywords>0x8000000000000000</Keywords>
    <TimeCreated SystemTime="2026-03-20T08:21:00.0000000Z" />
    <EventRecordID>4</EventRecordID>
    <Correlation />
    <Execution ProcessID="600" ThreadID="700" />
    <Channel>Security</Channel>
    <Computer>WIN-PC004</Computer>
    <Security UserID="S-1-5-18" />
  </System>
  <EventData>
    <Data Name="TargetUserName">rpatel</Data>
    <Data Name="IpAddress">-</Data>
    <Data Name="LogonType">2</Data>
    <Data Name="LogonProcessName">User32</Data>
  </EventData>
</Event>
<Event xmlns="http://schemas.microsoft.com/win/2004/08/events/event">
  <System>
    <Provider Name="Microsoft-Windows-Sysmon" Guid="{5770385f-c22a-43e0-bf4c-06f5698ffbd9}" />
    <EventID>1</EventID>
    <Version>1</Version>
    <Level>4</Level>
    <Task>1</Task>
    <Opcode>0</Opcode>
    <Keywords>0x8000000000000000</Keywords>
    <TimeCreated SystemTime="2026-03-20T08:27:00.0000000Z" />
    <EventRecordID>5</EventRecordID>
    <Correlation />
    <Execution ProcessID="600" ThreadID="700" />
    <Channel>Microsoft-Windows-Sysmon/Operational</Channel>
    <Computer>WIN-PC001</Computer>
    <Security UserID="S-1-5-18" />
  </System>
  <EventData>
    <Data Name="UtcTime">2026-03-20 08:27:00.000</Data>
    <Data Name="ProcessGuid">{51139250-a53f-4b16-9c0d-ec6e1bc402a2}</Data>
    <Data Name="ProcessId">10005</Data>
    <Data Name="Image">C:\Program Files\Google\Chrome\Application\chrome.exe</Data>
    <Data Name="CommandLine" />
    <Data Name="CurrentDirectory">C:\Users\jsmith\</Data>
    <Data Name="User">SCFS\jsmith</Data>
    <Data Name="ParentProcessGuid">{1691d05c-b752-4b82-b1b3-54c07f789438}</Data>
    <Data Name="ParentImage">C:\Windows\explorer.exe</Data>
    <Data Name="ParentCommandLine" />
  </EventData>
</Event>
<Event xmlns="http://schemas.microsoft.com/win/2004/08/events/event">
  <System>
    <Provider Name="Microsoft-Windows-Sysmon" Guid="{5770385f-c22a-43e0-bf4c-06f5698ffbd9}" />
    <EventID>1</EventID>
    <Version>1</Version>
    <Level>4</Level>
    <Task>1</Task>
    <Opcode>0</Opcode>
    <Keywords>0x8000000000000000</Keywords>
    <TimeCreated SystemTime="2026-03-20T08:29:00.0000000Z" />
    <EventRecordID>6</EventRecordID>
    <Correlation />
    <Execution ProcessID="600" ThreadID="700" />
    <Channel>Microsoft-Windows-Sysmon/Operational</Channel>
    <Computer>WIN-PC004</Computer>
    <Security UserID="S-1-5-18" />
  </System>
  <EventData>
    <Data Name="UtcTime">2026-03-20 08:29:00.000</Data>
    <Data Name="ProcessGuid">{dd05aa95-7ad8-403f-b951-baac02f78692}</Data>
    <Data Name="ProcessId">10006</Data>
    <Data Name="Image">C:\Program Files\Microsoft Office\root\Office16\EXCEL.EXE</Data>
    <Data Name="CommandLine" />
    <Data Name="CurrentDirectory">C:\Users\rpatel\</Data>
    <Data Name="User">SCFS\rpatel</Data>
    <Data Name="ParentProcessGuid">{cf9e2f21-ee9c-4398-82f1-e716e4f9e896}</Data>
    <Data Name="ParentImage">C:\Windows\explorer.exe</Data>
    <Data Name="ParentCommandLine" />
  </EventData>
</Event>
<Event xmlns="http://schemas.microsoft.com/win/2004/08/events/event">
  <System>
    <Provider Name="Microsoft-Windows-Sysmon" Guid="{5770385f-c22a-43e0-bf4c-06f5698ffbd9}" />
    <EventID>1</EventID>
    <Version>1</Version>
    <Level>4</Level>
    <Task>1</Task>
    <Opcode>0</Opcode>
    <Keywords>0x8000000000000000</Keywords>
    <TimeCreated SystemTime="2026-03-20T08:35:00.0000000Z" />
    <EventRecordID>7</EventRecordID>
    <Correlation />
    <Execution ProcessID="600" ThreadID="700" />
    <Channel>Microsoft-Windows-Sysmon/Operational</Channel>
    <Computer>WIN-PC002</Computer>
    <Security UserID="S-1-5-18" />
  </System>
  <EventData>
    <Data Name="UtcTime">2026-03-20 08:35:00.000</Data>
    <Data Name="ProcessGuid">{7c160cb4-7b5c-45fb-9d28-59c7e2b555a1}</Data>
    <Data Name="ProcessId">10007</Data>
    <Data Name="Image">C:\Program Files\Microsoft Office\root\Office16\WINWORD.EXE</Data>
    <Data Name="CommandLine" />
    <Data Name="CurrentDirectory">C:\Users\agarcia\</Data>
    <Data Name="User">SCFS\agarcia</Data>
    <Data Name="ParentProcessGuid">{1e1b3e65-1e09-41dd-8554-a2d3f669aed8}</Data>
    <Data Name="ParentImage">C:\Windows\explorer.exe</Data>
    <Data Name="ParentCommandLine" />
  </EventData>
</Event>
<Event xmlns="http://schemas.microsoft.com/win/2004/08/events/event">
  <System>
    <Provider Name="Microsoft-Windows-Sysmon" Guid="{5770385f-c22a-43e0-bf4c-06f5698ffbd9}" />
    <EventID>1</EventID>
    <Version>1</Version>
    <Level>4</Level>
    <Task>1</Task>
    <Opcode>0</Opcode>
    <Keywords>0x8000000000000000</Keywords>
    <TimeCreated SystemTime="2026-03-20T08:40:00.0000000Z" />
    <EventRecordID>8</EventRecordID>
    <Correlation />
    <Execution ProcessID="600" ThreadID="700" />
    <Channel>Microsoft-Windows-Sysmon/Operational</Channel>
    <Computer>WIN-PC004</Computer>
    <Security UserID="S-1-5-18" />
  </System>
  <EventData>
    <Data Name="UtcTime">2026-03-20 08:40:00.000</Data>
    <Data Name="ProcessGuid">{1cab3263-ddb3-44c8-aeb1-4f3e0c398846}</Data>
    <Data Name="ProcessId">10008</Data>
    <Data Name="Image">C:\Program Files\Microsoft Office\root\Office16\EXCEL.EXE</Data>
    <Data Name="CommandLine" />
    <Data Name="CurrentDirectory">C:\Users\rpatel\</Data>
    <Data Name="User">SCFS\rpatel</Data>
    <Data Name="ParentProcessGuid">{d8cf4852-b0d5-4921-a5be-67b8c4bfd20d}</Data>
    <Data Name="ParentImage">C:\Windows\explorer.exe</Data>
    <Data Name="ParentCommandLine" />
  </EventData>
</Event>
<Event xmlns="http://schemas.microsoft.com/win/2004/08/events/event">
  <System>
    <Provider Name="Microsoft-Windows-Sysmon" Guid="{5770385f-c22a-43e0-bf4c-06f5698ffbd9}" />
    <EventID>1</EventID>
    <Version>1</Version>
    <Level>4</Level>
    <Task>1</Task>
    <Opcode>0</Opcode>
    <Keywords>0x8000000000000000</Keywords>
    <TimeCreated SystemTime="2026-03-20T08:43:00.0000000Z" />
    <EventRecordID>9</EventRecordID>
    <Correlation />
    <Execution ProcessID="600" ThreadID="700" />
    <Channel>Microsoft-Windows-Sysmon/Operational</Channel>
    <Computer>WIN-PC002</Computer>
    <Security UserID="S-1-5-18" />
  </System>
  <EventData>
    <Data Name="UtcTime">2026-03-20 08:43:00.000</Data>
    <Data Name="ProcessGuid">{1cf7f2d5-34f5-44d2-a778-2dcf184ea56d}</Data>
    <Data Name="ProcessId">10009</Data>
    <Data Name="Image">C:\Program Files\Google\Chrome\Application\chrome.exe</Data>
    <Data Name="CommandLine" />
    <Data Name="CurrentDirectory">C:\Users\agarcia\</Data>
    <Data Name="User">SCFS\agarcia</Data>
    <Data Name="ParentProcessGuid">{f48089de-31fc-42d2-8b19-f5a1fe901076}</Data>
    <Data Name="ParentImage">C:\Windows\explorer.exe</Data>
    <Data Name="ParentCommandLine" />
  </EventData>
</Event>
<Event xmlns="http://schemas.microsoft.com/win/2004/08/events/event">
  <System>
    <Provider Name="Microsoft-Windows-Sysmon" Guid="{5770385f-c22a-43e0-bf4c-06f5698ffbd9}" />
    <EventID>1</EventID>
    <Version>1</Version>
    <Level>4</Level>
    <Task>1</Task>
    <Opcode>0</Opcode>
    <Keywords>0x8000000000000000</Keywords>
    <TimeCreated SystemTime="2026-03-20T08:46:00.0000000Z" />
    <EventRecordID>10</EventRecordID>
    <Correlation />
    <Execution ProcessID="600" ThreadID="700" />
    <Channel>Microsoft-Windows-Sysmon/Operational</Channel>
    <Computer>WIN-PC004</Computer>
    <Security UserID="S-1-5-18" />
  </System>
  <EventData>
    <Data Name="UtcTime">2026-03-20 08:46:00.000</Data>
    <Data Name="ProcessGuid">{b866efeb-3856-46dd-9799-23b1090d215f}</Data>
    <Data Name="ProcessId">10010</Data>
    <Data Name="Image">C:\Program Files\Google\Chrome\Application\chrome.exe</Data>
    <Data Name="CommandLine" />
    <Data Name="CurrentDirectory">C:\Users\rpatel\</Data>
    <Data Name="User">SCFS\rpatel</Data>
    <Data Name="ParentProcessGuid">{16214727-94d6-4e9f-b11b-12fe5b945990}</Data>
    <Data Name="ParentImage">C:\Windows\explorer.exe</Data>
    <Data Name="ParentCommandLine" />
  </EventData>
</Event>
<Event xmlns="http://schemas.microsoft.com/win/2004/08/events/event">
  <System>
    <Provider Name="Microsoft-Windows-Sysmon" Guid="{5770385f-c22a-43e0-bf4c-06f5698ffbd9}" />
    <EventID>1</EventID>
    <Version>1</Version>
    <Level>4</Level>
    <Task>1</Task>
    <Opcode>0</Opcode>
    <Keywords>0x8000000000000000</Keywords>
    <TimeCreated SystemTime="2026-03-20T08:48:00.0000000Z" />
    <EventRecordID>11</EventRecordID>
    <Correlation />
    <Execution ProcessID="600" ThreadID="700" />
    <Channel>Microsoft-Windows-Sysmon/Operational</Channel>
    <Computer>WIN-PC001</Computer>
    <Security UserID="S-1-5-18" />
  </System>
  <EventData>
    <Data Name="UtcTime">2026-03-20 08:48:00.000</Data>
    <Data Name="ProcessGuid">{440f3445-d02d-4535-86a4-c16bd7b6bd89}</Data>
    <Data Name="ProcessId">10011</Data>
    <Data Name="Image">C:\Program Files\Microsoft Office\root\Office16\WINWORD.EXE</Data>
    <Data Name="CommandLine" />
    <Data Name="CurrentDirectory">C:\Users\jsmith\</Data>
    <Data Name="User">SCFS\jsmith</Data>
    <Data Name="ParentProcessGuid">{19eb0696-1bfe-4313-89ed-43224781deab}</Data>
    <Data Name="ParentImage">C:\Windows\explorer.exe</Data>
    <Data Name="ParentCommandLine" />
  </EventData>
</Event>
<Event xmlns="http://schemas.microsoft.com/win/2004/08/events/event">
  <System>
    <Provider Name="Microsoft-Windows-Sysmon" Guid="{5770385f-c22a-43e0-bf4c-06f5698ffbd9}" />
    <EventID>1</EventID>
    <Version>1</Version>
    <Level>4</Level>
    <Task>1</Task>
    <Opcode>0</Opcode>
    <Keywords>0x8000000000000000</Keywords>
    <TimeCreated SystemTime="2026-03-20T08:54:00.0000000Z" />
    <EventRecordID>12</EventRecordID>
    <Correlation />
    <Execution ProcessID="600" ThreadID="700" />
    <Channel>Microsoft-Windows-Sysmon/Operational</Channel>
    <Computer>WIN-PC001</Computer>
    <Security UserID="S-1-5-18" />
  </System>
  <EventData>
    <Data Name="UtcTime">2026-03-20 08:54:00.000</Data>
    <Data Name="ProcessGuid">{971f1990-3418-4a0e-b4b4-10795e0654a1}</Data>
    <Data Name="ProcessId">10012</Data>
    <Data Name="Image">C:\Program Files\Microsoft Office\root\Office16\EXCEL.EXE</Data>
    <Data Name="CommandLine" />
    <Data Name="CurrentDirectory">C:\Users\jsmith\</Data>
    <Data Name="User">SCFS\jsmith</Data>
    <Data Name="ParentProcessGuid">{c0a684f9-102e-4474-b474-ace75d11f239}</Data>
    <Data Name="ParentImage">C:\Windows\explorer.exe</Data>
    <Data Name="ParentCommandLine" />
  </EventData>
</Event>
<Event xmlns="http://schemas.microsoft.com/win/2004/08/events/event">
  <System>
    <Provider Name="Microsoft-Windows-Sysmon" Guid="{5770385f-c22a-43e0-bf4c-06f5698ffbd9}" />
    <EventID>1</EventID>
    <Version>1</Version>
    <Level>4</Level>
    <Task>1</Task>
    <Opcode>0</Opcode>
    <Keywords>0x8000000000000000</Keywords>
    <TimeCreated SystemTime="2026-03-20T08:56:00.0000000Z" />
    <EventRecordID>13</EventRecordID>
    <Correlation />
    <Execution ProcessID="600" ThreadID="700" />
    <Channel>Microsoft-Windows-Sysmon/Operational</Channel>
    <Computer>WIN-PC003</Computer>
    <Security UserID="S-1-5-18" />
  </System>
  <EventData>
    <Data Name="UtcTime">2026-03-20 08:56:00.000</Data>
    <Data Name="ProcessGuid">{4e9d0105-2666-46e1-8c2e-822636eff6b3}</Data>
    <Data Name="ProcessId">10013</Data>
    <Data Name="Image">C:\Program Files\Microsoft Office\root\Office16\EXCEL.EXE</Data>
    <Data Name="CommandLine" />
    <Data Name="CurrentDirectory">C:\Users\mchen\</Data>
    <Data Name="User">SCFS\mchen</Data>
    <Data Name="ParentProcessGuid">{6e9efa4b-77f8-4af2-a701-099c62a422d6}</Data>
    <Data Name="ParentImage">C:\Windows\explorer.exe</Data>
    <Data Name="ParentCommandLine" />
  </EventData>
</Event>
<Event xmlns="http://schemas.microsoft.com/win/2004/08/events/event">
  <System>
    <Provider Name="Microsoft-Windows-Sysmon" Guid="{5770385f-c22a-43e0-bf4c-06f5698ffbd9}" />
    <EventID>1</EventID>
    <Version>1</Version>
    <Level>4</Level>
    <Task>1</Task>
    <Opcode>0</Opcode>
    <Keywords>0x8000000000000000</Keywords>
    <TimeCreated SystemTime="2026-03-20T09:02:00.0000000Z" />
    <EventRecordID>14</EventRecordID>
    <Correlation />
    <Execution ProcessID="600" ThreadID="700" />
    <Channel>Microsoft-Windows-Sysmon/Operational</Channel>
    <Computer>WIN-PC004</Computer>
    <Security UserID="S-1-5-18" />
  </System>
  <EventData>
    <Data Name="UtcTime">2026-03-20 09:02:00.000</Data>
    <Data Name="ProcessGuid">{efb8cb88-7ed4-4fbe-a2c6-b4f8a4abd73d}</Data>
    <Data Name="ProcessId">10014</Data>
    <Data Name="Image">C:\Program Files\Google\Chrome\Application\chrome.exe</Data>
    <Data Name="CommandLine" />
    <Data Name="CurrentDirectory">C:\Users\rpatel\</Data>
    <Data Name="User">SCFS\rpatel</Data>
    <Data Name="ParentProcessGuid">{ee563953-b591-4c78-8914-a6325529d221}</Data>
    <Data Name="ParentImage">C:\Windows\explorer.exe</Data>
    <Data Name="ParentCommandLine" />
  </EventData>
</Event>
<Event xmlns="http://schemas.microsoft.com/win/2004/08/events/event">
  <System>
    <Provider Name="Microsoft-Windows-Sysmon" Guid="{5770385f-c22a-43e0-bf4c-06f5698ffbd9}" />
    <EventID>1</EventID>
    <Version>1</Version>
    <Level>4</Level>
    <Task>1</Task>
    <Opcode>0</Opcode>
    <Keywords>0x8000000000000000</Keywords>
    <TimeCreated SystemTime="2026-03-20T09:07:00.0000000Z" />
    <EventRecordID>15</EventRecordID>
    <Correlation />
    <Execution ProcessID="600" ThreadID="700" />
    <Channel>Microsoft-Windows-Sysmon/Operational</Channel>
    <Computer>WIN-PC004</Computer>
    <Security UserID="S-1-5-18" />
  </System>
  <EventData>
    <Data Name="UtcTime">2026-03-20 09:07:00.000</Data>
    <Data Name="ProcessGuid">{e57947b6-79fb-4070-91cf-30898d3bc9b5}</Data>
    <Data Name="ProcessId">10015</Data>
    <Data Name="Image">C:\Program Files\Google\Chrome\Application\chrome.exe</Data>
    <Data Name="CommandLine" />
    <Data Name="CurrentDirectory">C:\Users\rpatel\</Data>
    <Data Name="User">SCFS\rpatel</Data>
    <Data Name="ParentProcessGuid">{7e423340-bae0-45df-acda-3c5f12b1d24d}</Data>
    <Data Name="ParentImage">C:\Windows\explorer.exe</Data>
    <Data Name="ParentCommandLine" />
  </EventData>
</Event>
<Event xmlns="http://schemas.microsoft.com/win/2004/08/events/event">
  <System>
    <Provider Name="Microsoft-Windows-Sysmon" Guid="{5770385f-c22a-43e0-bf4c-06f5698ffbd9}" />
    <EventID>1</EventID>
    <Version>1</Version>
    <Level>4</Level>
    <Task>1</Task>
    <Opcode>0</Opcode>
    <Keywords>0x8000000000000000</Keywords>
    <TimeCreated SystemTime="2026-03-20T09:13:00.0000000Z" />
    <EventRecordID>16</EventRecordID>
    <Correlation />
    <Execution ProcessID="600" ThreadID="700" />
    <Channel>Microsoft-Windows-Sysmon/Operational</Channel>
    <Computer>WIN-PC004</Computer>
    <Security UserID="S-1-5-18" />
  </System>
  <EventData>
    <Data Name="UtcTime">2026-03-20 09:13:00.000</Data>
    <Data Name="ProcessGuid">{70c71329-52ed-4072-b16c-8670a8998c3f}</Data>
    <Data Name="ProcessId">10016</Data>
    <Data Name="Image">C:\Program Files\Microsoft Office\root\Office16\WINWORD.EXE</Data>
    <Data Name="CommandLine" />
    <Data Name="CurrentDirectory">C:\Users\rpatel\</Data>
    <Data Name="User">SCFS\rpatel</Data>
    <Data Name="ParentProcessGuid">{bda84e72-b799-47ab-abf2-75462c1d53fa}</Data>
    <Data Name="ParentImage">C:\Windows\explorer.exe</Data>
    <Data Name="ParentCommandLine" />
  </EventData>
</Event>
<Event xmlns="http://schemas.microsoft.com/win/2004/08/events/event">
  <System>
    <Provider Name="Microsoft-Windows-Sysmon" Guid="{5770385f-c22a-43e0-bf4c-06f5698ffbd9}" />
    <EventID>1</EventID>
    <Version>1</Version>
    <Level>4</Level>
    <Task>1</Task>
    <Opcode>0</Opcode>
    <Keywords>0x8000000000000000</Keywords>
    <TimeCreated SystemTime="2026-03-20T09:17:00.0000000Z" />
    <EventRecordID>17</EventRecordID>
    <Correlation />
    <Execution ProcessID="600" ThreadID="700" />
    <Channel>Microsoft-Windows-Sysmon/Operational</Channel>
    <Computer>WIN-PC001</Computer>
    <Security UserID="S-1-5-18" />
  </System>
  <EventData>
    <Data Name="UtcTime">2026-03-20 09:17:00.000</Data>
    <Data Name="ProcessGuid">{ef2f3c70-5e3b-4d3d-896d-849350c74d80}</Data>
    <Data Name="ProcessId">10017</Data>
    <Data Name="Image">C:\Program Files\Microsoft Office\root\Office16\WINWORD.EXE</Data>
    <Data Name="CommandLine" />
    <Data Name="CurrentDirectory">C:\Users\jsmith\</Data>
    <Data Name="User">SCFS\jsmith</Data>
    <Data Name="ParentProcessGuid">{8a37a6be-dca1-4e74-8a94-7ba01f5373c3}</Data>
    <Data Name="ParentImage">C:\Windows\explorer.exe</Data>
    <Data Name="ParentCommandLine" />
  </EventData>
</Event>
<Event xmlns="http://schemas.microsoft.com/win/2004/08/events/event">
  <System>
    <Provider Name="Microsoft-Windows-Sysmon" Guid="{5770385f-c22a-43e0-bf4c-06f5698ffbd9}" />
    <EventID>1</EventID>
    <Version>1</Version>
    <Level>4</Level>
    <Task>1</Task>
    <Opcode>0</Opcode>
    <Keywords>0x8000000000000000</Keywords>
    <TimeCreated SystemTime="2026-03-20T09:20:00.0000000Z" />
    <EventRecordID>18</EventRecordID>
    <Correlation />
    <Execution ProcessID="600" ThreadID="700" />
    <Channel>Microsoft-Windows-Sysmon/Operational</Channel>
    <Computer>WIN-PC004</Computer>
    <Security UserID="S-1-5-18" />
  </System>
  <EventData>
    <Data Name="UtcTime">2026-03-20 09:20:00.000</Data>
    <Data Name="ProcessGuid">{575510df-8939-4aee-b7b3-5aa3dcc94b34}</Data>
    <Data Name="ProcessId">10018</Data>
    <Data Name="Image">C:\Program Files\Microsoft Office\root\Office16\WINWORD.EXE</Data>
    <Data Name="CommandLine" />
    <Data Name="CurrentDirectory">C:\Users\rpatel\</Data>
    <Data Name="User">SCFS\rpatel</Data>
    <Data Name="ParentProcessGuid">{0bf27d46-beac-469e-a314-477649355f0a}</Data>
    <Data Name="ParentImage">C:\Windows\explorer.exe</Data>
    <Data Name="ParentCommandLine" />
  </EventData>
</Event>
<Event xmlns="http://schemas.microsoft.com/win/2004/08/events/event">
  <System>
    <Provider Name="Microsoft-Windows-Sysmon" Guid="{5770385f-c22a-43e0-bf4c-06f5698ffbd9}" />
    <EventID>1</EventID>
    <Version>1</Version>
    <Level>4</Level>
    <Task>1</Task>
    <Opcode>0</Opcode>
    <Keywords>0x8000000000000000</Keywords>
    <TimeCreated SystemTime="2026-03-20T09:24:00.0000000Z" />
    <EventRecordID>19</EventRecordID>
    <Correlation />
    <Execution ProcessID="600" ThreadID="700" />
    <Channel>Microsoft-Windows-Sysmon/Operational</Channel>
    <Computer>WIN-PC004</Computer>
    <Security UserID="S-1-5-18" />
  </System>
  <EventData>
    <Data Name="UtcTime">2026-03-20 09:24:00.000</Data>
    <Data Name="ProcessGuid">{79b454b2-72c6-4645-965f-f7f9990d7b1f}</Data>
    <Data Name="ProcessId">10019</Data>
    <Data Name="Image">C:\Program Files\Google\Chrome\Application\chrome.exe</Data>
    <Data Name="CommandLine" />
    <Data Name="CurrentDirectory">C:\Users\rpatel\</Data>
    <Data Name="User">SCFS\rpatel</Data>
    <Data Name="ParentProcessGuid">{4b48c17f-1653-40c9-950b-3cf070a9af52}</Data>
    <Data Name="ParentImage">C:\Windows\explorer.exe</Data>
    <Data Name="ParentCommandLine" />
  </EventData>
</Event>
<Event xmlns="http://schemas.microsoft.com/win/2004/08/events/event">
  <System>
    <Provider Name="Microsoft-Windows-Security-Auditing" Guid="{54849625-5478-4994-a5ba-3e3b0328c30d}" />
    <EventID>4624</EventID>
    <Version>1</Version>
    <Level>4</Level>
    <Task>1</Task>
    <Opcode>0</Opcode>
    <Keywords>0x8000000000000000</Keywords>
    <TimeCreated SystemTime="2026-03-20T09:29:00.0000000Z" />
    <EventRecordID>20</EventRecordID>
    <Correlation />
    <Execution ProcessID="600" ThreadID="700" />
    <Channel>Security</Channel>
    <Computer>WIN-APP01</Computer>
    <Security UserID="S-1-5-18" />
  </System>
  <EventData>
    <Data Name="TargetUserName">jsmith</Data>
    <Data Name="IpAddress">10.20.0.1001</Data>
    <Data Name="LogonType">3</Data>
    <Data Name="LogonProcessName">NtLmSsp</Data>
  </EventData>
</Event>
<Event xmlns="http://schemas.microsoft.com/win/2004/08/events/event">
  <System>
    <Provider Name="Microsoft-Windows-Security-Auditing" Guid="{54849625-5478-4994-a5ba-3e3b0328c30d}" />
    <EventID>4624</EventID>
    <Version>1</Version>
    <Level>4</Level>
    <Task>1</Task>
    <Opcode>0</Opcode>
    <Keywords>0x8000000000000000</Keywords>
    <TimeCreated SystemTime="2026-03-20T09:35:00.0000000Z" />
    <EventRecordID>21</EventRecordID>
    <Correlation />
    <Execution ProcessID="600" ThreadID="700" />
    <Channel>Security</Channel>
    <Computer>WIN-APP01</Computer>
    <Security UserID="S-1-5-18" />
  </System>
  <EventData>
    <Data Name="TargetUserName">mchen</Data>
    <Data Name="IpAddress">10.20.0.1003</Data>
    <Data Name="LogonType">3</Data>
    <Data Name="LogonProcessName">NtLmSsp</Data>
  </EventData>
</Event>
<Event xmlns="http://schemas.microsoft.com/win/2004/08/events/event">
  <System>
    <Provider Name="Microsoft-Windows-Security-Auditing" Guid="{54849625-5478-4994-a5ba-3e3b0328c30d}" />
    <EventID>4624</EventID>
    <Version>1</Version>
    <Level>4</Level>
    <Task>1</Task>
    <Opcode>0</Opcode>
    <Keywords>0x8000000000000000</Keywords>
    <TimeCreated SystemTime="2026-03-20T09:41:00.0000000Z" />
    <EventRecordID>22</EventRecordID>
    <Correlation />
    <Execution ProcessID="600" ThreadID="700" />
    <Channel>Security</Channel>
    <Computer>WIN-FS01</Computer>
    <Security UserID="S-1-5-18" />
  </System>
  <EventData>
    <Data Name="TargetUserName">mchen</Data>
    <Data Name="IpAddress">10.20.0.1003</Data>
    <Data Name="LogonType">3</Data>
    <Data Name="LogonProcessName">NtLmSsp</Data>
  </EventData>
</Event>
<Event xmlns="http://schemas.microsoft.com/win/2004/08/events/event">
  <System>
    <Provider Name="Microsoft-Windows-Security-Auditing" Guid="{54849625-5478-4994-a5ba-3e3b0328c30d}" />
    <EventID>4624</EventID>
    <Version>1</Version>
    <Level>4</Level>
    <Task>1</Task>
    <Opcode>0</Opcode>
    <Keywords>0x8000000000000000</Keywords>
    <TimeCreated SystemTime="2026-03-20T09:47:00.0000000Z" />
    <EventRecordID>23</EventRecordID>
    <Correlation />
    <Execution ProcessID="600" ThreadID="700" />
    <Channel>Security</Channel>
    <Computer>WIN-FS01</Computer>
    <Security UserID="S-1-5-18" />
  </System>
  <EventData>
    <Data Name="TargetUserName">agarcia</Data>
    <Data Name="IpAddress">10.20.0.1002</Data>
    <Data Name="LogonType">3</Data>
    <Data Name="LogonProcessName">NtLmSsp</Data>
  </EventData>
</Event>
<Event xmlns="http://schemas.microsoft.com/win/2004/08/events/event">
  <System>
    <Provider Name="Microsoft-Windows-Security-Auditing" Guid="{54849625-5478-4994-a5ba-3e3b0328c30d}" />
    <EventID>4624</EventID>
    <Version>1</Version>
    <Level>4</Level>
    <Task>1</Task>
    <Opcode>0</Opcode>
    <Keywords>0x8000000000000000</Keywords>
    <TimeCreated SystemTime="2026-03-20T09:52:00.0000000Z" />
    <EventRecordID>24</EventRecordID>
    <Correlation />
    <Execution ProcessID="600" ThreadID="700" />
    <Channel>Security</Channel>
    <Computer>WIN-FS01</Computer>
    <Security UserID="S-1-5-18" />
  </System>
  <EventData>
    <Data Name="TargetUserName">jsmith</Data>
    <Data Name="IpAddress">10.20.0.1001</Data>
    <Data Name="LogonType">3</Data>
    <Data Name="LogonProcessName">NtLmSsp</Data>
  </EventData>
</Event>
<Event xmlns="http://schemas.microsoft.com/win/2004/08/events/event">
  <System>
    <Provider Name="Microsoft-Windows-Security-Auditing" Guid="{54849625-5478-4994-a5ba-3e3b0328c30d}" />
    <EventID>4624</EventID>
    <Version>1</Version>
    <Level>4</Level>
    <Task>1</Task>
    <Opcode>0</Opcode>
    <Keywords>0x8000000000000000</Keywords>
    <TimeCreated SystemTime="2026-03-20T09:57:00.0000000Z" />
    <EventRecordID>25</EventRecordID>
    <Correlation />
    <Execution ProcessID="600" ThreadID="700" />
    <Channel>Security</Channel>
    <Computer>WIN-FS01</Computer>
    <Security UserID="S-1-5-18" />
  </System>
  <EventData>
    <Data Name="TargetUserName">agarcia</Data>
    <Data Name="IpAddress">10.20.0.1002</Data>
    <Data Name="LogonType">3</Data>
    <Data Name="LogonProcessName">NtLmSsp</Data>
  </EventData>
</Event>
<Event xmlns="http://schemas.microsoft.com/win/2004/08/events/event">
  <System>
    <Provider Name="Microsoft-Windows-Security-Auditing" Guid="{54849625-5478-4994-a5ba-3e3b0328c30d}" />
    <EventID>4624</EventID>
    <Version>1</Version>
    <Level>4</Level>
    <Task>1</Task>
    <Opcode>0</Opcode>
    <Keywords>0x8000000000000000</Keywords>
    <TimeCreated SystemTime="2026-03-20T10:02:00.0000000Z" />
    <EventRecordID>26</EventRecordID>
    <Correlation />
    <Execution ProcessID="600" ThreadID="700" />
    <Channel>Security</Channel>
    <Computer>WIN-FS01</Computer>
    <Security UserID="S-1-5-18" />
  </System>
  <EventData>
    <Data Name="TargetUserName">jsmith</Data>
    <Data Name="IpAddress">10.20.0.1001</Data>
    <Data Name="LogonType">3</Data>
    <Data Name="LogonProcessName">NtLmSsp</Data>
  </EventData>
</Event>
<Event xmlns="http://schemas.microsoft.com/win/2004/08/events/event">
  <System>
    <Provider Name="Microsoft-Windows-Security-Auditing" Guid="{54849625-5478-4994-a5ba-3e3b0328c30d}" />
    <EventID>4624</EventID>
    <Version>1</Version>
    <Level>4</Level>
    <Task>1</Task>
    <Opcode>0</Opcode>
    <Keywords>0x8000000000000000</Keywords>
    <TimeCreated SystemTime="2026-03-20T10:06:00.0000000Z" />
    <EventRecordID>27</EventRecordID>
    <Correlation />
    <Execution ProcessID="600" ThreadID="700" />
    <Channel>Security</Channel>
    <Computer>WIN-FS01</Computer>
    <Security UserID="S-1-5-18" />
  </System>
  <EventData>
    <Data Name="TargetUserName">mchen</Data>
    <Data Name="IpAddress">10.20.0.1003</Data>
    <Data Name="LogonType">3</Data>
    <Data Name="LogonProcessName">NtLmSsp</Data>
  </EventData>
</Event>
<Event xmlns="http://schemas.microsoft.com/win/2004/08/events/event">
  <System>
    <Provider Name="Microsoft-Windows-Security-Auditing" Guid="{54849625-5478-4994-a5ba-3e3b0328c30d}" />
    <EventID>4624</EventID>
    <Version>1</Version>
    <Level>4</Level>
    <Task>1</Task>
    <Opcode>0</Opcode>
    <Keywords>0x8000000000000000</Keywords>
    <TimeCreated SystemTime="2026-03-20T10:11:00.0000000Z" />
    <EventRecordID>28</EventRecordID>
    <Correlation />
    <Execution ProcessID="600" ThreadID="700" />
    <Channel>Security</Channel>
    <Computer>WIN-FS01</Computer>
    <Security UserID="S-1-5-18" />
  </System>
  <EventData>
    <Data Name="TargetUserName">jsmith</Data>
    <Data Name="IpAddress">10.20.0.1001</Data>
    <Data Name="LogonType">3</Data>
    <Data Name="LogonProcessName">NtLmSsp</Data>
  </EventData>
</Event>
<Event xmlns="http://schemas.microsoft.com/win/2004/08/events/event">
  <System>
    <Provider Name="Microsoft-Windows-Security-Auditing" Guid="{54849625-5478-4994-a5ba-3e3b0328c30d}" />
    <EventID>4624</EventID>
    <Version>1</Version>
    <Level>4</Level>
    <Task>1</Task>
    <Opcode>0</Opcode>
    <Keywords>0x8000000000000000</Keywords>
    <TimeCreated SystemTime="2026-03-20T10:14:00.0000000Z" />
    <EventRecordID>29</EventRecordID>
    <Correlation />
    <Execution ProcessID="600" ThreadID="700" />
    <Channel>Security</Channel>
    <Computer>WIN-FS01</Computer>
    <Security UserID="S-1-5-18" />
  </System>
  <EventData>
    <Data Name="TargetUserName">rpatel</Data>
    <Data Name="IpAddress">10.20.0.1004</Data>
    <Data Name="LogonType">3</Data>
    <Data Name="LogonProcessName">NtLmSsp</Data>
  </EventData>
</Event>
<Event xmlns="http://schemas.microsoft.com/win/2004/08/events/event">
  <System>
    <Provider Name="Microsoft-Windows-Security-Auditing" Guid="{54849625-5478-4994-a5ba-3e3b0328c30d}" />
    <EventID>4625</EventID>
    <Version>1</Version>
    <Level>4</Level>
    <Task>1</Task>
    <Opcode>0</Opcode>
    <Keywords>0x8000000000000000</Keywords>
    <TimeCreated SystemTime="2026-03-20T11:14:25.0000000Z" />
    <EventRecordID>30</EventRecordID>
    <Correlation />
    <Execution ProcessID="600" ThreadID="700" />
    <Channel>Security</Channel>
    <Computer>WIN-DC01</Computer>
    <Security UserID="S-1-5-18" />
  </System>
  <EventData>
    <Data Name="TargetUserName">admin01</Data>
    <Data Name="IpAddress">203.0.113.44</Data>
    <Data Name="LogonType">3</Data>
    <Data Name="FailureReason">Unknown user name or bad password.</Data>
    <Data Name="Status">0xC000006D</Data>
    <Data Name="SubStatus">0xC000006A</Data>
  </EventData>
</Event>
<Event xmlns="http://schemas.microsoft.com/win/2004/08/events/event">
  <System>
    <Provider Name="Microsoft-Windows-Security-Auditing" Guid="{54849625-5478-4994-a5ba-3e3b0328c30d}" />
    <EventID>4625</EventID>
    <Version>1</Version>
    <Level>4</Level>
    <Task>1</Task>
    <Opcode>0</Opcode>
    <Keywords>0x8000000000000000</Keywords>
    <TimeCreated SystemTime="2026-03-20T11:14:50.0000000Z" />
    <EventRecordID>31</EventRecordID>
    <Correlation />
    <Execution ProcessID="600" ThreadID="700" />
    <Channel>Security</Channel>
    <Computer>WIN-DC01</Computer>
    <Security UserID="S-1-5-18" />
  </System>
  <EventData>
    <Data Name="TargetUserName">admin01</Data>
    <Data Name="IpAddress">203.0.113.44</Data>
    <Data Name="LogonType">3</Data>
    <Data Name="FailureReason">Unknown user name or bad password.</Data>
    <Data Name="Status">0xC000006D</Data>
    <Data Name="SubStatus">0xC000006A</Data>
  </EventData>
</Event>
<Event xmlns="http://schemas.microsoft.com/win/2004/08/events/event">
  <System>
    <Provider Name="Microsoft-Windows-Security-Auditing" Guid="{54849625-5478-4994-a5ba-3e3b0328c30d}" />
    <EventID>4625</EventID>
    <Version>1</Version>
    <Level>4</Level>
    <Task>1</Task>
    <Opcode>0</Opcode>
    <Keywords>0x8000000000000000</Keywords>
    <TimeCreated SystemTime="2026-03-20T11:15:15.0000000Z" />
    <EventRecordID>32</EventRecordID>
    <Correlation />
    <Execution ProcessID="600" ThreadID="700" />
    <Channel>Security</Channel>
    <Computer>WIN-DC01</Computer>
    <Security UserID="S-1-5-18" />
  </System>
  <EventData>
    <Data Name="TargetUserName">admin01</Data>
    <Data Name="IpAddress">203.0.113.44</Data>
    <Data Name="LogonType">3</Data>
    <Data Name="FailureReason">Unknown user name or bad password.</Data>
    <Data Name="Status">0xC000006D</Data>
    <Data Name="SubStatus">0xC000006A</Data>
  </EventData>
</Event>
<Event xmlns="http://schemas.microsoft.com/win/2004/08/events/event">
  <System>
    <Provider Name="Microsoft-Windows-Security-Auditing" Guid="{54849625-5478-4994-a5ba-3e3b0328c30d}" />
    <EventID>4625</EventID>
    <Version>1</Version>
    <Level>4</Level>
    <Task>1</Task>
    <Opcode>0</Opcode>
    <Keywords>0x8000000000000000</Keywords>
    <TimeCreated SystemTime="2026-03-20T11:15:40.0000000Z" />
    <EventRecordID>33</EventRecordID>
    <Correlation />
    <Execution ProcessID="600" ThreadID="700" />
    <Channel>Security</Channel>
    <Computer>WIN-DC01</Computer>
    <Security UserID="S-1-5-18" />
  </System>
  <EventData>
    <Data Name="TargetUserName">admin01</Data>
    <Data Name="IpAddress">203.0.113.44</Data>
    <Data Name="LogonType">3</Data>
    <Data Name="FailureReason">Unknown user name or bad password.</Data>
    <Data Name="Status">0xC000006D</Data>
    <Data Name="SubStatus">0xC000006A</Data>
  </EventData>
</Event>
<Event xmlns="http://schemas.microsoft.com/win/2004/08/events/event">
  <System>
    <Provider Name="Microsoft-Windows-Security-Auditing" Guid="{54849625-5478-4994-a5ba-3e3b0328c30d}" />
    <EventID>4625</EventID>
    <Version>1</Version>
    <Level>4</Level>
    <Task>1</Task>
    <Opcode>0</Opcode>
    <Keywords>0x8000000000000000</Keywords>
    <TimeCreated SystemTime="2026-03-20T11:16:05.0000000Z" />
    <EventRecordID>34</EventRecordID>
    <Correlation />
    <Execution ProcessID="600" ThreadID="700" />
    <Channel>Security</Channel>
    <Computer>WIN-DC01</Computer>
    <Security UserID="S-1-5-18" />
  </System>
  <EventData>
    <Data Name="TargetUserName">admin01</Data>
    <Data Name="IpAddress">203.0.113.44</Data>
    <Data Name="LogonType">3</Data>
    <Data Name="FailureReason">Unknown user name or bad password.</Data>
    <Data Name="Status">0xC000006D</Data>
    <Data Name="SubStatus">0xC000006A</Data>
  </EventData>
</Event>
<Event xmlns="http://schemas.microsoft.com/win/2004/08/events/event">
  <System>
    <Provider Name="Microsoft-Windows-Security-Auditing" Guid="{54849625-5478-4994-a5ba-3e3b0328c30d}" />
    <EventID>4625</EventID>
    <Version>1</Version>
    <Level>4</Level>
    <Task>1</Task>
    <Opcode>0</Opcode>
    <Keywords>0x8000000000000000</Keywords>
    <TimeCreated SystemTime="2026-03-20T11:16:30.0000000Z" />
    <EventRecordID>35</EventRecordID>
    <Correlation />
    <Execution ProcessID="600" ThreadID="700" />
    <Channel>Security</Channel>
    <Computer>WIN-DC01</Computer>
    <Security UserID="S-1-5-18" />
  </System>
  <EventData>
    <Data Name="TargetUserName">admin01</Data>
    <Data Name="IpAddress">203.0.113.44</Data>
    <Data Name="LogonType">3</Data>
    <Data Name="FailureReason">Unknown user name or bad password.</Data>
    <Data Name="Status">0xC000006D</Data>
    <Data Name="SubStatus">0xC000006A</Data>
  </EventData>
</Event>
<Event xmlns="http://schemas.microsoft.com/win/2004/08/events/event">
  <System>
    <Provider Name="Microsoft-Windows-Security-Auditing" Guid="{54849625-5478-4994-a5ba-3e3b0328c30d}" />
    <EventID>4625</EventID>
    <Version>1</Version>
    <Level>4</Level>
    <Task>1</Task>
    <Opcode>0</Opcode>
    <Keywords>0x8000000000000000</Keywords>
    <TimeCreated SystemTime="2026-03-20T11:16:55.0000000Z" />
    <EventRecordID>36</EventRecordID>
    <Correlation />
    <Execution ProcessID="600" ThreadID="700" />
    <Channel>Security</Channel>
    <Computer>WIN-DC01</Computer>
    <Security UserID="S-1-5-18" />
  </System>
  <EventData>
    <Data Name="TargetUserName">admin01</Data>
    <Data Name="IpAddress">203.0.113.44</Data>
    <Data Name="LogonType">3</Data>
    <Data Name="FailureReason">Unknown user name or bad password.</Data>
    <Data Name="Status">0xC000006D</Data>
    <Data Name="SubStatus">0xC000006A</Data>
  </EventData>
</Event>
<Event xmlns="http://schemas.microsoft.com/win/2004/08/events/event">
  <System>
    <Provider Name="Microsoft-Windows-Security-Auditing" Guid="{54849625-5478-4994-a5ba-3e3b0328c30d}" />
    <EventID>4625</EventID>
    <Version>1</Version>
    <Level>4</Level>
    <Task>1</Task>
    <Opcode>0</Opcode>
    <Keywords>0x8000000000000000</Keywords>
    <TimeCreated SystemTime="2026-03-20T11:17:20.0000000Z" />
    <EventRecordID>37</EventRecordID>
    <Correlation />
    <Execution ProcessID="600" ThreadID="700" />
    <Channel>Security</Channel>
    <Computer>WIN-DC01</Computer>
    <Security UserID="S-1-5-18" />
  </System>
  <EventData>
    <Data Name="TargetUserName">admin01</Data>
    <Data Name="IpAddress">203.0.113.44</Data>
    <Data Name="LogonType">3</Data>
    <Data Name="FailureReason">Unknown user name or bad password.</Data>
    <Data Name="Status">0xC000006D</Data>
    <Data Name="SubStatus">0xC000006A</Data>
  </EventData>
</Event>
<Event xmlns="http://schemas.microsoft.com/win/2004/08/events/event">
  <System>
    <Provider Name="Microsoft-Windows-Security-Auditing" Guid="{54849625-5478-4994-a5ba-3e3b0328c30d}" />
    <EventID>4625</EventID>
    <Version>1</Version>
    <Level>4</Level>
    <Task>1</Task>
    <Opcode>0</Opcode>
    <Keywords>0x8000000000000000</Keywords>
    <TimeCreated SystemTime="2026-03-20T11:17:45.0000000Z" />
    <EventRecordID>38</EventRecordID>
    <Correlation />
    <Execution ProcessID="600" ThreadID="700" />
    <Channel>Security</Channel>
    <Computer>WIN-DC01</Computer>
    <Security UserID="S-1-5-18" />
  </System>
  <EventData>
    <Data Name="TargetUserName">admin01</Data>
    <Data Name="IpAddress">203.0.113.44</Data>
    <Data Name="LogonType">3</Data>
    <Data Name="FailureReason">Unknown user name or bad password.</Data>
    <Data Name="Status">0xC000006D</Data>
    <Data Name="SubStatus">0xC000006A</Data>
  </EventData>
</Event>
<Event xmlns="http://schemas.microsoft.com/win/2004/08/events/event">
  <System>
    <Provider Name="Microsoft-Windows-Security-Auditing" Guid="{54849625-5478-4994-a5ba-3e3b0328c30d}" />
    <EventID>4625</EventID>
    <Version>1</Version>
    <Level>4</Level>
    <Task>1</Task>
    <Opcode>0</Opcode>
    <Keywords>0x8000000000000000</Keywords>
    <TimeCreated SystemTime="2026-03-20T11:18:10.0000000Z" />
    <EventRecordID>39</EventRecordID>
    <Correlation />
    <Execution ProcessID="600" ThreadID="700" />
    <Channel>Security</Channel>
    <Computer>WIN-DC01</Computer>
    <Security UserID="S-1-5-18" />
  </System>
  <EventData>
    <Data Name="TargetUserName">admin01</Data>
    <Data Name="IpAddress">203.0.113.44</Data>
    <Data Name="LogonType">3</Data>
    <Data Name="FailureReason">Unknown user name or bad password.</Data>
    <Data Name="Status">0xC000006D</Data>
    <Data Name="SubStatus">0xC000006A</Data>
  </EventData>
</Event>
<Event xmlns="http://schemas.microsoft.com/win/2004/08/events/event">
  <System>
    <Provider Name="Microsoft-Windows-Security-Auditing" Guid="{54849625-5478-4994-a5ba-3e3b0328c30d}" />
    <EventID>4625</EventID>
    <Version>1</Version>
    <Level>4</Level>
    <Task>1</Task>
    <Opcode>0</Opcode>
    <Keywords>0x8000000000000000</Keywords>
    <TimeCreated SystemTime="2026-03-20T11:18:35.0000000Z" />
    <EventRecordID>40</EventRecordID>
    <Correlation />
    <Execution ProcessID="600" ThreadID="700" />
    <Channel>Security</Channel>
    <Computer>WIN-DC01</Computer>
    <Security UserID="S-1-5-18" />
  </System>
  <EventData>
    <Data Name="TargetUserName">admin01</Data>
    <Data Name="IpAddress">203.0.113.44</Data>
    <Data Name="LogonType">3</Data>
    <Data Name="FailureReason">Unknown user name or bad password.</Data>
    <Data Name="Status">0xC000006D</Data>
    <Data Name="SubStatus">0xC000006A</Data>
  </EventData>
</Event>
<Event xmlns="http://schemas.microsoft.com/win/2004/08/events/event">
  <System>
    <Provider Name="Microsoft-Windows-Security-Auditing" Guid="{54849625-5478-4994-a5ba-3e3b0328c30d}" />
    <EventID>4625</EventID>
    <Version>1</Version>
    <Level>4</Level>
    <Task>1</Task>
    <Opcode>0</Opcode>
    <Keywords>0x8000000000000000</Keywords>
    <TimeCreated SystemTime="2026-03-20T11:20:35.0000000Z" />
    <EventRecordID>41</EventRecordID>
    <Correlation />
    <Execution ProcessID="600" ThreadID="700" />
    <Channel>Security</Channel>
    <Computer>WIN-DC01</Computer>
    <Security UserID="S-1-5-18" />
  </System>
  <EventData>
    <Data Name="TargetUserName">svc_backup</Data>
    <Data Name="IpAddress">203.0.113.44</Data>
    <Data Name="LogonType">3</Data>
    <Data Name="FailureReason">Unknown user name or bad password.</Data>
    <Data Name="Status">0xC000006D</Data>
    <Data Name="SubStatus">0xC000006A</Data>
  </EventData>
</Event>
<Event xmlns="http://schemas.microsoft.com/win/2004/08/events/event">
  <System>
    <Provider Name="Microsoft-Windows-Security-Auditing" Guid="{54849625-5478-4994-a5ba-3e3b0328c30d}" />
    <EventID>4624</EventID>
    <Version>1</Version>
    <Level>4</Level>
    <Task>1</Task>
    <Opcode>0</Opcode>
    <Keywords>0x8000000000000000</Keywords>
    <TimeCreated SystemTime="2026-03-20T11:21:05.0000000Z" />
    <EventRecordID>42</EventRecordID>
    <Correlation />
    <Execution ProcessID="600" ThreadID="700" />
    <Channel>Security</Channel>
    <Computer>WIN-DC01</Computer>
    <Security UserID="S-1-5-18" />
  </System>
  <EventData>
    <Data Name="TargetUserName">svc_backup</Data>
    <Data Name="IpAddress">203.0.113.44</Data>
    <Data Name="LogonType">3</Data>
    <Data Name="LogonProcessName">NtLmSsp</Data>
  </EventData>
</Event>
<Event xmlns="http://schemas.microsoft.com/win/2004/08/events/event">
  <System>
    <Provider Name="Microsoft-Windows-Sysmon" Guid="{5770385f-c22a-43e0-bf4c-06f5698ffbd9}" />
    <EventID>1</EventID>
    <Version>1</Version>
    <Level>4</Level>
    <Task>1</Task>
    <Opcode>0</Opcode>
    <Keywords>0x8000000000000000</Keywords>
    <TimeCreated SystemTime="2026-03-20T11:29:05.0000000Z" />
    <EventRecordID>43</EventRecordID>
    <Correlation />
    <Execution ProcessID="600" ThreadID="700" />
    <Channel>Microsoft-Windows-Sysmon/Operational</Channel>
    <Computer>WIN-PC004</Computer>
    <Security UserID="S-1-5-18" />
  </System>
  <EventData>
    <Data Name="UtcTime">2026-03-20 11:29:05.000</Data>
    <Data Name="ProcessGuid">{c1556a5d-cbcb-4ea6-9778-ba51a6a8960a}</Data>
    <Data Name="ProcessId">10043</Data>
    <Data Name="Image">C:\Windows\explorer.exe</Data>
    <Data Name="CommandLine" />
    <Data Name="CurrentDirectory">C:\Users\rpatel\</Data>
    <Data Name="User">SCFS\rpatel</Data>
    <Data Name="ParentProcessGuid">{ae392762-9d7e-4f97-a29a-85feb4883baa}</Data>
    <Data Name="ParentImage">C:\Windows\explorer.exe</Data>
    <Data Name="ParentCommandLine" />
  </EventData>
</Event>
<Event xmlns="http://schemas.microsoft.com/win/2004/08/events/event">
  <System>
    <Provider Name="Microsoft-Windows-Sysmon" Guid="{5770385f-c22a-43e0-bf4c-06f5698ffbd9}" />
    <EventID>1</EventID>
    <Version>1</Version>
    <Level>4</Level>
    <Task>1</Task>
    <Opcode>0</Opcode>
    <Keywords>0x8000000000000000</Keywords>
    <TimeCreated SystemTime="2026-03-20T11:32:05.0000000Z" />
    <EventRecordID>44</EventRecordID>
    <Correlation />
    <Execution ProcessID="600" ThreadID="700" />
    <Channel>Microsoft-Windows-Sysmon/Operational</Channel>
    <Computer>WIN-PC003</Computer>
    <Security UserID="S-1-5-18" />
  </System>
  <EventData>
    <Data Name="UtcTime">2026-03-20 11:32:05.000</Data>
    <Data Name="ProcessGuid">{36be11dd-0106-44b0-88dd-28670a18ae89}</Data>
    <Data Name="ProcessId">10044</Data>
    <Data Name="Image">C:\Windows\explorer.exe</Data>
    <Data Name="CommandLine" />
    <Data Name="CurrentDirectory">C:\Users\mchen\</Data>
    <Data Name="User">SCFS\mchen</Data>
    <Data Name="ParentProcessGuid">{fec7130c-3f58-42d1-96f6-cea2450328ab}</Data>
    <Data Name="ParentImage">C:\Windows\explorer.exe</Data>
    <Data Name="ParentCommandLine" />
  </EventData>
</Event>
<Event xmlns="http://schemas.microsoft.com/win/2004/08/events/event">
  <System>
    <Provider Name="Microsoft-Windows-Sysmon" Guid="{5770385f-c22a-43e0-bf4c-06f5698ffbd9}" />
    <EventID>1</EventID>
    <Version>1</Version>
    <Level>4</Level>
    <Task>1</Task>
    <Opcode>0</Opcode>
    <Keywords>0x8000000000000000</Keywords>
    <TimeCreated SystemTime="2026-03-20T11:35:05.0000000Z" />
    <EventRecordID>45</EventRecordID>
    <Correlation />
    <Execution ProcessID="600" ThreadID="700" />
    <Channel>Microsoft-Windows-Sysmon/Operational</Channel>
    <Computer>WIN-PC004</Computer>
    <Security UserID="S-1-5-18" />
  </System>
  <EventData>
    <Data Name="UtcTime">2026-03-20 11:35:05.000</Data>
    <Data Name="ProcessGuid">{89e93462-8e1b-46f8-ae18-8c47f061980d}</Data>
    <Data Name="ProcessId">10045</Data>
    <Data Name="Image">C:\Windows\explorer.exe</Data>
    <Data Name="CommandLine" />
    <Data Name="CurrentDirectory">C:\Users\rpatel\</Data>
    <Data Name="User">SCFS\rpatel</Data>
    <Data Name="ParentProcessGuid">{2bc3e944-6810-4d9c-9c6c-4e2fb7362943}</Data>
    <Data Name="ParentImage">C:\Windows\explorer.exe</Data>
    <Data Name="ParentCommandLine" />
  </EventData>
</Event>
<Event xmlns="http://schemas.microsoft.com/win/2004/08/events/event">
  <System>
    <Provider Name="Microsoft-Windows-Sysmon" Guid="{5770385f-c22a-43e0-bf4c-06f5698ffbd9}" />
    <EventID>1</EventID>
    <Version>1</Version>
    <Level>4</Level>
    <Task>1</Task>
    <Opcode>0</Opcode>
    <Keywords>0x8000000000000000</Keywords>
    <TimeCreated SystemTime="2026-03-20T11:39:05.0000000Z" />
    <EventRecordID>46</EventRecordID>
    <Correlation />
    <Execution ProcessID="600" ThreadID="700" />
    <Channel>Microsoft-Windows-Sysmon/Operational</Channel>
    <Computer>WIN-PC001</Computer>
    <Security UserID="S-1-5-18" />
  </System>
  <EventData>
    <Data Name="UtcTime">2026-03-20 11:39:05.000</Data>
    <Data Name="ProcessGuid">{2f470e56-1e6a-425b-9a3f-1922ed84c36e}</Data>
    <Data Name="ProcessId">10046</Data>
    <Data Name="Image">C:\Windows\explorer.exe</Data>
    <Data Name="CommandLine" />
    <Data Name="CurrentDirectory">C:\Users\jsmith\</Data>
    <Data Name="User">SCFS\jsmith</Data>
    <Data Name="ParentProcessGuid">{19f0ffc8-39ca-4c50-b78e-4755e81b149a}</Data>
    <Data Name="ParentImage">C:\Windows\explorer.exe</Data>
    <Data Name="ParentCommandLine" />
  </EventData>
</Event>
<Event xmlns="http://schemas.microsoft.com/win/2004/08/events/event">
  <System>
    <Provider Name="Microsoft-Windows-Sysmon" Guid="{5770385f-c22a-43e0-bf4c-06f5698ffbd9}" />
    <EventID>1</EventID>
    <Version>1</Version>
    <Level>4</Level>
    <Task>1</Task>
    <Opcode>0</Opcode>
    <Keywords>0x8000000000000000</Keywords>
    <TimeCreated SystemTime="2026-03-20T11:44:05.0000000Z" />
    <EventRecordID>47</EventRecordID>
    <Correlation />
    <Execution ProcessID="600" ThreadID="700" />
    <Channel>Microsoft-Windows-Sysmon/Operational</Channel>
    <Computer>WIN-PC004</Computer>
    <Security UserID="S-1-5-18" />
  </System>
  <EventData>
    <Data Name="UtcTime">2026-03-20 11:44:05.000</Data>
    <Data Name="ProcessGuid">{803c7de3-f775-4c4b-a2f1-5d4716edad34}</Data>
    <Data Name="ProcessId">10047</Data>
    <Data Name="Image">C:\Windows\explorer.exe</Data>
    <Data Name="CommandLine" />
    <Data Name="CurrentDirectory">C:\Users\rpatel\</Data>
    <Data Name="User">SCFS\rpatel</Data>
    <Data Name="ParentProcessGuid">{65ca96d2-26ca-4a3c-ac6e-60bb270b8d00}</Data>
    <Data Name="ParentImage">C:\Windows\explorer.exe</Data>
    <Data Name="ParentCommandLine" />
  </EventData>
</Event>
