<Event xmlns="http://schemas.microsoft.com/win/2004/08/events/event"><System><Provider Name="Microsoft-Windows-Security-Auditing" Guid="{54849625-5478-4994-A5BA-3E3B0328C30D}" /><EventID>4625</EventID><Version>1</Version><Level>4</Level><Task>1</Task><Opcode>0</Opcode><Keywords>0x8000000000000000</Keywords><TimeCreated SystemTime="2026-02-17T09:48:00.0000000Z" /><EventRecordID>55</EventRecordID><Correlation /><Execution ProcessID="600" ThreadID="700" /><Channel>Security</Channel><Computer>WIN-WKS04</Computer><Security UserID="S-1-5-18" /></System><EventData><Data Name="TargetUserName">asmith</Data><Data Name="LogonType">3</Data><Data Name="IpAddress">10.10.10.99</Data><Data Name="FailureReason">Unknown user name or bad password</Data></EventData></Event>
  <Event xmlns="http://schemas.microsoft.com/win/2004/08/events/event"><System><Provider Name="Microsoft-Windows-Security-Auditing" Guid="{54849625-5478-4994-A5BA-3E3B0328C30D}" /><EventID>4624</EventID><Version>1</Version><Level>4</Level><Task>1</Task><Opcode>0</Opcode><Keywords>0x8000000000000000</Keywords><TimeCreated SystemTime="2026-02-17T09:51:00.0000000Z" /><EventRecordID>56</EventRecordID><Correlation /><Execution ProcessID="600" ThreadID="700" /><Channel>Security</Channel><Computer>WIN-WKS04</Computer><Security UserID="S-1-5-18" /></System><EventData><Data Name="TargetUserName">jdoe</Data><Data Name="LogonType">3</Data><Data Name="IpAddress">10.10.10.25</Data></EventData></Event>
  <Event xmlns="http://schemas.microsoft.com/win/2004/08/events/event"><System><Provider Name="Microsoft-Windows-Sysmon" Guid="{5770385f-c22a-43e0-bf4c-06f5698ffbd9}" /><EventID>12</EventID><Version>1</Version><Level>4</Level><Task>1</Task><Opcode>0</Opcode><Keywords>0x8000000000000000</Keywords><TimeCreated SystemTime="2026-02-17T09:52:00.0000000Z" /><EventRecordID>57</EventRecordID><Correlation /><Execution ProcessID="600" ThreadID="700" /><Channel>Microsoft-Windows-Sysmon/Operational</Channel><Computer>WIN-WKS02</Computer><Security UserID="S-1-5-18" /></System><EventData><Data Name="EventType">CreateKey</Data><Data Name="TargetObject">HKCU\\Software\\Microsoft\\Windows\\CurrentVersion\\Run\\CorpUpdater</Data></EventData></Event>
  <Event xmlns="http://schemas.microsoft.com/win/2004/08/events/event"><System><Provider Name="Microsoft-Windows-Security-Auditing" Guid="{54849625-5478-4994-A5BA-3E3B0328C30D}" /><EventID>4732</EventID><Version>1</Version><Level>4</Level><Task>1</Task><Opcode>0</Opcode><Keywords>0x8000000000000000</Keywords><TimeCreated SystemTime="2026-02-17T09:54:00.0000000Z" /><EventRecordID>58</EventRecordID><Correlation /><Execution ProcessID="600" ThreadID="700" /><Channel>Security</Channel><Computer>WIN-WKS04</Computer><Security UserID="S-1-5-18" /></System><EventData><Data Name="MemberName">CORP\bwilson</Data><Data Name="TargetUserName">Remote Desktop Users</Data></EventData></Event>
  <Event xmlns="http://schemas.microsoft.com/win/2004/08/events/event"><System><Provider Name="Microsoft-Windows-Sysmon" Guid="{5770385f-c22a-43e0-bf4c-06f5698ffbd9}" /><EventID>6</EventID><Version>1</Version><Level>4</Level><Task>1</Task><Opcode>0</Opcode><Keywords>0x8000000000000000</Keywords><TimeCreated SystemTime="2026-02-17T09:57:00.0000000Z" /><EventRecordID>59</EventRecordID><Correlation /><Execution ProcessID="600" ThreadID="700" /><Channel>Microsoft-Windows-Sysmon/Operational</Channel><Computer>WIN-WKS04</Computer><Security UserID="S-1-5-18" /></System><EventData><Data Name="UtcTime">2026-02-17 09:57:00.000</Data><Data Name="ImageLoaded">C:\Windows\System32\drivers\netio.sys</Data></EventData></Event>
  <Event xmlns="http://schemas.microsoft.com/win/2004/08/events/event"><System><Provider Name="Microsoft-Windows-Sysmon" Guid="{5770385f-c22a-43e0-bf4c-06f5698ffbd9}" /><EventID>1</EventID><Version>1</Version><Level>4</Level><Task>1</Task><Opcode>0</Opcode><Keywords>0x8000000000000000</Keywords><TimeCreated SystemTime="2026-02-17T09:59:00.0000000Z" /><EventRecordID>60</EventRecordID><Correlation /><Execution ProcessID="600" ThreadID="700" /><Channel>Microsoft-Windows-Sysmon/Operational</Channel><Computer>WIN-WKS01</Computer><Security UserID="S-1-5-18" /></System><EventData><Data Name="UtcTime">2026-02-17 09:59:00.000</Data><Data Name="ProcessGuid">{10dcc70327c895fbbbd82d7c091bfd8e}</Data><Data Name="ProcessId">3261</Data><Data Name="Image">C:\Windows\System32\cmd.exe</Data><Data Name="CommandLine">cmd.exe</Data><Data Name="CurrentDirectory">C:\Users\slee\</Data><Data Name="User">CORP\slee</Data><Data Name="ParentProcessGuid">{fb902c3c658112eb0b6a799aaa8359e7}</Data><Data Name="ParentImage">C:\Windows\explorer.exe</Data><Data Name="ParentCommandLine"></Data></EventData></Event>
  <Event xmlns="http://schemas.microsoft.com/win/2004/08/events/event"><System><Provider Name="Microsoft-Windows-Security-Auditing" Guid="{54849625-5478-4994-A5BA-3E3B0328C30D}" /><EventID>4625</EventID><Version>1</Version><Level>4</Level><Task>1</Task><Opcode>0</Opcode><Keywords>0x8000000000000000</Keywords><TimeCreated SystemTime="2026-02-17T10:00:00.0000000Z" /><EventRecordID>61</EventRecordID><Correlation /><Execution ProcessID="600" ThreadID="700" /><Channel>Security</Channel><Computer>WIN-WKS02</Computer><Security UserID="S-1-5-18" /></System><EventData><Data Name="TargetUserName">bwilson</Data><Data Name="LogonType">3</Data><Data Name="IpAddress">10.10.40.22</Data><Data Name="FailureReason">Unknown user name or bad password</Data></EventData></Event>
  <Event xmlns="http://schemas.microsoft.com/win/2004/08/events/event"><System><Provider Name="Microsoft-Windows-Security-Auditing" Guid="{54849625-5478-4994-A5BA-3E3B0328C30D}" /><EventID>4728</EventID><Version>1</Version><Level>4</Level><Task>1</Task><Opcode>0</Opcode><Keywords>0x8000000000000000</Keywords><TimeCreated SystemTime="2026-02-17T10:03:00.0000000Z" /><EventRecordID>62</EventRecordID><Correlation /><Execution ProcessID="600" ThreadID="700" /><Channel>Security</Channel><Computer>WIN-WKS02</Computer><Security UserID="S-1-5-18" /></System><EventData><Data Name="MemberName">CORP\mchen</Data><Data Name="TargetUserName">Administrators</Data></EventData></Event>
  <Event xmlns="http://schemas.microsoft.com/win/2004/08/events/event"><System><Provider Name="Microsoft-Windows-Security-Auditing" Guid="{54849625-5478-4994-A5BA-3E3B0328C30D}" /><EventID>4672</EventID><Version>1</Version><Level>4</Level><Task>1</Task><Opcode>0</Opcode><Keywords>0x8000000000000000</Keywords><TimeCreated SystemTime="2026-02-17T10:04:00.0000000Z" /><EventRecordID>63</EventRecordID><Correlation /><Execution ProcessID="600" ThreadID="700" /><Channel>Security</Channel><Computer>WIN-WKS02</Computer><Security UserID="S-1-5-18" /></System><EventData><Data Name="SubjectUserName">CORP\bwilson</Data><Data Name="Privileges">SeDebugPrivilege;SeBackupPrivilege;SeRestorePrivilege</Data></EventData></Event>
  <Event xmlns="http://schemas.microsoft.com/win/2004/08/events/event"><System><Provider Name="Microsoft-Windows-Sysmon" Guid="{5770385f-c22a-43e0-bf4c-06f5698ffbd9}" /><EventID>1</EventID><Version>1</Version><Level>4</Level><Task>1</Task><Opcode>0</Opcode><Keywords>0x8000000000000000</Keywords><TimeCreated SystemTime="2026-02-17T10:07:00.0000000Z" /><EventRecordID>64</EventRecordID><Correlation /><Execution ProcessID="600" ThreadID="700" /><Channel>Microsoft-Windows-Sysmon/Operational</Channel><Computer>WIN-WKS03</Computer><Security UserID="S-1-5-18" /></System><EventData><Data Name="UtcTime">2026-02-17 10:07:00.000</Data><Data Name="ProcessGuid">{a0ccdf9d0c4a8bbd35432e4651fe92c3}</Data><Data Name="ProcessId">6488</Data><Data Name="Image">C:\Windows\explorer.exe</Data><Data Name="CommandLine">explorer.exe</Data><Data Name="CurrentDirectory">C:\Users\slee\</Data><Data Name="User">CORP\slee</Data><Data Name="ParentProcessGuid">{fee91420e2a01332bd390a0e51d1a8f2}</Data><Data Name="ParentImage">C:\Windows\System32\svchost.exe</Data><Data Name="ParentCommandLine"></Data></EventData></Event>
  <Event xmlns="http://schemas.microsoft.com/win/2004/08/events/event"><System><Provider Name="Microsoft-Windows-Sysmon" Guid="{5770385f-c22a-43e0-bf4c-06f5698ffbd9}" /><EventID>1</EventID><Version>1</Version><Level>4</Level><Task>1</Task><Opcode>0</Opcode><Keywords>0x8000000000000000</Keywords><TimeCreated SystemTime="2026-02-17T10:08:00.0000000Z" /><EventRecordID>65</EventRecordID><Correlation /><Execution ProcessID="600" ThreadID="700" /><Channel>Microsoft-Windows-Sysmon/Operational</Channel><Computer>WIN-WKS04</Computer><Security UserID="S-1-5-18" /></System><EventData><Data Name="UtcTime">2026-02-17 10:08:00.000</Data><Data Name="ProcessGuid">{7c1c0385c05d5697241a3963ca1bc1a7}</Data><Data Name="ProcessId">13287</Data><Data Name="Image">C:\Windows\explorer.exe</Data><Data Name="CommandLine">explorer.exe</Data><Data Name="CurrentDirectory">C:\Users\mchen\</Data><Data Name="User">CORP\mchen</Data><Data Name="ParentProcessGuid">{a952ec301a85e1530b09f61b76e33e1f}</Data><Data Name="ParentImage">C:\Windows\System32\svchost.exe</Data><Data Name="ParentCommandLine"></Data></EventData></Event>
  <Event xmlns="http://schemas.microsoft.com/win/2004/08/events/event"><System><Provider Name="Microsoft-Windows-Security-Auditing" Guid="{54849625-5478-4994-A5BA-3E3B0328C30D}" /><EventID>4672</EventID><Version>1</Version><Level>4</Level><Task>1</Task><Opcode>0</Opcode><Keywords>0x8000000000000000</Keywords><TimeCreated SystemTime="2026-02-17T10:20:00.0000000Z" /><EventRecordID>78</EventRecordID><Correlation /><Execution ProcessID="600" ThreadID="700" /><Channel>Security</Channel><Computer>WIN-DC01</Computer><Security UserID="S-1-5-18" /></System><EventData><Data Name="SubjectUserName">CORP\jdoe</Data><Data Name="Privileges">SeDebugPrivilege;SeBackupPrivilege</Data></EventData></Event>
  <Event xmlns="http://schemas.microsoft.com/win/2004/08/events/event"><System><Provider Name="Microsoft-Windows-Security-Auditing" Guid="{54849625-5478-4994-A5BA-3E3B0328C30D}" /><EventID>4728</EventID><Version>1</Version><Level>4</Level><Task>1</Task><Opcode>0</Opcode><Keywords>0x8000000000000000</Keywords><TimeCreated SystemTime="2026-02-17T10:21:00.0000000Z" /><EventRecordID>79</EventRecordID><Correlation /><Execution ProcessID="600" ThreadID="700" /><Channel>Security</Channel><Computer>WIN-DC01</Computer><Security UserID="S-1-5-18" /></System><EventData><Data Name="MemberName">CORP\jdoe</Data><Data Name="TargetUserName">Domain Admins</Data></EventData></Event>
  <Event xmlns="http://schemas.microsoft.com/win/2004/08/events/event"><System><Provider Name="Microsoft-Windows-PowerShell" Guid="{54849625-5478-4994-A5BA-3E3B0328C30D}" /><EventID>4104</EventID><Version>1</Version><Level>4</Level><Task>1</Task><Opcode>0</Opcode><Keywords>0x8000000000000000</Keywords><TimeCreated SystemTime="2026-02-17T10:22:00.0000000Z" /><EventRecordID>80</EventRecordID><Correlation /><Execution ProcessID="600" ThreadID="700" /><Channel>Microsoft-Windows-PowerShell/Operational</Channel><Computer>WIN-DC01</Computer><Security UserID="S-1-5-18" /></System><EventData><Data Name="Message">Set-LocalUser -Name admin -Password (ConvertTo-SecureString "Temp123!" -AsPlainText -Force)</Data></EventData></Event>
  <Event xmlns="http://schemas.microsoft.com/win/2004/08/events/event"><System><Provider Name="Microsoft-Windows-Security-Auditing" Guid="{54849625-5478-4994-A5BA-3E3B0328C30D}" /><EventID>1101</EventID><Version>1</Version><Level>4</Level><Task>1</Task><Opcode>0</Opcode><Keywords>0x8000000000000000</Keywords><TimeCreated SystemTime="2026-02-17T10:23:00.0000000Z" /><EventRecordID>81</EventRecordID><Correlation /><Execution ProcessID="600" ThreadID="700" /><Channel>Security</Channel><Computer>WIN-DC01</Computer><Security UserID="S-1-5-18" /></System><EventData><Data Name="SubjectUserName">CORP\jdoe</Data><Data Name="BackupPath">-</Data></EventData></Event>
  <Event xmlns="http://schemas.microsoft.com/win/2004/08/events/event"><System><Provider Name="Microsoft-Windows-Sysmon" Guid="{5770385f-c22a-43e0-bf4c-06f5698ffbd9}" /><EventID>13</EventID><Version>1</Version><Level>4</Level><Task>1</Task><Opcode>0</Opcode><Keywords>0x8000000000000000</Keywords><TimeCreated SystemTime="2026-02-17T10:24:00.0000000Z" /><EventRecordID>82</EventRecordID><Correlation /><Execution ProcessID="600" ThreadID="700" /><Channel>Microsoft-Windows-Sysmon/Operational</Channel><Computer>WIN-DC01</Computer><Security UserID="S-1-5-18" /></System><EventData><Data Name="EventType">SetValue</Data><Data Name="TargetObject">HKLM\\SYSTEM\\CurrentControlSet\\Services\\SecurityService\\Start</Data><Data Name="Details">4</Data></EventData></Event>
</Events>
