<Event xmlns="http://schemas.microsoft.com/win/2004/08/events/event"><System><Provider Name="Microsoft-Windows-Sysmon" Guid="{5770385f-c22a-43e0-bf4c-06f5698ffbd9}" /><EventID>3</EventID><Version>1</Version><Level>4</Level><Task>1</Task><Opcode>0</Opcode><Keywords>0x8000000000000000</Keywords><TimeCreated SystemTime="2026-02-19T11:42:00.0000000Z" /><EventRecordID>2052</EventRecordID><Correlation /><Execution ProcessID="600" ThreadID="700" /><Channel>Microsoft-Windows-Sysmon/Operational</Channel><Computer>WIN-WKS03</Computer><Security UserID="S-1-5-18" /></System><EventData><Data Name="UtcTime">2026-02-19 11:42:00.000</Data><Data Name="Image">C:\Windows\System32\svchost.exe</Data><Data Name="SourceIp">10.10.10.25</Data><Data Name="SourcePort">57326</Data><Data Name="DestinationIp">10.10.20.10</Data><Data Name="DestinationPort">443</Data><Data Name="Protocol">tcp</Data></EventData></Event>
  <Event xmlns="http://schemas.microsoft.com/win/2004/08/events/event"><System><Provider Name="Microsoft-Windows-Security-Auditing" Guid="{54849625-5478-4994-A5BA-3E3B0328C30D}" /><EventID>1101</EventID><Version>1</Version><Level>4</Level><Task>1</Task><Opcode>0</Opcode><Keywords>0x8000000000000000</Keywords><TimeCreated SystemTime="2026-02-19T11:45:00.0000000Z" /><EventRecordID>2053</EventRecordID><Correlation /><Execution ProcessID="600" ThreadID="700" /><Channel>Security</Channel><Computer>WIN-WKS03</Computer><Security UserID="S-1-5-18" /></System><EventData><Data Name="SubjectUserName">CORP\jdoe</Data><Data Name="BackupPath">-</Data></EventData></Event>
  <Event xmlns="http://schemas.microsoft.com/win/2004/08/events/event"><System><Provider Name="Microsoft-Windows-Security-Auditing" Guid="{54849625-5478-4994-A5BA-3E3B0328C30D}" /><EventID>4624</EventID><Version>1</Version><Level>4</Level><Task>1</Task><Opcode>0</Opcode><Keywords>0x8000000000000000</Keywords><TimeCreated SystemTime="2026-02-19T11:47:00.0000000Z" /><EventRecordID>2054</EventRecordID><Correlation /><Execution ProcessID="600" ThreadID="700" /><Channel>Security</Channel><Computer>WIN-WKS04</Computer><Security UserID="S-1-5-18" /></System><EventData><Data Name="TargetUserName">mchen</Data><Data Name="LogonType">3</Data><Data Name="IpAddress">10.10.10.41</Data></EventData></Event>
  <Event xmlns="http://schemas.microsoft.com/win/2004/08/events/event"><System><Provider Name="Microsoft-Windows-Security-Auditing" Guid="{54849625-5478-4994-A5BA-3E3B0328C30D}" /><EventID>4624</EventID><Version>1</Version><Level>4</Level><Task>1</Task><Opcode>0</Opcode><Keywords>0x8000000000000000</Keywords><TimeCreated SystemTime="2026-02-19T11:49:00.0000000Z" /><EventRecordID>2055</EventRecordID><Correlation /><Execution ProcessID="600" ThreadID="700" /><Channel>Security</Channel><Computer>WIN-WKS03</Computer><Security UserID="S-1-5-18" /></System><EventData><Data Name="TargetUserName">jdoe</Data><Data Name="LogonType">10</Data><Data Name="IpAddress">10.10.10.25</Data></EventData></Event>
  <Event xmlns="http://schemas.microsoft.com/win/2004/08/events/event"><System><Provider Name="Microsoft-Windows-Sysmon" Guid="{5770385f-c22a-43e0-bf4c-06f5698ffbd9}" /><EventID>1</EventID><Version>1</Version><Level>4</Level><Task>1</Task><Opcode>0</Opcode><Keywords>0x8000000000000000</Keywords><TimeCreated SystemTime="2026-02-19T11:50:00.0000000Z" /><EventRecordID>2056</EventRecordID><Correlation /><Execution ProcessID="600" ThreadID="700" /><Channel>Microsoft-Windows-Sysmon/Operational</Channel><Computer>WIN-WKS03</Computer><Security UserID="S-1-5-18" /></System><EventData><Data Name="UtcTime">2026-02-19 11:50:00.000</Data><Data Name="ProcessGuid">{46012f2539e0d6064915f55508c75a90}</Data><Data Name="ProcessId">14977</Data><Data Name="Image">C:\Windows\System32\svchost.exe</Data><Data Name="CommandLine">svchost.exe</Data><Data Name="CurrentDirectory">C:\Users\jdoe\</Data><Data Name="User">CORP\jdoe</Data><Data Name="ParentProcessGuid">{5a2dfc153c1efceb90c3677763923732}</Data><Data Name="ParentImage">C:\Windows\System32\svchost.exe</Data><Data Name="ParentCommandLine"></Data></EventData></Event>
  <Event xmlns="http://schemas.microsoft.com/win/2004/08/events/event"><System><Provider Name="Microsoft-Windows-Sysmon" Guid="{5770385f-c22a-43e0-bf4c-06f5698ffbd9}" /><EventID>22</EventID><Version>1</Version><Level>4</Level><Task>1</Task><Opcode>0</Opcode><Keywords>0x8000000000000000</Keywords><TimeCreated SystemTime="2026-02-19T11:53:00.0000000Z" /><EventRecordID>2057</EventRecordID><Correlation /><Execution ProcessID="600" ThreadID="700" /><Channel>Microsoft-Windows-Sysmon/Operational</Channel><Computer>WIN-WKS04</Computer><Security UserID="S-1-5-18" /></System><EventData><Data Name="QueryName">cdn-update.example.com</Data><Data Name="QueryStatus">0</Data><Data Name="Image">C:\Windows\System32\svchost.exe</Data></EventData></Event>
  <Event xmlns="http://schemas.microsoft.com/win/2004/08/events/event"><System><Provider Name="Microsoft-Windows-Sysmon" Guid="{5770385f-c22a-43e0-bf4c-06f5698ffbd9}" /><EventID>3</EventID><Version>1</Version><Level>4</Level><Task>1</Task><Opcode>0</Opcode><Keywords>0x8000000000000000</Keywords><TimeCreated SystemTime="2026-02-19T11:54:00.0000000Z" /><EventRecordID>2058</EventRecordID><Correlation /><Execution ProcessID="600" ThreadID="700" /><Channel>Microsoft-Windows-Sysmon/Operational</Channel><Computer>WIN-WKS02</Computer><Security UserID="S-1-5-18" /></System><EventData><Data Name="UtcTime">2026-02-19 11:54:00.000</Data><Data Name="Image">C:\Windows\System32\svchost.exe</Data><Data Name="SourceIp">10.10.10.25</Data><Data Name="SourcePort">43124</Data><Data Name="DestinationIp">10.10.20.10</Data><Data Name="DestinationPort">443</Data><Data Name="Protocol">tcp</Data></EventData></Event>
  <Event xmlns="http://schemas.microsoft.com/win/2004/08/events/event"><System><Provider Name="Microsoft-Windows-Security-Auditing" Guid="{54849625-5478-4994-A5BA-3E3B0328C30D}" /><EventID>4672</EventID><Version>1</Version><Level>4</Level><Task>1</Task><Opcode>0</Opcode><Keywords>0x8000000000000000</Keywords><TimeCreated SystemTime="2026-02-19T11:56:00.0000000Z" /><EventRecordID>2059</EventRecordID><Correlation /><Execution ProcessID="600" ThreadID="700" /><Channel>Security</Channel><Computer>WIN-WKS02</Computer><Security UserID="S-1-5-18" /></System><EventData><Data Name="SubjectUserName">CORP\bwilson</Data><Data Name="Privileges">SeDebugPrivilege;SeBackupPrivilege;SeRestorePrivilege</Data></EventData></Event>
  <Event xmlns="http://schemas.microsoft.com/win/2004/08/events/event"><System><Provider Name="Microsoft-Windows-Sysmon" Guid="{5770385f-c22a-43e0-bf4c-06f5698ffbd9}" /><EventID>8</EventID><Version>1</Version><Level>4</Level><Task>1</Task><Opcode>0</Opcode><Keywords>0x8000000000000000</Keywords><TimeCreated SystemTime="2026-02-19T11:58:00.0000000Z" /><EventRecordID>2060</EventRecordID><Correlation /><Execution ProcessID="600" ThreadID="700" /><Channel>Microsoft-Windows-Sysmon/Operational</Channel><Computer>WIN-WKS04</Computer><Security UserID="S-1-5-18" /></System><EventData><Data Name="SourceImage">C:\Windows\System32\rundll32.exe</Data><Data Name="TargetImage">C:\Windows\System32\svchost.exe</Data><Data Name="StartAddress">0x00007FF8A1234000</Data></EventData></Event>
  <Event xmlns="http://schemas.microsoft.com/win/2004/08/events/event"><System><Provider Name="Microsoft-Windows-Sysmon" Guid="{5770385f-c22a-43e0-bf4c-06f5698ffbd9}" /><EventID>3</EventID><Version>1</Version><Level>4</Level><Task>1</Task><Opcode>0</Opcode><Keywords>0x8000000000000000</Keywords><TimeCreated SystemTime="2026-02-19T12:01:00.0000000Z" /><EventRecordID>2061</EventRecordID><Correlation /><Execution ProcessID="600" ThreadID="700" /><Channel>Microsoft-Windows-Sysmon/Operational</Channel><Computer>WIN-WKS02</Computer><Security UserID="S-1-5-18" /></System><EventData><Data Name="UtcTime">2026-02-19 12:01:00.000</Data><Data Name="Image">C:\Windows\System32\svchost.exe</Data><Data Name="SourceIp">10.10.10.25</Data><Data Name="SourcePort">40381</Data><Data Name="DestinationIp">10.10.20.10</Data><Data Name="DestinationPort">80</Data><Data Name="Protocol">tcp</Data></EventData></Event>
  <Event xmlns="http://schemas.microsoft.com/win/2004/08/events/event"><System><Provider Name="Microsoft-Windows-PowerShell" Guid="{54849625-5478-4994-A5BA-3E3B0328C30D}" /><EventID>4104</EventID><Version>1</Version><Level>4</Level><Task>1</Task><Opcode>0</Opcode><Keywords>0x8000000000000000</Keywords><TimeCreated SystemTime="2026-02-19T12:03:00.0000000Z" /><EventRecordID>2062</EventRecordID><Correlation /><Execution ProcessID="600" ThreadID="700" /><Channel>Microsoft-Windows-PowerShell/Operational</Channel><Computer>WIN-WKS01</Computer><Security UserID="S-1-5-18" /></System><EventData><Data Name="Message">Get-ChildItem C:\Users -Recurse</Data></EventData></Event>
  <Event xmlns="http://schemas.microsoft.com/win/2004/08/events/event"><System><Provider Name="Microsoft-Windows-Security-Auditing" Guid="{54849625-5478-4994-A5BA-3E3B0328C30D}" /><EventID>4723</EventID><Version>1</Version><Level>4</Level><Task>1</Task><Opcode>0</Opcode><Keywords>0x8000000000000000</Keywords><TimeCreated SystemTime="2026-02-19T12:04:00.0000000Z" /><EventRecordID>2063</EventRecordID><Correlation /><Execution ProcessID="600" ThreadID="700" /><Channel>Security</Channel><Computer>WIN-WKS01</Computer><Security UserID="S-1-5-18" /></System><EventData><Data Name="TargetUserName">slee</Data><Data Name="SubjectUserName">CORP\slee</Data></EventData></Event>
  <Event xmlns="http://schemas.microsoft.com/win/2004/08/events/event"><System><Provider Name="Microsoft-Windows-Sysmon" Guid="{5770385f-c22a-43e0-bf4c-06f5698ffbd9}" /><EventID>3</EventID><Version>1</Version><Level>4</Level><Task>1</Task><Opcode>0</Opcode><Keywords>0x8000000000000000</Keywords><TimeCreated SystemTime="2026-02-19T12:06:00.0000000Z" /><EventRecordID>2064</EventRecordID><Correlation /><Execution ProcessID="600" ThreadID="700" /><Channel>Microsoft-Windows-Sysmon/Operational</Channel><Computer>WIN-WKS03</Computer><Security UserID="S-1-5-18" /></System><EventData><Data Name="UtcTime">2026-02-19 12:06:00.000</Data><Data Name="Image">C:\Windows\System32\svchost.exe</Data><Data Name="SourceIp">10.10.10.25</Data><Data Name="SourcePort">50781</Data><Data Name="DestinationIp">8.8.8.8</Data><Data Name="DestinationPort">445</Data><Data Name="Protocol">tcp</Data></EventData></Event>
  <Event xmlns="http://schemas.microsoft.com/win/2004/08/events/event"><System><Provider Name="Microsoft-Windows-Sysmon" Guid="{5770385f-c22a-43e0-bf4c-06f5698ffbd9}" /><EventID>11</EventID><Version>1</Version><Level>4</Level><Task>1</Task><Opcode>0</Opcode><Keywords>0x8000000000000000</Keywords><TimeCreated SystemTime="2026-02-19T12:09:00.0000000Z" /><EventRecordID>2065</EventRecordID><Correlation /><Execution ProcessID="600" ThreadID="700" /><Channel>Microsoft-Windows-Sysmon/Operational</Channel><Computer>WIN-WKS04</Computer><Security UserID="S-1-5-18" /></System><EventData><Data Name="UtcTime">2026-02-19 12:09:00.000</Data><Data Name="Image">C:\Windows\System32\cmd.exe</Data><Data Name="TargetFilename">C:\Windows\Temp\update.exe</Data></EventData></Event>
  <Event xmlns="http://schemas.microsoft.com/win/2004/08/events/event"><System><Provider Name="Microsoft-Windows-Security-Auditing" Guid="{54849625-5478-4994-A5BA-3E3B0328C30D}" /><EventID>4672</EventID><Version>1</Version><Level>4</Level><Task>1</Task><Opcode>0</Opcode><Keywords>0x8000000000000000</Keywords><TimeCreated SystemTime="2026-02-19T12:20:00.0000000Z" /><EventRecordID>2078</EventRecordID><Correlation /><Execution ProcessID="600" ThreadID="700" /><Channel>Security</Channel><Computer>WIN-DC01</Computer><Security UserID="S-1-5-18" /></System><EventData><Data Name="SubjectUserName">CORP\jdoe</Data><Data Name="Privileges">SeDebugPrivilege;SeBackupPrivilege</Data></EventData></Event>
  <Event xmlns="http://schemas.microsoft.com/win/2004/08/events/event"><System><Provider Name="Microsoft-Windows-Security-Auditing" Guid="{54849625-5478-4994-A5BA-3E3B0328C30D}" /><EventID>4728</EventID><Version>1</Version><Level>4</Level><Task>1</Task><Opcode>0</Opcode><Keywords>0x8000000000000000</Keywords><TimeCreated SystemTime="2026-02-19T12:21:00.0000000Z" /><EventRecordID>2079</EventRecordID><Correlation /><Execution ProcessID="600" ThreadID="700" /><Channel>Security</Channel><Computer>WIN-DC01</Computer><Security UserID="S-1-5-18" /></System><EventData><Data Name="MemberName">CORP\jdoe</Data><Data Name="TargetUserName">Domain Admins</Data></EventData></Event>
  <Event xmlns="http://schemas.microsoft.com/win/2004/08/events/event"><System><Provider Name="Microsoft-Windows-PowerShell" Guid="{54849625-5478-4994-A5BA-3E3B0328C30D}" /><EventID>4104</EventID><Version>1</Version><Level>4</Level><Task>1</Task><Opcode>0</Opcode><Keywords>0x8000000000000000</Keywords><TimeCreated SystemTime="2026-02-19T12:22:00.0000000Z" /><EventRecordID>2080</EventRecordID><Correlation /><Execution ProcessID="600" ThreadID="700" /><Channel>Microsoft-Windows-PowerShell/Operational</Channel><Computer>WIN-DC01</Computer><Security UserID="S-1-5-18" /></System><EventData><Data Name="Message">Set-LocalUser -Name admin -Password (ConvertTo-SecureString "Temp123!" -AsPlainText -Force)</Data></EventData></Event>
  <Event xmlns="http://schemas.microsoft.com/win/2004/08/events/event"><System><Provider Name="Microsoft-Windows-Security-Auditing" Guid="{54849625-5478-4994-A5BA-3E3B0328C30D}" /><EventID>1101</EventID><Version>1</Version><Level>4</Level><Task>1</Task><Opcode>0</Opcode><Keywords>0x8000000000000000</Keywords><TimeCreated SystemTime="2026-02-19T12:23:00.0000000Z" /><EventRecordID>2081</EventRecordID><Correlation /><Execution ProcessID="600" ThreadID="700" /><Channel>Security</Channel><Computer>WIN-DC01</Computer><Security UserID="S-1-5-18" /></System><EventData><Data Name="SubjectUserName">CORP\jdoe</Data><Data Name="BackupPath">-</Data></EventData></Event>
  <Event xmlns="http://schemas.microsoft.com/win/2004/08/events/event"><System><Provider Name="Microsoft-Windows-Sysmon" Guid="{5770385f-c22a-43e0-bf4c-06f5698ffbd9}" /><EventID>13</EventID><Version>1</Version><Level>4</Level><Task>1</Task><Opcode>0</Opcode><Keywords>0x8000000000000000</Keywords><TimeCreated SystemTime="2026-02-19T12:24:00.0000000Z" /><EventRecordID>2082</EventRecordID><Correlation /><Execution ProcessID="600" ThreadID="700" /><Channel>Microsoft-Windows-Sysmon/Operational</Channel><Computer>WIN-DC01</Computer><Security UserID="S-1-5-18" /></System><EventData><Data Name="EventType">SetValue</Data><Data Name="TargetObject">HKLM\\SYSTEM\\CurrentControlSet\\Services\\SecurityService\\Start</Data><Data Name="Details">4</Data></EventData></Event>
</Events>
