<?xml version="1.0" encoding="utf-8"?>
<Events>
  <Event xmlns="http://schemas.microsoft.com/win/2004/08/events/event"><System><Provider Name="Microsoft-Windows-PowerShell" Guid="{54849625-5478-4994-A5BA-3E3B0328C30D}" /><EventID>4104</EventID><Version>1</Version><Level>4</Level><Task>1</Task><Opcode>0</Opcode><Keywords>0x8000000000000000</Keywords><TimeCreated SystemTime="2026-02-17T08:00:00.0000000Z" /><EventRecordID>1</EventRecordID><Correlation /><Execution ProcessID="600" ThreadID="700" /><Channel>Microsoft-Windows-PowerShell/Operational</Channel><Computer>WIN-WKS04</Computer><Security UserID="S-1-5-18" /></System><EventData><Data Name="Message">Get-ChildItem C:\Users -Recurse</Data></EventData></Event>
  <Event xmlns="http://schemas.microsoft.com/win/2004/08/events/event"><System><Provider Name="Microsoft-Windows-Security-Auditing" Guid="{54849625-5478-4994-A5BA-3E3B0328C30D}" /><EventID>1100</EventID><Version>1</Version><Level>4</Level><Task>1</Task><Opcode>0</Opcode><Keywords>0x8000000000000000</Keywords><TimeCreated SystemTime="2026-02-17T08:03:00.0000000Z" /><EventRecordID>2</EventRecordID><Correlation /><Execution ProcessID="600" ThreadID="700" /><Channel>Security</Channel><Computer>WIN-WKS03</Computer><Security UserID="S-1-5-18" /></System><EventData><Data Name="SubjectUserName">CORP\SYSTEM</Data></EventData></Event>
  <Event xmlns="http://schemas.microsoft.com/win/2004/08/events/event"><System><Provider Name="Microsoft-Windows-Sysmon" Guid="{5770385f-c22a-43e0-bf4c-06f5698ffbd9}" /><EventID>7</EventID><Version>1</Version><Level>4</Level><Task>1</Task><Opcode>0</Opcode><Keywords>0x8000000000000000</Keywords><TimeCreated SystemTime="2026-02-17T08:04:00.0000000Z" /><EventRecordID>3</EventRecordID><Correlation /><Execution ProcessID="600" ThreadID="700" /><Channel>Microsoft-Windows-Sysmon/Operational</Channel><Computer>WIN-WKS01</Computer><Security UserID="S-1-5-18" /></System><EventData><Data Name="UtcTime">2026-02-17 08:04:00.000</Data><Data Name="Image">C:\Windows\System32\svchost.exe</Data><Data Name="ImageLoaded">C:\Windows\System32\advapi32.dll</Data></EventData></Event>
  <Event xmlns="http://schemas.microsoft.com/win/2004/08/events/event"><System><Provider Name="Microsoft-Windows-Security-Auditing" Guid="{54849625-5478-4994-A5BA-3E3B0328C30D}" /><EventID>4648</EventID><Version>1</Version><Level>4</Level><Task>1</Task><Opcode>0</Opcode><Keywords>0x8000000000000000</Keywords><TimeCreated SystemTime="2026-02-17T08:06:00.0000000Z" /><EventRecordID>4</EventRecordID><Correlation /><Execution ProcessID="600" ThreadID="700" /><Channel>Security</Channel><Computer>WIN-WKS02</Computer><Security UserID="S-1-5-18" /></System><EventData><Data Name="SubjectUserName">bwilson</Data><Data Name="TargetUserName">asmith</Data><Data Name="TargetServerName">WIN-SRV01</Data></EventData></Event>
  <Event xmlns="http://schemas.microsoft.com/win/2004/08/events/event"><System><Provider Name="Microsoft-Windows-Sysmon" Guid="{5770385f-c22a-43e0-bf4c-06f5698ffbd9}" /><EventID>22</EventID><Version>1</Version><Level>4</Level><Task>1</Task><Opcode>0</Opcode><Keywords>0x8000000000000000</Keywords><TimeCreated SystemTime="2026-02-17T08:08:00.0000000Z" /><EventRecordID>5</EventRecordID><Correlation /><Execution ProcessID="600" ThreadID="700" /><Channel>Microsoft-Windows-Sysmon/Operational</Channel><Computer>WIN-WKS02</Computer><Security UserID="S-1-5-18" /></System><EventData><Data Name="QueryName">cdn-update.example.com</Data><Data Name="QueryStatus">0</Data><Data Name="Image">C:\Windows\System32\svchost.exe</Data></EventData></Event>
  <Event xmlns="http://schemas.microsoft.com/win/2004/08/events/event"><System><Provider Name="Microsoft-Windows-PowerShell" Guid="{54849625-5478-4994-A5BA-3E3B0328C30D}" /><EventID>4104</EventID><Version>1</Version><Level>4</Level><Task>1</Task><Opcode>0</Opcode><Keywords>0x8000000000000000</Keywords><TimeCreated SystemTime="2026-02-17T08:11:00.0000000Z" /><EventRecordID>6</EventRecordID><Correlation /><Execution ProcessID="600" ThreadID="700" /><Channel>Microsoft-Windows-PowerShell/Operational</Channel><Computer>WIN-WKS02</Computer><Security UserID="S-1-5-18" /></System><EventData><Data Name="Message">Set-ExecutionPolicy Bypass -Scope Process</Data></EventData></Event>
  <Event xmlns="http://schemas.microsoft.com/win/2004/08/events/event"><System><Provider Name="Microsoft-Windows-Security-Auditing" Guid="{54849625-5478-4994-A5BA-3E3B0328C30D}" /><EventID>4625</EventID><Version>1</Version><Level>4</Level><Task>1</Task><Opcode>0</Opcode><Keywords>0x8000000000000000</Keywords><TimeCreated SystemTime="2026-02-17T08:13:00.0000000Z" /><EventRecordID>7</EventRecordID><Correlation /><Execution ProcessID="600" ThreadID="700" /><Channel>Security</Channel><Computer>WIN-WKS02</Computer><Security UserID="S-1-5-18" /></System><EventData><Data Name="TargetUserName">jdoe</Data><Data Name="LogonType">3</Data><Data Name="IpAddress">10.10.10.99</Data><Data Name="FailureReason">Unknown user name or bad password</Data></EventData></Event>
  <Event xmlns="http://schemas.microsoft.com/win/2004/08/events/event"><System><Provider Name="Microsoft-Windows-Security-Auditing" Guid="{54849625-5478-4994-A5BA-3E3B0328C30D}" /><EventID>4625</EventID><Version>1</Version><Level>4</Level><Task>1</Task><Opcode>0</Opcode><Keywords>0x8000000000000000</Keywords><TimeCreated SystemTime="2026-02-17T08:15:00.0000000Z" /><EventRecordID>8</EventRecordID><Correlation /><Execution ProcessID="600" ThreadID="700" /><Channel>Security</Channel><Computer>WIN-WKS02</Computer><Security UserID="S-1-5-18" /></System><EventData><Data Name="TargetUserName">slee</Data><Data Name="LogonType">3</Data><Data Name="IpAddress">10.10.30.55</Data><Data Name="FailureReason">Unknown user name or bad password</Data></EventData></Event>
  <Event xmlns="http://schemas.microsoft.com/win/2004/08/events/event"><System><Provider Name="Microsoft-Windows-Sysmon" Guid="{5770385f-c22a-43e0-bf4c-06f5698ffbd9}" /><EventID>11</EventID><Version>1</Version><Level>4</Level><Task>1</Task><Opcode>0</Opcode><Keywords>0x8000000000000000</Keywords><TimeCreated SystemTime="2026-02-17T08:16:00.0000000Z" /><EventRecordID>9</EventRecordID><Correlation /><Execution ProcessID="600" ThreadID="700" /><Channel>Microsoft-Windows-Sysmon/Operational</Channel><Computer>WIN-WKS02</Computer><Security UserID="S-1-5-18" /></System><EventData><Data Name="UtcTime">2026-02-17 08:16:00.000</Data><Data Name="Image">C:\Windows\System32\cmd.exe</Data><Data Name="TargetFilename">C:\Windows\Temp\update.exe</Data></EventData></Event>
  <Event xmlns="http://schemas.microsoft.com/win/2004/08/events/event"><System><Provider Name="Microsoft-Windows-Security-Auditing" Guid="{54849625-5478-4994-A5BA-3E3B0328C30D}" /><EventID>4648</EventID><Version>1</Version><Level>4</Level><Task>1</Task><Opcode>0</Opcode><Keywords>0x8000000000000000</Keywords><TimeCreated SystemTime="2026-02-17T08:18:00.0000000Z" /><EventRecordID>10</EventRecordID><Correlation /><Execution ProcessID="600" ThreadID="700" /><Channel>Security</Channel><Computer>WIN-WKS01</Computer><Security UserID="S-1-5-18" /></System><EventData><Data Name="SubjectUserName">slee</Data><Data Name="TargetUserName">slee</Data><Data Name="TargetServerName">WIN-SRV01</Data></EventData></Event>
  <Event xmlns="http://schemas.microsoft.com/win/2004/08/events/event"><System><Provider Name="Microsoft-Windows-Sysmon" Guid="{5770385f-c22a-43e0-bf4c-06f5698ffbd9}" /><EventID>3</EventID><Version>1</Version><Level>4</Level><Task>1</Task><Opcode>0</Opcode><Keywords>0x8000000000000000</Keywords><TimeCreated SystemTime="2026-02-17T08:21:00.0000000Z" /><EventRecordID>11</EventRecordID><Correlation /><Execution ProcessID="600" ThreadID="700" /><Channel>Microsoft-Windows-Sysmon/Operational</Channel><Computer>WIN-WKS03</Computer><Security UserID="S-1-5-18" /></System><EventData><Data Name="UtcTime">2026-02-17 08:21:00.000</Data><Data Name="Image">C:\Windows\System32\svchost.exe</Data><Data Name="SourceIp">10.10.10.25</Data><Data Name="SourcePort">57775</Data><Data Name="DestinationIp">10.10.20.10</Data><Data Name="DestinationPort">445</Data><Data Name="Protocol">tcp</Data></EventData></Event>
  <Event xmlns="http://schemas.microsoft.com/win/2004/08/events/event"><System><Provider Name="Microsoft-Windows-Sysmon" Guid="{5770385f-c22a-43e0-bf4c-06f5698ffbd9}" /><EventID>22</EventID><Version>1</Version><Level>4</Level><Task>1</Task><Opcode>0</Opcode><Keywords>0x8000000000000000</Keywords><TimeCreated SystemTime="2026-02-17T08:23:00.0000000Z" /><EventRecordID>12</EventRecordID><Correlation /><Execution ProcessID="600" ThreadID="700" /><Channel>Microsoft-Windows-Sysmon/Operational</Channel><Computer>WIN-WKS01</Computer><Security UserID="S-1-5-18" /></System><EventData><Data Name="QueryName">www.google.com</Data><Data Name="QueryStatus">0</Data><Data Name="Image">C:\Windows\System32\svchost.exe</Data></EventData></Event>
  <Event xmlns="http://schemas.microsoft.com/win/2004/08/events/event"><System><Provider Name="Microsoft-Windows-Sysmon" Guid="{5770385f-c22a-43e0-bf4c-06f5698ffbd9}" /><EventID>8</EventID><Version>1</Version><Level>4</Level><Task>1</Task><Opcode>0</Opcode><Keywords>0x8000000000000000</Keywords><TimeCreated SystemTime="2026-02-17T08:25:00.0000000Z" /><EventRecordID>13</EventRecordID><Correlation /><Execution ProcessID="600" ThreadID="700" /><Channel>Microsoft-Windows-Sysmon/Operational</Channel><Computer>WIN-WKS02</Computer><Security UserID="S-1-5-18" /></System><EventData><Data Name="SourceImage">C:\Windows\System32\rundll32.exe</Data><Data Name="TargetImage">C:\Windows\System32\svchost.exe</Data><Data Name="StartAddress">0x00007FF8A1234000</Data></EventData></Event>
  <Event xmlns="http://schemas.microsoft.com/win/2004/08/events/event"><System><Provider Name="Microsoft-Windows-Security-Auditing" Guid="{54849625-5478-4994-A5BA-3E3B0328C30D}" /><EventID>4624</EventID><Version>1</Version><Level>4</Level><Task>1</Task><Opcode>0</Opcode><Keywords>0x8000000000000000</Keywords><TimeCreated SystemTime="2026-02-17T08:27:00.0000000Z" /><EventRecordID>14</EventRecordID><Correlation /><Execution ProcessID="600" ThreadID="700" /><Channel>Security</Channel><Computer>WIN-WKS03</Computer><Security UserID="S-1-5-18" /></System><EventData><Data Name="TargetUserName">asmith</Data><Data Name="LogonType">10</Data><Data Name="IpAddress">10.10.20.15</Data></EventData></Event>
  <Event xmlns="http://schemas.microsoft.com/win/2004/08/events/event"><System><Provider Name="Microsoft-Windows-Sysmon" Guid="{5770385f-c22a-43e0-bf4c-06f5698ffbd9}" /><EventID>3</EventID><Version>1</Version><Level>4</Level><Task>1</Task><Opcode>0</Opcode><Keywords>0x8000000000000000</Keywords><TimeCreated SystemTime="2026-02-17T08:28:00.0000000Z" /><EventRecordID>15</EventRecordID><Correlation /><Execution ProcessID="600" ThreadID="700" /><Channel>Microsoft-Windows-Sysmon/Operational</Channel><Computer>WIN-WKS01</Computer><Security UserID="S-1-5-18" /></System><EventData><Data Name="UtcTime">2026-02-17 08:28:00.000</Data><Data Name="Image">C:\Windows\System32\svchost.exe</Data><Data Name="SourceIp">10.10.10.25</Data><Data Name="SourcePort">43965</Data><Data Name="DestinationIp">8.8.8.8</Data><Data Name="DestinationPort">53</Data><Data Name="Protocol">tcp</Data></EventData></Event>
  <Event xmlns="http://schemas.microsoft.com/win/2004/08/events/event"><System><Provider Name="Microsoft-Windows-Sysmon" Guid="{5770385f-c22a-43e0-bf4c-06f5698ffbd9}" /><EventID>1</EventID><Version>1</Version><Level>4</Level><Task>1</Task><Opcode>0</Opcode><Keywords>0x8000000000000000</Keywords><TimeCreated SystemTime="2026-02-17T08:30:00.0000000Z" /><EventRecordID>16</EventRecordID><Correlation /><Execution ProcessID="600" ThreadID="700" /><Channel>Microsoft-Windows-Sysmon/Operational</Channel><Computer>WIN-WKS03</Computer><Security UserID="S-1-5-18" /></System><EventData><Data Name="UtcTime">2026-02-17 08:30:00.000</Data><Data Name="ProcessGuid">{ae03f6361c3c4f1e51f167531462382c}</Data><Data Name="ProcessId">1603</Data><Data Name="Image">C:\Program Files\Google\Chrome\Application\chrome.exe</Data><Data Name="CommandLine">chrome.exe</Data><Data Name="CurrentDirectory">C:\Users\slee\</Data><Data Name="User">CORP\slee</Data><Data Name="ParentProcessGuid">{dfeae68d46d28c83671c80891097c027}</Data><Data Name="ParentImage">C:\Windows\System32\services.exe</Data><Data Name="ParentCommandLine"></Data></EventData></Event>
  <Event xmlns="http://schemas.microsoft.com/win/2004/08/events/event"><System><Provider Name="Microsoft-Windows-Sysmon" Guid="{5770385f-c22a-43e0-bf4c-06f5698ffbd9}" /><EventID>12</EventID><Version>1</Version><Level>4</Level><Task>1</Task><Opcode>0</Opcode><Keywords>0x8000000000000000</Keywords><TimeCreated SystemTime="2026-02-17T08:33:00.0000000Z" /><EventRecordID>17</EventRecordID><Correlation /><Execution ProcessID="600" ThreadID="700" /><Channel>Microsoft-Windows-Sysmon/Operational</Channel><Computer>WIN-WKS01</Computer><Security UserID="S-1-5-18" /></System><EventData><Data Name="EventType">CreateKey</Data><Data Name="TargetObject">HKCU\\Software\\Microsoft\\Windows\\CurrentVersion\\Run\\CorpUpdater</Data></EventData></Event>
  <Event xmlns="http://schemas.microsoft.com/win/2004/08/events/event"><System><Provider Name="Microsoft-Windows-Security-Auditing" Guid="{54849625-5478-4994-A5BA-3E3B0328C30D}" /><EventID>4624</EventID><Version>1</Version><Level>4</Level><Task>1</Task><Opcode>0</Opcode><Keywords>0x8000000000000000</Keywords><TimeCreated SystemTime="2026-02-17T08:35:00.0000000Z" /><EventRecordID>18</EventRecordID><Correlation /><Execution ProcessID="600" ThreadID="700" /><Channel>Security</Channel><Computer>WIN-WKS03</Computer><Security UserID="S-1-5-18" /></System><EventData><Data Name="TargetUserName">mchen</Data><Data Name="LogonType">2</Data><Data Name="IpAddress">10.10.10.25</Data></EventData></Event>
  <Event xmlns="http://schemas.microsoft.com/win/2004/08/events/event"><System><Provider Name="Microsoft-Windows-Security-Auditing" Guid="{54849625-5478-4994-A5BA-3E3B0328C30D}" /><EventID>4625</EventID><Version>1</Version><Level>4</Level><Task>1</Task><Opcode>0</Opcode><Keywords>0x8000000000000000</Keywords><TimeCreated SystemTime="2026-02-17T08:36:00.0000000Z" /><EventRecordID>19</EventRecordID><Correlation /><Execution ProcessID="600" ThreadID="700" /><Channel>Security</Channel><Computer>WIN-WKS03</Computer><Security UserID="S-1-5-18" /></System><EventData><Data Name="TargetUserName">slee</Data><Data Name="LogonType">3</Data><Data Name="IpAddress">10.10.10.99</Data><Data Name="FailureReason">Unknown user name or bad password</Data></EventData></Event>
  <Event xmlns="http://schemas.microsoft.com/win/2004/08/events/event"><System><Provider Name="Microsoft-Windows-Security-Auditing" Guid="{54849625-5478-4994-A5BA-3E3B0328C30D}" /><EventID>1100</EventID><Version>1</Version><Level>4</Level><Task>1</Task><Opcode>0</Opcode><Keywords>0x8000000000000000</Keywords><TimeCreated SystemTime="2026-02-17T08:38:00.0000000Z" /><EventRecordID>20</EventRecordID><Correlation /><Execution ProcessID="600" ThreadID="700" /><Channel>Security</Channel><Computer>WIN-WKS01</Computer><Security UserID="S-1-5-18" /></System><EventData><Data Name="SubjectUserName">CORP\SYSTEM</Data></EventData></Event>
  <Event xmlns="http://schemas.microsoft.com/win/2004/08/events/event"><System><Provider Name="Microsoft-Windows-Sysmon" Guid="{5770385f-c22a-43e0-bf4c-06f5698ffbd9}" /><EventID>7</EventID><Version>1</Version><Level>4</Level><Task>1</Task><Opcode>0</Opcode><Keywords>0x8000000000000000</Keywords><TimeCreated SystemTime="2026-02-17T08:40:00.0000000Z" /><EventRecordID>21</EventRecordID><Correlation /><Execution ProcessID="600" ThreadID="700" /><Channel>Microsoft-Windows-Sysmon/Operational</Channel><Computer>WIN-WKS04</Computer><Security UserID="S-1-5-18" /></System><EventData><Data Name="UtcTime">2026-02-17 08:40:00.000</Data><Data Name="Image">C:\Windows\System32\svchost.exe</Data><Data Name="ImageLoaded">C:\Windows\System32\kernel32.dll</Data></EventData></Event>
  <Event xmlns="http://schemas.microsoft.com/win/2004/08/events/event"><System><Provider Name="Microsoft-Windows-Sysmon" Guid="{5770385f-c22a-43e0-bf4c-06f5698ffbd9}" /><EventID>13</EventID><Version>1</Version><Level>4</Level><Task>1</Task><Opcode>0</Opcode><Keywords>0x8000000000000000</Keywords><TimeCreated SystemTime="2026-02-17T08:42:00.0000000Z" /><EventRecordID>22</EventRecordID><Correlation /><Execution ProcessID="600" ThreadID="700" /><Channel>Microsoft-Windows-Sysmon/Operational</Channel><Computer>WIN-WKS02</Computer><Security UserID="S-1-5-18" /></System><EventData><Data Name="EventType">SetValue</Data><Data Name="TargetObject">HKLM\\SYSTEM\\CurrentControlSet\\Services\\SomeService\\Start</Data><Data Name="Details">4</Data></EventData></Event>
  <Event xmlns="http://schemas.microsoft.com/win/2004/08/events/event"><System><Provider Name="Microsoft-Windows-Sysmon" Guid="{5770385f-c22a-43e0-bf4c-06f5698ffbd9}" /><EventID>1</EventID><Version>1</Version><Level>4</Level><Task>1</Task><Opcode>0</Opcode><Keywords>0x8000000000000000</Keywords><TimeCreated SystemTime="2026-02-17T08:45:00.0000000Z" /><EventRecordID>23</EventRecordID><Correlation /><Execution ProcessID="600" ThreadID="700" /><Channel>Microsoft-Windows-Sysmon/Operational</Channel><Computer>WIN-WKS01</Computer><Security UserID="S-1-5-18" /></System><EventData><Data Name="UtcTime">2026-02-17 08:45:00.000</Data><Data Name="ProcessGuid">{394371cedb221ed04f32934445bc3fa3}</Data><Data Name="ProcessId">12033</Data><Data Name="Image">C:\Windows\System32\cmd.exe</Data><Data Name="CommandLine">cmd.exe</Data><Data Name="CurrentDirectory">C:\Users\mchen\</Data><Data Name="User">CORP\mchen</Data><Data Name="ParentProcessGuid">{f97b7107324f1fbf6f1803517e037ba3}</Data><Data Name="ParentImage">C:\Windows\System32\services.exe</Data><Data Name="ParentCommandLine"></Data></EventData></Event>
  <Event xmlns="http://schemas.microsoft.com/win/2004/08/events/event"><System><Provider Name="Microsoft-Windows-Security-Auditing" Guid="{54849625-5478-4994-A5BA-3E3B0328C30D}" /><EventID>4732</EventID><Version>1</Version><Level>4</Level><Task>1</Task><Opcode>0</Opcode><Keywords>0x8000000000000000</Keywords><TimeCreated SystemTime="2026-02-17T08:47:00.0000000Z" /><EventRecordID>24</EventRecordID><Correlation /><Execution ProcessID="600" ThreadID="700" /><Channel>Security</Channel><Computer>WIN-WKS01</Computer><Security UserID="S-1-5-18" /></System><EventData><Data Name="MemberName">CORP\bwilson</Data><Data Name="TargetUserName">IT-Admins</Data></EventData></Event>
  <Event xmlns="http://schemas.microsoft.com/win/2004/08/events/event"><System><Provider Name="Microsoft-Windows-Security-Auditing" Guid="{54849625-5478-4994-A5BA-3E3B0328C30D}" /><EventID>4624</EventID><Version>1</Version><Level>4</Level><Task>1</Task><Opcode>0</Opcode><Keywords>0x8000000000000000</Keywords><TimeCreated SystemTime="2026-02-17T08:49:00.0000000Z" /><EventRecordID>25</EventRecordID><Correlation /><Execution ProcessID="600" ThreadID="700" /><Channel>Security</Channel><Computer>WIN-WKS02</Computer><Security UserID="S-1-5-18" /></System><EventData><Data Name="TargetUserName">bwilson</Data><Data Name="LogonType">3</Data><Data Name="IpAddress">10.10.10.41</Data></EventData></Event>
  <Event xmlns="http://schemas.microsoft.com/win/2004/08/events/event"><System><Provider Name="Microsoft-Windows-Security-Auditing" Guid="{54849625-5478-4994-A5BA-3E3B0328C30D}" /><EventID>4624</EventID><Version>1</Version><Level>4</Level><Task>1</Task><Opcode>0</Opcode><Keywords>0x8000000000000000</Keywords><TimeCreated SystemTime="2026-02-17T08:50:00.0000000Z" /><EventRecordID>26</EventRecordID><Correlation /><Execution ProcessID="600" ThreadID="700" /><Channel>Security</Channel><Computer>WIN-WKS04</Computer><Security UserID="S-1-5-18" /></System><EventData><Data Name="TargetUserName">jdoe</Data><Data Name="LogonType">10</Data><Data Name="IpAddress">10.10.10.41</Data></EventData></Event>
  <Event xmlns="http://schemas.microsoft.com/win/2004/08/events/event"><System><Provider Name="Microsoft-Windows-Sysmon" Guid="{5770385f-c22a-43e0-bf4c-06f5698ffbd9}" /><EventID>3</EventID><Version>1</Version><Level>4</Level><Task>1</Task><Opcode>0</Opcode><Keywords>0x8000000000000000</Keywords><TimeCreated SystemTime="2026-02-17T08:53:00.0000000Z" /><EventRecordID>27</EventRecordID><Correlation /><Execution ProcessID="600" ThreadID="700" /><Channel>Microsoft-Windows-Sysmon/Operational</Channel><Computer>WIN-WKS03</Computer><Security UserID="S-1-5-18" /></System><EventData><Data Name="UtcTime">2026-02-17 08:53:00.000</Data><Data Name="Image">C:\Windows\System32\svchost.exe</Data><Data Name="SourceIp">10.10.10.25</Data><Data Name="SourcePort">54537</Data><Data Name="DestinationIp">10.10.10.1</Data><Data Name="DestinationPort">80</Data><Data Name="Protocol">tcp</Data></EventData></Event>
  <Event xmlns="http://schemas.microsoft.com/win/2004/08/events/event"><System><Provider Name="Microsoft-Windows-Sysmon" Guid="{5770385f-c22a-43e0-bf4c-06f5698ffbd9}" /><EventID>13</EventID><Version>1</Version><Level>4</Level><Task>1</Task><Opcode>0</Opcode><Keywords>0x8000000000000000</Keywords><TimeCreated SystemTime="2026-02-17T08:54:00.0000000Z" /><EventRecordID>28</EventRecordID><Correlation /><Execution ProcessID="600" ThreadID="700" /><Channel>Microsoft-Windows-Sysmon/Operational</Channel><Computer>WIN-WKS04</Computer><Security UserID="S-1-5-18" /></System><EventData><Data Name="EventType">SetValue</Data><Data Name="TargetObject">HKLM\\SYSTEM\\CurrentControlSet\\Services\\SomeService\\Start</Data><Data Name="Details">2</Data></EventData></Event>
  <Event xmlns="http://schemas.microsoft.com/win/2004/08/events/event"><System><Provider Name="Microsoft-Windows-Security-Auditing" Guid="{54849625-5478-4994-A5BA-3E3B0328C30D}" /><EventID>4624</EventID><Version>1</Version><Level>4</Level><Task>1</Task><Opcode>0</Opcode><Keywords>0x8000000000000000</Keywords><TimeCreated SystemTime="2026-02-17T08:57:00.0000000Z" /><EventRecordID>29</EventRecordID><Correlation /><Execution ProcessID="600" ThreadID="700" /><Channel>Security</Channel><Computer>WIN-WKS03</Computer><Security UserID="S-1-5-18" /></System><EventData><Data Name="TargetUserName">jdoe</Data><Data Name="LogonType">2</Data><Data Name="IpAddress">-</Data></EventData></Event>
  <Event xmlns="http://schemas.microsoft.com/win/2004/08/events/event"><System><Provider Name="Microsoft-Windows-Security-Auditing" Guid="{54849625-5478-4994-A5BA-3E3B0328C30D}" /><EventID>4726</EventID><Version>1</Version><Level>4</Level><Task>1</Task><Opcode>0</Opcode><Keywords>0x8000000000000000</Keywords><TimeCreated SystemTime="2026-02-17T08:59:00.0000000Z" /><EventRecordID>30</EventRecordID><Correlation /><Execution ProcessID="600" ThreadID="700" /><Channel>Security</Channel><Computer>WIN-WKS02</Computer><Security UserID="S-1-5-18" /></System><EventData><Data Name="TargetUserName">olduser</Data></EventData></Event>
  <Event xmlns="http://schemas.microsoft.com/win/2004/08/events/event"><System><Provider Name="Microsoft-Windows-Security-Auditing" Guid="{54849625-5478-4994-A5BA-3E3B0328C30D}" /><EventID>4625</EventID><Version>1</Version><Level>4</Level><Task>1</Task><Opcode>0</Opcode><Keywords>0x8000000000000000</Keywords><TimeCreated SystemTime="2026-02-17T09:00:00.0000000Z" /><EventRecordID>31</EventRecordID><Correlation /><Execution ProcessID="600" ThreadID="700" /><Channel>Security</Channel><Computer>WIN-WKS03</Computer><Security UserID="S-1-5-18" /></System><EventData><Data Name="TargetUserName">bwilson</Data><Data Name="LogonType">3</Data><Data Name="IpAddress">10.10.40.22</Data><Data Name="FailureReason">Unknown user name or bad password</Data></EventData></Event>
  <Event xmlns="http://schemas.microsoft.com/win/2004/08/events/event"><System><Provider Name="Microsoft-Windows-Security-Auditing" Guid="{54849625-5478-4994-A5BA-3E3B0328C30D}" /><EventID>4733</EventID><Version>1</Version><Level>4</Level><Task>1</Task><Opcode>0</Opcode><Keywords>0x8000000000000000</Keywords><TimeCreated SystemTime="2026-02-17T09:03:00.0000000Z" /><EventRecordID>32</EventRecordID><Correlation /><Execution ProcessID="600" ThreadID="700" /><Channel>Security</Channel><Computer>WIN-WKS04</Computer><Security UserID="S-1-5-18" /></System><EventData><Data Name="MemberName">CORP\bwilson</Data><Data Name="TargetUserName">Remote Desktop Users</Data></EventData></Event>
  <Event xmlns="http://schemas.microsoft.com/win/2004/08/events/event"><System><Provider Name="Microsoft-Windows-Security-Auditing" Guid="{54849625-5478-4994-A5BA-3E3B0328C30D}" /><EventID>4625</EventID><Version>1</Version><Level>4</Level><Task>1</Task><Opcode>0</Opcode><Keywords>0x8000000000000000</Keywords><TimeCreated SystemTime="2026-02-17T09:05:00.0000000Z" /><EventRecordID>33</EventRecordID><Correlation /><Execution ProcessID="600" ThreadID="700" /><Channel>Security</Channel><Computer>WIN-WKS02</Computer><Security UserID="S-1-5-18" /></System><EventData><Data Name="TargetUserName">slee</Data><Data Name="LogonType">3</Data><Data Name="IpAddress">10.10.10.99</Data><Data Name="FailureReason">Unknown user name or bad password</Data></EventData></Event>
  <Event xmlns="http://schemas.microsoft.com/win/2004/08/events/event"><System><Provider Name="Microsoft-Windows-Security-Auditing" Guid="{54849625-5478-4994-A5BA-3E3B0328C30D}" /><EventID>4624</EventID><Version>1</Version><Level>4</Level><Task>1</Task><Opcode>0</Opcode><Keywords>0x8000000000000000</Keywords><TimeCreated SystemTime="2026-02-17T09:07:00.0000000Z" /><EventRecordID>34</EventRecordID><Correlation /><Execution ProcessID="600" ThreadID="700" /><Channel>Security</Channel><Computer>WIN-WKS01</Computer><Security UserID="S-1-5-18" /></System><EventData><Data Name="TargetUserName">bwilson</Data><Data Name="LogonType">10</Data><Data Name="IpAddress">-</Data></EventData></Event>
  <Event xmlns="http://schemas.microsoft.com/win/2004/08/events/event"><System><Provider Name="Microsoft-Windows-Security-Auditing" Guid="{54849625-5478-4994-A5BA-3E3B0328C30D}" /><EventID>4648</EventID><Version>1</Version><Level>4</Level><Task>1</Task><Opcode>0</Opcode><Keywords>0x8000000000000000</Keywords><TimeCreated SystemTime="2026-02-17T09:09:00.0000000Z" /><EventRecordID>35</EventRecordID><Correlation /><Execution ProcessID="600" ThreadID="700" /><Channel>Security</Channel><Computer>WIN-WKS02</Computer><Security UserID="S-1-5-18" /></System><EventData><Data Name="SubjectUserName">slee</Data><Data Name="TargetUserName">jdoe</Data><Data Name="TargetServerName">WIN-SRV01</Data></EventData></Event>
  <Event xmlns="http://schemas.microsoft.com/win/2004/08/events/event"><System><Provider Name="Microsoft-Windows-Security-Auditing" Guid="{54849625-5478-4994-A5BA-3E3B0328C30D}" /><EventID>4625</EventID><Version>1</Version><Level>4</Level><Task>1</Task><Opcode>0</Opcode><Keywords>0x8000000000000000</Keywords><TimeCreated SystemTime="2026-02-17T09:10:00.0000000Z" /><EventRecordID>66</EventRecordID><Correlation /><Execution ProcessID="600" ThreadID="700" /><Channel>Security</Channel><Computer>WIN-DC01</Computer><Security UserID="S-1-5-18" /></System><EventData><Data Name="TargetUserName">jsmith</Data><Data Name="LogonType">3</Data><Data Name="IpAddress">10.10.50.77</Data><Data Name="FailureReason">Unknown user name or bad password</Data></EventData></Event>
  <Event xmlns="http://schemas.microsoft.com/win/2004/08/events/event"><System><Provider Name="Microsoft-Windows-Security-Auditing" Guid="{54849625-5478-4994-A5BA-3E3B0328C30D}" /><EventID>4672</EventID><Version>1</Version><Level>4</Level><Task>1</Task><Opcode>0</Opcode><Keywords>0x8000000000000000</Keywords><TimeCreated SystemTime="2026-02-17T09:11:00.0000000Z" /><EventRecordID>36</EventRecordID><Correlation /><Execution ProcessID="600" ThreadID="700" /><Channel>Security</Channel><Computer>WIN-WKS03</Computer><Security UserID="S-1-5-18" /></System><EventData><Data Name="SubjectUserName">CORP\jdoe</Data><Data Name="Privileges">SeDebugPrivilege;SeBackupPrivilege;SeRestorePrivilege</Data></EventData></Event>
  <Event xmlns="http://schemas.microsoft.com/win/2004/08/events/event"><System><Provider Name="Microsoft-Windows-Security-Auditing" Guid="{54849625-5478-4994-A5BA-3E3B0328C30D}" /><EventID>4625</EventID><Version>1</Version><Level>4</Level><Task>1</Task><Opcode>0</Opcode><Keywords>0x8000000000000000</Keywords><TimeCreated SystemTime="2026-02-17T09:11:00.0000000Z" /><EventRecordID>67</EventRecordID><Correlation /><Execution ProcessID="600" ThreadID="700" /><Channel>Security</Channel><Computer>WIN-DC01</Computer><Security UserID="S-1-5-18" /></System><EventData><Data Name="TargetUserName">jsmith</Data><Data Name="LogonType">3</Data><Data Name="IpAddress">10.10.50.77</Data><Data Name="FailureReason">Unknown user name or bad password</Data></EventData></Event>
  <Event xmlns="http://schemas.microsoft.com/win/2004/08/events/event"><System><Provider Name="Microsoft-Windows-Security-Auditing" Guid="{54849625-5478-4994-A5BA-3E3B0328C30D}" /><EventID>4624</EventID><Version>1</Version><Level>4</Level><Task>1</Task><Opcode>0</Opcode><Keywords>0x8000000000000000</Keywords><TimeCreated SystemTime="2026-02-17T09:12:00.0000000Z" /><EventRecordID>37</EventRecordID><Correlation /><Execution ProcessID="600" ThreadID="700" /><Channel>Security</Channel><Computer>WIN-WKS01</Computer><Security UserID="S-1-5-18" /></System><EventData><Data Name="TargetUserName">bwilson</Data><Data Name="LogonType">10</Data><Data Name="IpAddress">10.10.20.15</Data></EventData></Event>
  <Event xmlns="http://schemas.microsoft.com/win/2004/08/events/event"><System><Provider Name="Microsoft-Windows-Security-Auditing" Guid="{54849625-5478-4994-A5BA-3E3B0328C30D}" /><EventID>4625</EventID><Version>1</Version><Level>4</Level><Task>1</Task><Opcode>0</Opcode><Keywords>0x8000000000000000</Keywords><TimeCreated SystemTime="2026-02-17T09:12:00.0000000Z" /><EventRecordID>68</EventRecordID><Correlation /><Execution ProcessID="600" ThreadID="700" /><Channel>Security</Channel><Computer>WIN-DC01</Computer><Security UserID="S-1-5-18" /></System><EventData><Data Name="TargetUserName">jsmith</Data><Data Name="LogonType">3</Data><Data Name="IpAddress">10.10.50.77</Data><Data Name="FailureReason">Unknown user name or bad password</Data></EventData></Event>
  <Event xmlns="http://schemas.microsoft.com/win/2004/08/events/event"><System><Provider Name="Microsoft-Windows-Security-Auditing" Guid="{54849625-5478-4994-A5BA-3E3B0328C30D}" /><EventID>4625</EventID><Version>1</Version><Level>4</Level><Task>1</Task><Opcode>0</Opcode><Keywords>0x8000000000000000</Keywords><TimeCreated SystemTime="2026-02-17T09:13:00.0000000Z" /><EventRecordID>69</EventRecordID><Correlation /><Execution ProcessID="600" ThreadID="700" /><Channel>Security</Channel><Computer>WIN-DC01</Computer><Security UserID="S-1-5-18" /></System><EventData><Data Name="TargetUserName">jsmith</Data><Data Name="LogonType">3</Data><Data Name="IpAddress">10.10.50.77</Data><Data Name="FailureReason">Unknown user name or bad password</Data></EventData></Event>
  <Event xmlns="http://schemas.microsoft.com/win/2004/08/events/event"><System><Provider Name="Microsoft-Windows-Security-Auditing" Guid="{54849625-5478-4994-A5BA-3E3B0328C30D}" /><EventID>4625</EventID><Version>1</Version><Level>4</Level><Task>1</Task><Opcode>0</Opcode><Keywords>0x8000000000000000</Keywords><TimeCreated SystemTime="2026-02-17T09:14:00.0000000Z" /><EventRecordID>70</EventRecordID><Correlation /><Execution ProcessID="600" ThreadID="700" /><Channel>Security</Channel><Computer>WIN-DC01</Computer><Security UserID="S-1-5-18" /></System><EventData><Data Name="TargetUserName">jsmith</Data><Data Name="LogonType">3</Data><Data Name="IpAddress">10.10.50.77</Data><Data Name="FailureReason">Unknown user name or bad password</Data></EventData></Event>
  <Event xmlns="http://schemas.microsoft.com/win/2004/08/events/event"><System><Provider Name="Microsoft-Windows-Security-Auditing" Guid="{54849625-5478-4994-A5BA-3E3B0328C30D}" /><EventID>4720</EventID><Version>1</Version><Level>4</Level><Task>1</Task><Opcode>0</Opcode><Keywords>0x8000000000000000</Keywords><TimeCreated SystemTime="2026-02-17T09:15:00.0000000Z" /><EventRecordID>38</EventRecordID><Correlation /><Execution ProcessID="600" ThreadID="700" /><Channel>Security</Channel><Computer>WIN-WKS03</Computer><Security UserID="S-1-5-18" /></System><EventData><Data Name="TargetUserName">temp6</Data><Data Name="SubjectUserName">CORP\itadmin</Data></EventData></Event>
  <Event xmlns="http://schemas.microsoft.com/win/2004/08/events/event"><System><Provider Name="Microsoft-Windows-Security-Auditing" Guid="{54849625-5478-4994-A5BA-3E3B0328C30D}" /><EventID>4625</EventID><Version>1</Version><Level>4</Level><Task>1</Task><Opcode>0</Opcode><Keywords>0x8000000000000000</Keywords><TimeCreated SystemTime="2026-02-17T09:15:00.0000000Z" /><EventRecordID>71</EventRecordID><Correlation /><Execution ProcessID="600" ThreadID="700" /><Channel>Security</Channel><Computer>WIN-DC01</Computer><Security UserID="S-1-5-18" /></System><EventData><Data Name="TargetUserName">jsmith</Data><Data Name="LogonType">3</Data><Data Name="IpAddress">10.10.50.77</Data><Data Name="FailureReason">Unknown user name or bad password</Data></EventData></Event>
  <Event xmlns="http://schemas.microsoft.com/win/2004/08/events/event"><System><Provider Name="Microsoft-Windows-Security-Auditing" Guid="{54849625-5478-4994-A5BA-3E3B0328C30D}" /><EventID>4728</EventID><Version>1</Version><Level>4</Level><Task>1</Task><Opcode>0</Opcode><Keywords>0x8000000000000000</Keywords><TimeCreated SystemTime="2026-02-17T09:16:00.0000000Z" /><EventRecordID>39</EventRecordID><Correlation /><Execution ProcessID="600" ThreadID="700" /><Channel>Security</Channel><Computer>WIN-WKS02</Computer><Security UserID="S-1-5-18" /></System><EventData><Data Name="MemberName">CORP\asmith</Data><Data Name="TargetUserName">Remote Desktop Users</Data></EventData></Event>
  <Event xmlns="http://schemas.microsoft.com/win/2004/08/events/event"><System><Provider Name="Microsoft-Windows-Security-Auditing" Guid="{54849625-5478-4994-A5BA-3E3B0328C30D}" /><EventID>4625</EventID><Version>1</Version><Level>4</Level><Task>1</Task><Opcode>0</Opcode><Keywords>0x8000000000000000</Keywords><TimeCreated SystemTime="2026-02-17T09:16:00.0000000Z" /><EventRecordID>72</EventRecordID><Correlation /><Execution ProcessID="600" ThreadID="700" /><Channel>Security</Channel><Computer>WIN-DC01</Computer><Security UserID="S-1-5-18" /></System><EventData><Data Name="TargetUserName">jsmith</Data><Data Name="LogonType">3</Data><Data Name="IpAddress">10.10.50.77</Data><Data Name="FailureReason">Unknown user name or bad password</Data></EventData></Event>
  <Event xmlns="http://schemas.microsoft.com/win/2004/08/events/event"><System><Provider Name="Microsoft-Windows-Security-Auditing" Guid="{54849625-5478-4994-A5BA-3E3B0328C30D}" /><EventID>4625</EventID><Version>1</Version><Level>4</Level><Task>1</Task><Opcode>0</Opcode><Keywords>0x8000000000000000</Keywords><TimeCreated SystemTime="2026-02-17T09:17:00.0000000Z" /><EventRecordID>73</EventRecordID><Correlation /><Execution ProcessID="600" ThreadID="700" /><Channel>Security</Channel><Computer>WIN-DC01</Computer><Security UserID="S-1-5-18" /></System><EventData><Data Name="TargetUserName">jsmith</Data><Data Name="LogonType">3</Data><Data Name="IpAddress">10.10.50.77</Data><Data Name="FailureReason">Unknown user name or bad password</Data></EventData></Event>
  <Event xmlns="http://schemas.microsoft.com/win/2004/08/events/event"><System><Provider Name="Microsoft-Windows-Security-Auditing" Guid="{54849625-5478-4994-A5BA-3E3B0328C30D}" /><EventID>4625</EventID><Version>1</Version><Level>4</Level><Task>1</Task><Opcode>0</Opcode><Keywords>0x8000000000000000</Keywords><TimeCreated SystemTime="2026-02-17T09:18:00.0000000Z" /><EventRecordID>74</EventRecordID><Correlation /><Execution ProcessID="600" ThreadID="700" /><Channel>Security</Channel><Computer>WIN-DC01</Computer><Security UserID="S-1-5-18" /></System><EventData><Data Name="TargetUserName">jsmith</Data><Data Name="LogonType">3</Data><Data Name="IpAddress">10.10.50.77</Data><Data Name="FailureReason">Unknown user name or bad password</Data></EventData></Event>
  <Event xmlns="http://schemas.microsoft.com/win/2004/08/events/event"><System><Provider Name="Microsoft-Windows-Sysmon" Guid="{5770385f-c22a-43e0-bf4c-06f5698ffbd9}" /><EventID>7</EventID><Version>1</Version><Level>4</Level><Task>1</Task><Opcode>0</Opcode><Keywords>0x8000000000000000</Keywords><TimeCreated SystemTime="2026-02-17T09:19:00.0000000Z" /><EventRecordID>40</EventRecordID><Correlation /><Execution ProcessID="600" ThreadID="700" /><Channel>Microsoft-Windows-Sysmon/Operational</Channel><Computer>WIN-WKS02</Computer><Security UserID="S-1-5-18" /></System><EventData><Data Name="UtcTime">2026-02-17 09:19:00.000</Data><Data Name="Image">C:\Windows\System32\svchost.exe</Data><Data Name="ImageLoaded">C:\Windows\Temp\update.dll</Data></EventData></Event>
  <Event xmlns="http://schemas.microsoft.com/win/2004/08/events/event"><System><Provider Name="Microsoft-Windows-Security-Auditing" Guid="{54849625-5478-4994-A5BA-3E3B0328C30D}" /><EventID>4625</EventID><Version>1</Version><Level>4</Level><Task>1</Task><Opcode>0</Opcode><Keywords>0x8000000000000000</Keywords><TimeCreated SystemTime="2026-02-17T09:19:00.0000000Z" /><EventRecordID>75</EventRecordID><Correlation /><Execution ProcessID="600" ThreadID="700" /><Channel>Security</Channel><Computer>WIN-DC01</Computer><Security UserID="S-1-5-18" /></System><EventData><Data Name="TargetUserName">jsmith</Data><Data Name="LogonType">3</Data><Data Name="IpAddress">10.10.50.77</Data><Data Name="FailureReason">Unknown user name or bad password</Data></EventData></Event>
  <Event xmlns="http://schemas.microsoft.com/win/2004/08/events/event"><System><Provider Name="Microsoft-Windows-Security-Auditing" Guid="{54849625-5478-4994-A5BA-3E3B0328C30D}" /><EventID>4648</EventID><Version>1</Version><Level>4</Level><Task>1</Task><Opcode>0</Opcode><Keywords>0x8000000000000000</Keywords><TimeCreated SystemTime="2026-02-17T09:20:00.0000000Z" /><EventRecordID>41</EventRecordID><Correlation /><Execution ProcessID="600" ThreadID="700" /><Channel>Security</Channel><Computer>WIN-WKS02</Computer><Security UserID="S-1-5-18" /></System><EventData><Data Name="SubjectUserName">jdoe</Data><Data Name="TargetUserName">jdoe</Data><Data Name="TargetServerName">WIN-SRV01</Data></EventData></Event>
  <Event xmlns="http://schemas.microsoft.com/win/2004/08/events/event"><System><Provider Name="Microsoft-Windows-Security-Auditing" Guid="{54849625-5478-4994-A5BA-3E3B0328C30D}" /><EventID>4625</EventID><Version>1</Version><Level>4</Level><Task>1</Task><Opcode>0</Opcode><Keywords>0x8000000000000000</Keywords><TimeCreated SystemTime="2026-02-17T09:20:00.0000000Z" /><EventRecordID>76</EventRecordID><Correlation /><Execution ProcessID="600" ThreadID="700" /><Channel>Security</Channel><Computer>WIN-DC01</Computer><Security UserID="S-1-5-18" /></System><EventData><Data Name="TargetUserName">jsmith</Data><Data Name="LogonType">3</Data><Data Name="IpAddress">10.10.50.77</Data><Data Name="FailureReason">Unknown user name or bad password</Data></EventData></Event>
  <Event xmlns="http://schemas.microsoft.com/win/2004/08/events/event"><System><Provider Name="Microsoft-Windows-Security-Auditing" Guid="{54849625-5478-4994-A5BA-3E3B0328C30D}" /><EventID>4625</EventID><Version>1</Version><Level>4</Level><Task>1</Task><Opcode>0</Opcode><Keywords>0x8000000000000000</Keywords><TimeCreated SystemTime="2026-02-17T09:21:00.0000000Z" /><EventRecordID>77</EventRecordID><Correlation /><Execution ProcessID="600" ThreadID="700" /><Channel>Security</Channel><Computer>WIN-DC01</Computer><Security UserID="S-1-5-18" /></System><EventData><Data Name="TargetUserName">jsmith</Data><Data Name="LogonType">3</Data><Data Name="IpAddress">10.10.50.77</Data><Data Name="FailureReason">Unknown user name or bad password</Data></EventData></Event>
  <Event xmlns="http://schemas.microsoft.com/win/2004/08/events/event"><System><Provider Name="Microsoft-Windows-Sysmon" Guid="{5770385f-c22a-43e0-bf4c-06f5698ffbd9}" /><EventID>22</EventID><Version>1</Version><Level>4</Level><Task>1</Task><Opcode>0</Opcode><Keywords>0x8000000000000000</Keywords><TimeCreated SystemTime="2026-02-17T09:23:00.0000000Z" /><EventRecordID>42</EventRecordID><Correlation /><Execution ProcessID="600" ThreadID="700" /><Channel>Microsoft-Windows-Sysmon/Operational</Channel><Computer>WIN-WKS04</Computer><Security UserID="S-1-5-18" /></System><EventData><Data Name="QueryName">cdn-update.example.com</Data><Data Name="QueryStatus">0</Data><Data Name="Image">C:\Windows\System32\svchost.exe</Data></EventData></Event>
  <Event xmlns="http://schemas.microsoft.com/win/2004/08/events/event"><System><Provider Name="Microsoft-Windows-Security-Auditing" Guid="{54849625-5478-4994-A5BA-3E3B0328C30D}" /><EventID>4672</EventID><Version>1</Version><Level>4</Level><Task>1</Task><Opcode>0</Opcode><Keywords>0x8000000000000000</Keywords><TimeCreated SystemTime="2026-02-17T09:25:00.0000000Z" /><EventRecordID>43</EventRecordID><Correlation /><Execution ProcessID="600" ThreadID="700" /><Channel>Security</Channel><Computer>WIN-WKS01</Computer><Security UserID="S-1-5-18" /></System><EventData><Data Name="SubjectUserName">CORP\slee</Data><Data Name="Privileges">SeDebugPrivilege;SeBackupPrivilege;SeRestorePrivilege</Data></EventData></Event>
  <Event xmlns="http://schemas.microsoft.com/win/2004/08/events/event"><System><Provider Name="Microsoft-Windows-Security-Auditing" Guid="{54849625-5478-4994-A5BA-3E3B0328C30D}" /><EventID>1100</EventID><Version>1</Version><Level>4</Level><Task>1</Task><Opcode>0</Opcode><Keywords>0x8000000000000000</Keywords><TimeCreated SystemTime="2026-02-17T09:27:00.0000000Z" /><EventRecordID>44</EventRecordID><Correlation /><Execution ProcessID="600" ThreadID="700" /><Channel>Security</Channel><Computer>WIN-WKS03</Computer><Security UserID="S-1-5-18" /></System><EventData><Data Name="SubjectUserName">CORP\SYSTEM</Data></EventData></Event>
  <Event xmlns="http://schemas.microsoft.com/win/2004/08/events/event"><System><Provider Name="Microsoft-Windows-PowerShell" Guid="{54849625-5478-4994-A5BA-3E3B0328C30D}" /><EventID>4104</EventID><Version>1</Version><Level>4</Level><Task>1</Task><Opcode>0</Opcode><Keywords>0x8000000000000000</Keywords><TimeCreated SystemTime="2026-02-17T09:28:00.0000000Z" /><EventRecordID>45</EventRecordID><Correlation /><Execution ProcessID="600" ThreadID="700" /><Channel>Microsoft-Windows-PowerShell/Operational</Channel><Computer>WIN-WKS03</Computer><Security UserID="S-1-5-18" /></System><EventData><Data Name="Message">Invoke-WebRequest https://intranet.corp.local/script.ps1</Data></EventData></Event>
  <Event xmlns="http://schemas.microsoft.com/win/2004/08/events/event"><System><Provider Name="Microsoft-Windows-PowerShell" Guid="{54849625-5478-4994-A5BA-3E3B0328C30D}" /><EventID>4104</EventID><Version>1</Version><Level>4</Level><Task>1</Task><Opcode>0</Opcode><Keywords>0x8000000000000000</Keywords><TimeCreated SystemTime="2026-02-17T09:31:00.0000000Z" /><EventRecordID>46</EventRecordID><Correlation /><Execution ProcessID="600" ThreadID="700" /><Channel>Microsoft-Windows-PowerShell/Operational</Channel><Computer>WIN-WKS01</Computer><Security UserID="S-1-5-18" /></System><EventData><Data Name="Message">Get-Process | Where-Object {$_.CPU -gt 100}</Data></EventData></Event>
  <Event xmlns="http://schemas.microsoft.com/win/2004/08/events/event"><System><Provider Name="Microsoft-Windows-PowerShell" Guid="{54849625-5478-4994-A5BA-3E3B0328C30D}" /><EventID>4104</EventID><Version>1</Version><Level>4</Level><Task>1</Task><Opcode>0</Opcode><Keywords>0x8000000000000000</Keywords><TimeCreated SystemTime="2026-02-17T09:32:00.0000000Z" /><EventRecordID>47</EventRecordID><Correlation /><Execution ProcessID="600" ThreadID="700" /><Channel>Microsoft-Windows-PowerShell/Operational</Channel><Computer>WIN-WKS03</Computer><Security UserID="S-1-5-18" /></System><EventData><Data Name="Message">Invoke-WebRequest https://intranet.corp.local/script.ps1</Data></EventData></Event>
  <Event xmlns="http://schemas.microsoft.com/win/2004/08/events/event"><System><Provider Name="Microsoft-Windows-Sysmon" Guid="{5770385f-c22a-43e0-bf4c-06f5698ffbd9}" /><EventID>3</EventID><Version>1</Version><Level>4</Level><Task>1</Task><Opcode>0</Opcode><Keywords>0x8000000000000000</Keywords><TimeCreated SystemTime="2026-02-17T09:35:00.0000000Z" /><EventRecordID>48</EventRecordID><Correlation /><Execution ProcessID="600" ThreadID="700" /><Channel>Microsoft-Windows-Sysmon/Operational</Channel><Computer>WIN-WKS01</Computer><Security UserID="S-1-5-18" /></System><EventData><Data Name="UtcTime">2026-02-17 09:35:00.000</Data><Data Name="Image">C:\Windows\System32\svchost.exe</Data><Data Name="SourceIp">10.10.10.25</Data><Data Name="SourcePort">50198</Data><Data Name="DestinationIp">10.10.10.1</Data><Data Name="DestinationPort">53</Data><Data Name="Protocol">tcp</Data></EventData></Event>
  <Event xmlns="http://schemas.microsoft.com/win/2004/08/events/event"><System><Provider Name="Microsoft-Windows-Sysmon" Guid="{5770385f-c22a-43e0-bf4c-06f5698ffbd9}" /><EventID>3</EventID><Version>1</Version><Level>4</Level><Task>1</Task><Opcode>0</Opcode><Keywords>0x8000000000000000</Keywords><TimeCreated SystemTime="2026-02-17T09:36:00.0000000Z" /><EventRecordID>49</EventRecordID><Correlation /><Execution ProcessID="600" ThreadID="700" /><Channel>Microsoft-Windows-Sysmon/Operational</Channel><Computer>WIN-WKS04</Computer><Security UserID="S-1-5-18" /></System><EventData><Data Name="UtcTime">2026-02-17 09:36:00.000</Data><Data Name="Image">C:\Windows\System32\svchost.exe</Data><Data Name="SourceIp">10.10.10.25</Data><Data Name="SourcePort">60688</Data><Data Name="DestinationIp">10.10.10.1</Data><Data Name="DestinationPort">53</Data><Data Name="Protocol">tcp</Data></EventData></Event>
  <Event xmlns="http://schemas.microsoft.com/win/2004/08/events/event"><System><Provider Name="Microsoft-Windows-Security-Auditing" Guid="{54849625-5478-4994-A5BA-3E3B0328C30D}" /><EventID>1100</EventID><Version>1</Version><Level>4</Level><Task>1</Task><Opcode>0</Opcode><Keywords>0x8000000000000000</Keywords><TimeCreated SystemTime="2026-02-17T09:39:00.0000000Z" /><EventRecordID>50</EventRecordID><Correlation /><Execution ProcessID="600" ThreadID="700" /><Channel>Security</Channel><Computer>WIN-WKS02</Computer><Security UserID="S-1-5-18" /></System><EventData><Data Name="SubjectUserName">CORP\SYSTEM</Data></EventData></Event>
  <Event xmlns="http://schemas.microsoft.com/win/2004/08/events/event"><System><Provider Name="Microsoft-Windows-Security-Auditing" Guid="{54849625-5478-4994-A5BA-3E3B0328C30D}" /><EventID>4625</EventID><Version>1</Version><Level>4</Level><Task>1</Task><Opcode>0</Opcode><Keywords>0x8000000000000000</Keywords><TimeCreated SystemTime="2026-02-17T09:41:00.0000000Z" /><EventRecordID>51</EventRecordID><Correlation /><Execution ProcessID="600" ThreadID="700" /><Channel>Security</Channel><Computer>WIN-WKS03</Computer><Security UserID="S-1-5-18" /></System><EventData><Data Name="TargetUserName">mchen</Data><Data Name="LogonType">3</Data><Data Name="IpAddress">10.10.10.99</Data><Data Name="FailureReason">Unknown user name or bad password</Data></EventData></Event>
  <Event xmlns="http://schemas.microsoft.com/win/2004/08/events/event"><System><Provider Name="Microsoft-Windows-Sysmon" Guid="{5770385f-c22a-43e0-bf4c-06f5698ffbd9}" /><EventID>3</EventID><Version>1</Version><Level>4</Level><Task>1</Task><Opcode>0</Opcode><Keywords>0x8000000000000000</Keywords><TimeCreated SystemTime="2026-02-17T09:43:00.0000000Z" /><EventRecordID>52</EventRecordID><Correlation /><Execution ProcessID="600" ThreadID="700" /><Channel>Microsoft-Windows-Sysmon/Operational</Channel><Computer>WIN-WKS02</Computer><Security UserID="S-1-5-18" /></System><EventData><Data Name="UtcTime">2026-02-17 09:43:00.000</Data><Data Name="Image">C:\Windows\System32\svchost.exe</Data><Data Name="SourceIp">10.10.10.25</Data><Data Name="SourcePort">54741</Data><Data Name="DestinationIp">10.10.20.10</Data><Data Name="DestinationPort">53</Data><Data Name="Protocol">tcp</Data></EventData></Event>
  <Event xmlns="http://schemas.microsoft.com/win/2004/08/events/event"><System><Provider Name="Microsoft-Windows-Security-Auditing" Guid="{54849625-5478-4994-A5BA-3E3B0328C30D}" /><EventID>4726</EventID><Version>1</Version><Level>4</Level><Task>1</Task><Opcode>0</Opcode><Keywords>0x8000000000000000</Keywords><TimeCreated SystemTime="2026-02-17T09:45:00.0000000Z" /><EventRecordID>53</EventRecordID><Correlation /><Execution ProcessID="600" ThreadID="700" /><Channel>Security</Channel><Computer>WIN-WKS04</Computer><Security UserID="S-1-5-18" /></System><EventData><Data Name="TargetUserName">olduser</Data></EventData></Event>
  <Event xmlns="http://schemas.microsoft.com/win/2004/08/events/event"><System><Provider Name="Microsoft-Windows-Security-Auditing" Guid="{54849625-5478-4994-A5BA-3E3B0328C30D}" /><EventID>4740</EventID><Version>1</Version><Level>4</Level><Task>1</Task><Opcode>0</Opcode><Keywords>0x8000000000000000</Keywords><TimeCreated SystemTime="2026-02-17T09:47:00.0000000Z" /><EventRecordID>54</EventRecordID><Correlation /><Execution ProcessID="600" ThreadID="700" /><Channel>Security</Channel><Computer>WIN-WKS02</Computer><Security UserID="S-1-5-18" /></System><EventData><Data Name="TargetUserName">mchen</Data><Data Name="CallerComputerName">WIN-DC01</Data></EventData></Event>
  