<?xml version="1.0" encoding="utf-8"?>
<Events>
  <Event xmlns="http://schemas.microsoft.com/win/2004/08/events/event"><System><Provider Name="Microsoft-Windows-Security-Auditing" Guid="{54849625-5478-4994-A5BA-3E3B0328C30D}" /><EventID>4624</EventID><Version>1</Version><Level>4</Level><Task>1</Task><Opcode>0</Opcode><Keywords>0x8000000000000000</Keywords><TimeCreated SystemTime="2026-02-18T09:00:00.0000000Z" /><EventRecordID>1001</EventRecordID><Correlation /><Execution ProcessID="600" ThreadID="700" /><Channel>Security</Channel><Computer>WIN-WKS03</Computer><Security UserID="S-1-5-18" /></System><EventData><Data Name="TargetUserName">mchen</Data><Data Name="LogonType">10</Data><Data Name="IpAddress">10.10.10.41</Data></EventData></Event>
  <Event xmlns="http://schemas.microsoft.com/win/2004/08/events/event"><System><Provider Name="Microsoft-Windows-Sysmon" Guid="{5770385f-c22a-43e0-bf4c-06f5698ffbd9}" /><EventID>3</EventID><Version>1</Version><Level>4</Level><Task>1</Task><Opcode>0</Opcode><Keywords>0x8000000000000000</Keywords><TimeCreated SystemTime="2026-02-18T09:02:00.0000000Z" /><EventRecordID>1002</EventRecordID><Correlation /><Execution ProcessID="600" ThreadID="700" /><Channel>Microsoft-Windows-Sysmon/Operational</Channel><Computer>WIN-WKS03</Computer><Security UserID="S-1-5-18" /></System><EventData><Data Name="UtcTime">2026-02-18 09:02:00.000</Data><Data Name="Image">C:\Windows\System32\svchost.exe</Data><Data Name="SourceIp">10.10.10.25</Data><Data Name="SourcePort">46959</Data><Data Name="DestinationIp">10.10.20.10</Data><Data Name="DestinationPort">445</Data><Data Name="Protocol">tcp</Data></EventData></Event>
  <Event xmlns="http://schemas.microsoft.com/win/2004/08/events/event"><System><Provider Name="Microsoft-Windows-Security-Auditing" Guid="{54849625-5478-4994-A5BA-3E3B0328C30D}" /><EventID>4625</EventID><Version>1</Version><Level>4</Level><Task>1</Task><Opcode>0</Opcode><Keywords>0x8000000000000000</Keywords><TimeCreated SystemTime="2026-02-18T09:04:00.0000000Z" /><EventRecordID>1003</EventRecordID><Correlation /><Execution ProcessID="600" ThreadID="700" /><Channel>Security</Channel><Computer>WIN-WKS03</Computer><Security UserID="S-1-5-18" /></System><EventData><Data Name="TargetUserName">asmith</Data><Data Name="LogonType">3</Data><Data Name="IpAddress">10.10.40.22</Data><Data Name="FailureReason">Unknown user name or bad password</Data></EventData></Event>
  <Event xmlns="http://schemas.microsoft.com/win/2004/08/events/event"><System><Provider Name="Microsoft-Windows-Sysmon" Guid="{5770385f-c22a-43e0-bf4c-06f5698ffbd9}" /><EventID>10</EventID><Version>1</Version><Level>4</Level><Task>1</Task><Opcode>0</Opcode><Keywords>0x8000000000000000</Keywords><TimeCreated SystemTime="2026-02-18T09:07:00.0000000Z" /><EventRecordID>1004</EventRecordID><Correlation /><Execution ProcessID="600" ThreadID="700" /><Channel>Microsoft-Windows-Sysmon/Operational</Channel><Computer>WIN-WKS02</Computer><Security UserID="S-1-5-18" /></System><EventData><Data Name="SourceImage">C:\Windows\System32\svchost.exe</Data><Data Name="TargetImage">C:\Windows\System32\lsass.exe</Data><Data Name="GrantedAccess">0x1010</Data></EventData></Event>
  <Event xmlns="http://schemas.microsoft.com/win/2004/08/events/event"><System><Provider Name="Microsoft-Windows-Security-Auditing" Guid="{54849625-5478-4994-A5BA-3E3B0328C30D}" /><EventID>4624</EventID><Version>1</Version><Level>4</Level><Task>1</Task><Opcode>0</Opcode><Keywords>0x8000000000000000</Keywords><TimeCreated SystemTime="2026-02-18T09:09:00.0000000Z" /><EventRecordID>1005</EventRecordID><Correlation /><Execution ProcessID="600" ThreadID="700" /><Channel>Security</Channel><Computer>WIN-WKS04</Computer><Security UserID="S-1-5-18" /></System><EventData><Data Name="TargetUserName">asmith</Data><Data Name="LogonType">3</Data><Data Name="IpAddress">10.10.20.15</Data></EventData></Event>
  <Event xmlns="http://schemas.microsoft.com/win/2004/08/events/event"><System><Provider Name="Microsoft-Windows-Sysmon" Guid="{5770385f-c22a-43e0-bf4c-06f5698ffbd9}" /><EventID>3</EventID><Version>1</Version><Level>4</Level><Task>1</Task><Opcode>0</Opcode><Keywords>0x8000000000000000</Keywords><TimeCreated SystemTime="2026-02-18T09:10:00.0000000Z" /><EventRecordID>1006</EventRecordID><Correlation /><Execution ProcessID="600" ThreadID="700" /><Channel>Microsoft-Windows-Sysmon/Operational</Channel><Computer>WIN-WKS01</Computer><Security UserID="S-1-5-18" /></System><EventData><Data Name="UtcTime">2026-02-18 09:10:00.000</Data><Data Name="Image">C:\Windows\System32\svchost.exe</Data><Data Name="SourceIp">10.10.10.25</Data><Data Name="SourcePort">61783</Data><Data Name="DestinationIp">10.10.20.10</Data><Data Name="DestinationPort">445</Data><Data Name="Protocol">tcp</Data></EventData></Event>
  <Event xmlns="http://schemas.microsoft.com/win/2004/08/events/event"><System><Provider Name="Microsoft-Windows-Security-Auditing" Guid="{54849625-5478-4994-A5BA-3E3B0328C30D}" /><EventID>4624</EventID><Version>1</Version><Level>4</Level><Task>1</Task><Opcode>0</Opcode><Keywords>0x8000000000000000</Keywords><TimeCreated SystemTime="2026-02-18T09:13:00.0000000Z" /><EventRecordID>1007</EventRecordID><Correlation /><Execution ProcessID="600" ThreadID="700" /><Channel>Security</Channel><Computer>WIN-WKS02</Computer><Security UserID="S-1-5-18" /></System><EventData><Data Name="TargetUserName">mchen</Data><Data Name="LogonType">10</Data><Data Name="IpAddress">-</Data></EventData></Event>
  <Event xmlns="http://schemas.microsoft.com/win/2004/08/events/event"><System><Provider Name="Microsoft-Windows-Sysmon" Guid="{5770385f-c22a-43e0-bf4c-06f5698ffbd9}" /><EventID>1</EventID><Version>1</Version><Level>4</Level><Task>1</Task><Opcode>0</Opcode><Keywords>0x8000000000000000</Keywords><TimeCreated SystemTime="2026-02-18T09:14:00.0000000Z" /><EventRecordID>1008</EventRecordID><Correlation /><Execution ProcessID="600" ThreadID="700" /><Channel>Microsoft-Windows-Sysmon/Operational</Channel><Computer>WIN-WKS04</Computer><Security UserID="S-1-5-18" /></System><EventData><Data Name="UtcTime">2026-02-18 09:14:00.000</Data><Data Name="ProcessGuid">{bb0841d5824cbf5f950221be3e456e42}</Data><Data Name="ProcessId">3457</Data><Data Name="Image">C:\Windows\explorer.exe</Data><Data Name="CommandLine">explorer.exe</Data><Data Name="CurrentDirectory">C:\Users\asmith\</Data><Data Name="User">CORP\asmith</Data><Data Name="ParentProcessGuid">{9ac21be168a2848e6d3a738500ce1a78}</Data><Data Name="ParentImage">C:\Windows\explorer.exe</Data><Data Name="ParentCommandLine"></Data></EventData></Event>
  <Event xmlns="http://schemas.microsoft.com/win/2004/08/events/event"><System><Provider Name="Microsoft-Windows-Sysmon" Guid="{5770385f-c22a-43e0-bf4c-06f5698ffbd9}" /><EventID>1</EventID><Version>1</Version><Level>4</Level><Task>1</Task><Opcode>0</Opcode><Keywords>0x8000000000000000</Keywords><TimeCreated SystemTime="2026-02-18T09:17:00.0000000Z" /><EventRecordID>1009</EventRecordID><Correlation /><Execution ProcessID="600" ThreadID="700" /><Channel>Microsoft-Windows-Sysmon/Operational</Channel><Computer>WIN-WKS02</Computer><Security UserID="S-1-5-18" /></System><EventData><Data Name="UtcTime">2026-02-18 09:17:00.000</Data><Data Name="ProcessGuid">{049bbcc1726434a3b0e6b64ea9987d6e}</Data><Data Name="ProcessId">5864</Data><Data Name="Image">C:\Windows\explorer.exe</Data><Data Name="CommandLine">explorer.exe</Data><Data Name="CurrentDirectory">C:\Users\slee\</Data><Data Name="User">CORP\slee</Data><Data Name="ParentProcessGuid">{171aee1861e10de84f11832ea24fd380}</Data><Data Name="ParentImage">C:\Windows\System32\services.exe</Data><Data Name="ParentCommandLine"></Data></EventData></Event>
  <Event xmlns="http://schemas.microsoft.com/win/2004/08/events/event"><System><Provider Name="Microsoft-Windows-Sysmon" Guid="{5770385f-c22a-43e0-bf4c-06f5698ffbd9}" /><EventID>1</EventID><Version>1</Version><Level>4</Level><Task>1</Task><Opcode>0</Opcode><Keywords>0x8000000000000000</Keywords><TimeCreated SystemTime="2026-02-18T09:18:00.0000000Z" /><EventRecordID>1010</EventRecordID><Correlation /><Execution ProcessID="600" ThreadID="700" /><Channel>Microsoft-Windows-Sysmon/Operational</Channel><Computer>WIN-WKS03</Computer><Security UserID="S-1-5-18" /></System><EventData><Data Name="UtcTime">2026-02-18 09:18:00.000</Data><Data Name="ProcessGuid">{76556e416730a4f4331e28c413913997}</Data><Data Name="ProcessId">3716</Data><Data Name="Image">C:\Program Files\Google\Chrome\Application\chrome.exe</Data><Data Name="CommandLine">chrome.exe</Data><Data Name="CurrentDirectory">C:\Users\asmith\</Data><Data Name="User">CORP\asmith</Data><Data Name="ParentProcessGuid">{cc4a179c7f76d45fef6806a17981c48b}</Data><Data Name="ParentImage">C:\Windows\explorer.exe</Data><Data Name="ParentCommandLine"></Data></EventData></Event>
  <Event xmlns="http://schemas.microsoft.com/win/2004/08/events/event"><System><Provider Name="Microsoft-Windows-Security-Auditing" Guid="{54849625-5478-4994-A5BA-3E3B0328C30D}" /><EventID>4723</EventID><Version>1</Version><Level>4</Level><Task>1</Task><Opcode>0</Opcode><Keywords>0x8000000000000000</Keywords><TimeCreated SystemTime="2026-02-18T09:21:00.0000000Z" /><EventRecordID>1011</EventRecordID><Correlation /><Execution ProcessID="600" ThreadID="700" /><Channel>Security</Channel><Computer>WIN-WKS03</Computer><Security UserID="S-1-5-18" /></System><EventData><Data Name="TargetUserName">jdoe</Data><Data Name="SubjectUserName">CORP\jdoe</Data></EventData></Event>
  <Event xmlns="http://schemas.microsoft.com/win/2004/08/events/event"><System><Provider Name="Microsoft-Windows-Sysmon" Guid="{5770385f-c22a-43e0-bf4c-06f5698ffbd9}" /><EventID>3</EventID><Version>1</Version><Level>4</Level><Task>1</Task><Opcode>0</Opcode><Keywords>0x8000000000000000</Keywords><TimeCreated SystemTime="2026-02-18T09:23:00.0000000Z" /><EventRecordID>1012</EventRecordID><Correlation /><Execution ProcessID="600" ThreadID="700" /><Channel>Microsoft-Windows-Sysmon/Operational</Channel><Computer>WIN-WKS01</Computer><Security UserID="S-1-5-18" /></System><EventData><Data Name="UtcTime">2026-02-18 09:23:00.000</Data><Data Name="Image">C:\Windows\System32\svchost.exe</Data><Data Name="SourceIp">10.10.10.25</Data><Data Name="SourcePort">52167</Data><Data Name="DestinationIp">10.10.20.10</Data><Data Name="DestinationPort">53</Data><Data Name="Protocol">tcp</Data></EventData></Event>
  <Event xmlns="http://schemas.microsoft.com/win/2004/08/events/event"><System><Provider Name="Microsoft-Windows-Security-Auditing" Guid="{54849625-5478-4994-A5BA-3E3B0328C30D}" /><EventID>4624</EventID><Version>1</Version><Level>4</Level><Task>1</Task><Opcode>0</Opcode><Keywords>0x8000000000000000</Keywords><TimeCreated SystemTime="2026-02-18T09:25:00.0000000Z" /><EventRecordID>1013</EventRecordID><Correlation /><Execution ProcessID="600" ThreadID="700" /><Channel>Security</Channel><Computer>WIN-WKS01</Computer><Security UserID="S-1-5-18" /></System><EventData><Data Name="TargetUserName">bwilson</Data><Data Name="LogonType">2</Data><Data Name="IpAddress">-</Data></EventData></Event>
  <Event xmlns="http://schemas.microsoft.com/win/2004/08/events/event"><System><Provider Name="Microsoft-Windows-Sysmon" Guid="{5770385f-c22a-43e0-bf4c-06f5698ffbd9}" /><EventID>12</EventID><Version>1</Version><Level>4</Level><Task>1</Task><Opcode>0</Opcode><Keywords>0x8000000000000000</Keywords><TimeCreated SystemTime="2026-02-18T09:26:00.0000000Z" /><EventRecordID>1014</EventRecordID><Correlation /><Execution ProcessID="600" ThreadID="700" /><Channel>Microsoft-Windows-Sysmon/Operational</Channel><Computer>WIN-WKS04</Computer><Security UserID="S-1-5-18" /></System><EventData><Data Name="EventType">CreateKey</Data><Data Name="TargetObject">HKCU\\Software\\Microsoft\\Windows\\CurrentVersion\\Run\\CorpUpdater</Data></EventData></Event>
  <Event xmlns="http://schemas.microsoft.com/win/2004/08/events/event"><System><Provider Name="Microsoft-Windows-Security-Auditing" Guid="{54849625-5478-4994-A5BA-3E3B0328C30D}" /><EventID>4672</EventID><Version>1</Version><Level>4</Level><Task>1</Task><Opcode>0</Opcode><Keywords>0x8000000000000000</Keywords><TimeCreated SystemTime="2026-02-18T09:28:00.0000000Z" /><EventRecordID>1015</EventRecordID><Correlation /><Execution ProcessID="600" ThreadID="700" /><Channel>Security</Channel><Computer>WIN-WKS04</Computer><Security UserID="S-1-5-18" /></System><EventData><Data Name="SubjectUserName">CORP\mchen</Data><Data Name="Privileges">SeDebugPrivilege;SeBackupPrivilege;SeRestorePrivilege</Data></EventData></Event>
  <Event xmlns="http://schemas.microsoft.com/win/2004/08/events/event"><System><Provider Name="Microsoft-Windows-Security-Auditing" Guid="{54849625-5478-4994-A5BA-3E3B0328C30D}" /><EventID>4625</EventID><Version>1</Version><Level>4</Level><Task>1</Task><Opcode>0</Opcode><Keywords>0x8000000000000000</Keywords><TimeCreated SystemTime="2026-02-18T09:30:00.0000000Z" /><EventRecordID>1016</EventRecordID><Correlation /><Execution ProcessID="600" ThreadID="700" /><Channel>Security</Channel><Computer>WIN-WKS03</Computer><Security UserID="S-1-5-18" /></System><EventData><Data Name="TargetUserName">mchen</Data><Data Name="LogonType">3</Data><Data Name="IpAddress">10.10.30.55</Data><Data Name="FailureReason">Unknown user name or bad password</Data></EventData></Event>
  <Event xmlns="http://schemas.microsoft.com/win/2004/08/events/event"><System><Provider Name="Microsoft-Windows-Security-Auditing" Guid="{54849625-5478-4994-A5BA-3E3B0328C30D}" /><EventID>4725</EventID><Version>1</Version><Level>4</Level><Task>1</Task><Opcode>0</Opcode><Keywords>0x8000000000000000</Keywords><TimeCreated SystemTime="2026-02-18T09:33:00.0000000Z" /><EventRecordID>1017</EventRecordID><Correlation /><Execution ProcessID="600" ThreadID="700" /><Channel>Security</Channel><Computer>WIN-WKS03</Computer><Security UserID="S-1-5-18" /></System><EventData><Data Name="TargetUserName">slee</Data></EventData></Event>
  <Event xmlns="http://schemas.microsoft.com/win/2004/08/events/event"><System><Provider Name="Microsoft-Windows-Security-Auditing" Guid="{54849625-5478-4994-A5BA-3E3B0328C30D}" /><EventID>4624</EventID><Version>1</Version><Level>4</Level><Task>1</Task><Opcode>0</Opcode><Keywords>0x8000000000000000</Keywords><TimeCreated SystemTime="2026-02-18T09:34:00.0000000Z" /><EventRecordID>1018</EventRecordID><Correlation /><Execution ProcessID="600" ThreadID="700" /><Channel>Security</Channel><Computer>WIN-WKS01</Computer><Security UserID="S-1-5-18" /></System><EventData><Data Name="TargetUserName">slee</Data><Data Name="LogonType">10</Data><Data Name="IpAddress">10.10.10.25</Data></EventData></Event>
  <Event xmlns="http://schemas.microsoft.com/win/2004/08/events/event"><System><Provider Name="Microsoft-Windows-Sysmon" Guid="{5770385f-c22a-43e0-bf4c-06f5698ffbd9}" /><EventID>1</EventID><Version>1</Version><Level>4</Level><Task>1</Task><Opcode>0</Opcode><Keywords>0x8000000000000000</Keywords><TimeCreated SystemTime="2026-02-18T09:37:00.0000000Z" /><EventRecordID>1019</EventRecordID><Correlation /><Execution ProcessID="600" ThreadID="700" /><Channel>Microsoft-Windows-Sysmon/Operational</Channel><Computer>WIN-WKS03</Computer><Security UserID="S-1-5-18" /></System><EventData><Data Name="UtcTime">2026-02-18 09:37:00.000</Data><Data Name="ProcessGuid">{4bf74e2c3f31e8bc527dd51b30585497}</Data><Data Name="ProcessId">10049</Data><Data Name="Image">C:\Program Files\Google\Chrome\Application\chrome.exe</Data><Data Name="CommandLine">chrome.exe</Data><Data Name="CurrentDirectory">C:\Users\mchen\</Data><Data Name="User">CORP\mchen</Data><Data Name="ParentProcessGuid">{26416f34ff95455fdf15b28500a14875}</Data><Data Name="ParentImage">C:\Windows\System32\services.exe</Data><Data Name="ParentCommandLine"></Data></EventData></Event>
  <Event xmlns="http://schemas.microsoft.com/win/2004/08/events/event"><System><Provider Name="Microsoft-Windows-Security-Auditing" Guid="{54849625-5478-4994-A5BA-3E3B0328C30D}" /><EventID>4732</EventID><Version>1</Version><Level>4</Level><Task>1</Task><Opcode>0</Opcode><Keywords>0x8000000000000000</Keywords><TimeCreated SystemTime="2026-02-18T09:39:00.0000000Z" /><EventRecordID>1020</EventRecordID><Correlation /><Execution ProcessID="600" ThreadID="700" /><Channel>Security</Channel><Computer>WIN-WKS02</Computer><Security UserID="S-1-5-18" /></System><EventData><Data Name="MemberName">CORP\asmith</Data><Data Name="TargetUserName">IT-Admins</Data></EventData></Event>
  <Event xmlns="http://schemas.microsoft.com/win/2004/08/events/event"><System><Provider Name="Microsoft-Windows-Security-Auditing" Guid="{54849625-5478-4994-A5BA-3E3B0328C30D}" /><EventID>4732</EventID><Version>1</Version><Level>4</Level><Task>1</Task><Opcode>0</Opcode><Keywords>0x8000000000000000</Keywords><TimeCreated SystemTime="2026-02-18T09:41:00.0000000Z" /><EventRecordID>1021</EventRecordID><Correlation /><Execution ProcessID="600" ThreadID="700" /><Channel>Security</Channel><Computer>WIN-WKS03</Computer><Security UserID="S-1-5-18" /></System><EventData><Data Name="MemberName">CORP\mchen</Data><Data Name="TargetUserName">IT-Admins</Data></EventData></Event>
  <Event xmlns="http://schemas.microsoft.com/win/2004/08/events/event"><System><Provider Name="Microsoft-Windows-Security-Auditing" Guid="{54849625-5478-4994-A5BA-3E3B0328C30D}" /><EventID>1101</EventID><Version>1</Version><Level>4</Level><Task>1</Task><Opcode>0</Opcode><Keywords>0x8000000000000000</Keywords><TimeCreated SystemTime="2026-02-18T09:43:00.0000000Z" /><EventRecordID>1022</EventRecordID><Correlation /><Execution ProcessID="600" ThreadID="700" /><Channel>Security</Channel><Computer>WIN-WKS03</Computer><Security UserID="S-1-5-18" /></System><EventData><Data Name="SubjectUserName">CORP\jdoe</Data><Data Name="BackupPath">-</Data></EventData></Event>
  <Event xmlns="http://schemas.microsoft.com/win/2004/08/events/event"><System><Provider Name="Microsoft-Windows-Security-Auditing" Guid="{54849625-5478-4994-A5BA-3E3B0328C30D}" /><EventID>4729</EventID><Version>1</Version><Level>4</Level><Task>1</Task><Opcode>0</Opcode><Keywords>0x8000000000000000</Keywords><TimeCreated SystemTime="2026-02-18T09:44:00.0000000Z" /><EventRecordID>1023</EventRecordID><Correlation /><Execution ProcessID="600" ThreadID="700" /><Channel>Security</Channel><Computer>WIN-WKS02</Computer><Security UserID="S-1-5-18" /></System><EventData><Data Name="MemberName">CORP\jdoe</Data><Data Name="TargetUserName">Remote Desktop Users</Data></EventData></Event>
  <Event xmlns="http://schemas.microsoft.com/win/2004/08/events/event"><System><Provider Name="Microsoft-Windows-Security-Auditing" Guid="{54849625-5478-4994-A5BA-3E3B0328C30D}" /><EventID>4625</EventID><Version>1</Version><Level>4</Level><Task>1</Task><Opcode>0</Opcode><Keywords>0x8000000000000000</Keywords><TimeCreated SystemTime="2026-02-18T09:47:00.0000000Z" /><EventRecordID>1024</EventRecordID><Correlation /><Execution ProcessID="600" ThreadID="700" /><Channel>Security</Channel><Computer>WIN-WKS02</Computer><Security UserID="S-1-5-18" /></System><EventData><Data Name="TargetUserName">bwilson</Data><Data Name="LogonType">3</Data><Data Name="IpAddress">10.10.40.22</Data><Data Name="FailureReason">Unknown user name or bad password</Data></EventData></Event>
  <Event xmlns="http://schemas.microsoft.com/win/2004/08/events/event"><System><Provider Name="Microsoft-Windows-Security-Auditing" Guid="{54849625-5478-4994-A5BA-3E3B0328C30D}" /><EventID>4624</EventID><Version>1</Version><Level>4</Level><Task>1</Task><Opcode>0</Opcode><Keywords>0x8000000000000000</Keywords><TimeCreated SystemTime="2026-02-18T09:48:00.0000000Z" /><EventRecordID>1025</EventRecordID><Correlation /><Execution ProcessID="600" ThreadID="700" /><Channel>Security</Channel><Computer>WIN-WKS02</Computer><Security UserID="S-1-5-18" /></System><EventData><Data Name="TargetUserName">jdoe</Data><Data Name="LogonType">10</Data><Data Name="IpAddress">-</Data></EventData></Event>
  <Event xmlns="http://schemas.microsoft.com/win/2004/08/events/event"><System><Provider Name="Microsoft-Windows-Sysmon" Guid="{5770385f-c22a-43e0-bf4c-06f5698ffbd9}" /><EventID>1</EventID><Version>1</Version><Level>4</Level><Task>1</Task><Opcode>0</Opcode><Keywords>0x8000000000000000</Keywords><TimeCreated SystemTime="2026-02-18T09:50:00.0000000Z" /><EventRecordID>1026</EventRecordID><Correlation /><Execution ProcessID="600" ThreadID="700" /><Channel>Microsoft-Windows-Sysmon/Operational</Channel><Computer>WIN-WKS03</Computer><Security UserID="S-1-5-18" /></System><EventData><Data Name="UtcTime">2026-02-18 09:50:00.000</Data><Data Name="ProcessGuid">{c1b2569051cb6f47b50fe79ea2deb1bf}</Data><Data Name="ProcessId">1645</Data><Data Name="Image">C:\Program Files\Google\Chrome\Application\chrome.exe</Data><Data Name="CommandLine">chrome.exe</Data><Data Name="CurrentDirectory">C:\Users\asmith\</Data><Data Name="User">CORP\asmith</Data><Data Name="ParentProcessGuid">{2bba212ec97865649834b05da9ba4d7d}</Data><Data Name="ParentImage">C:\Windows\System32\svchost.exe</Data><Data Name="ParentCommandLine"></Data></EventData></Event>
  <Event xmlns="http://schemas.microsoft.com/win/2004/08/events/event"><System><Provider Name="Microsoft-Windows-Security-Auditing" Guid="{54849625-5478-4994-A5BA-3E3B0328C30D}" /><EventID>4728</EventID><Version>1</Version><Level>4</Level><Task>1</Task><Opcode>0</Opcode><Keywords>0x8000000000000000</Keywords><TimeCreated SystemTime="2026-02-18T09:52:00.0000000Z" /><EventRecordID>1027</EventRecordID><Correlation /><Execution ProcessID="600" ThreadID="700" /><Channel>Security</Channel><Computer>WIN-WKS01</Computer><Security UserID="S-1-5-18" /></System><EventData><Data Name="MemberName">CORP\bwilson</Data><Data Name="TargetUserName">Administrators</Data></EventData></Event>
  <Event xmlns="http://schemas.microsoft.com/win/2004/08/events/event"><System><Provider Name="Microsoft-Windows-Security-Auditing" Guid="{54849625-5478-4994-A5BA-3E3B0328C30D}" /><EventID>4624</EventID><Version>1</Version><Level>4</Level><Task>1</Task><Opcode>0</Opcode><Keywords>0x8000000000000000</Keywords><TimeCreated SystemTime="2026-02-18T09:54:00.0000000Z" /><EventRecordID>1028</EventRecordID><Correlation /><Execution ProcessID="600" ThreadID="700" /><Channel>Security</Channel><Computer>WIN-WKS03</Computer><Security UserID="S-1-5-18" /></System><EventData><Data Name="TargetUserName">asmith</Data><Data Name="LogonType">10</Data><Data Name="IpAddress">10.10.20.15</Data></EventData></Event>
  <Event xmlns="http://schemas.microsoft.com/win/2004/08/events/event"><System><Provider Name="Microsoft-Windows-Security-Auditing" Guid="{54849625-5478-4994-A5BA-3E3B0328C30D}" /><EventID>4672</EventID><Version>1</Version><Level>4</Level><Task>1</Task><Opcode>0</Opcode><Keywords>0x8000000000000000</Keywords><TimeCreated SystemTime="2026-02-18T09:56:00.0000000Z" /><EventRecordID>1029</EventRecordID><Correlation /><Execution ProcessID="600" ThreadID="700" /><Channel>Security</Channel><Computer>WIN-WKS03</Computer><Security UserID="S-1-5-18" /></System><EventData><Data Name="SubjectUserName">CORP\slee</Data><Data Name="Privileges">SeDebugPrivilege;SeBackupPrivilege;SeRestorePrivilege</Data></EventData></Event>
  <Event xmlns="http://schemas.microsoft.com/win/2004/08/events/event"><System><Provider Name="Microsoft-Windows-Security-Auditing" Guid="{54849625-5478-4994-A5BA-3E3B0328C30D}" /><EventID>4648</EventID><Version>1</Version><Level>4</Level><Task>1</Task><Opcode>0</Opcode><Keywords>0x8000000000000000</Keywords><TimeCreated SystemTime="2026-02-18T09:59:00.0000000Z" /><EventRecordID>1030</EventRecordID><Correlation /><Execution ProcessID="600" ThreadID="700" /><Channel>Security</Channel><Computer>WIN-WKS01</Computer><Security UserID="S-1-5-18" /></System><EventData><Data Name="SubjectUserName">asmith</Data><Data Name="TargetUserName">jdoe</Data><Data Name="TargetServerName">WIN-SRV01</Data></EventData></Event>
  <Event xmlns="http://schemas.microsoft.com/win/2004/08/events/event"><System><Provider Name="Microsoft-Windows-Security-Auditing" Guid="{54849625-5478-4994-A5BA-3E3B0328C30D}" /><EventID>4720</EventID><Version>1</Version><Level>4</Level><Task>1</Task><Opcode>0</Opcode><Keywords>0x8000000000000000</Keywords><TimeCreated SystemTime="2026-02-18T10:00:00.0000000Z" /><EventRecordID>1031</EventRecordID><Correlation /><Execution ProcessID="600" ThreadID="700" /><Channel>Security</Channel><Computer>WIN-WKS03</Computer><Security UserID="S-1-5-18" /></System><EventData><Data Name="TargetUserName">temp8</Data><Data Name="SubjectUserName">CORP\itadmin</Data></EventData></Event>
  <Event xmlns="http://schemas.microsoft.com/win/2004/08/events/event"><System><Provider Name="Microsoft-Windows-Sysmon" Guid="{5770385f-c22a-43e0-bf4c-06f5698ffbd9}" /><EventID>12</EventID><Version>1</Version><Level>4</Level><Task>1</Task><Opcode>0</Opcode><Keywords>0x8000000000000000</Keywords><TimeCreated SystemTime="2026-02-18T10:03:00.0000000Z" /><EventRecordID>1032</EventRecordID><Correlation /><Execution ProcessID="600" ThreadID="700" /><Channel>Microsoft-Windows-Sysmon/Operational</Channel><Computer>WIN-WKS01</Computer><Security UserID="S-1-5-18" /></System><EventData><Data Name="EventType">CreateKey</Data><Data Name="TargetObject">HKCU\\Software\\Microsoft\\Windows\\CurrentVersion\\Run\\CorpUpdater</Data></EventData></Event>
  <Event xmlns="http://schemas.microsoft.com/win/2004/08/events/event"><System><Provider Name="Microsoft-Windows-Sysmon" Guid="{5770385f-c22a-43e0-bf4c-06f5698ffbd9}" /><EventID>7</EventID><Version>1</Version><Level>4</Level><Task>1</Task><Opcode>0</Opcode><Keywords>0x8000000000000000</Keywords><TimeCreated SystemTime="2026-02-18T10:05:00.0000000Z" /><EventRecordID>1033</EventRecordID><Correlation /><Execution ProcessID="600" ThreadID="700" /><Channel>Microsoft-Windows-Sysmon/Operational</Channel><Computer>WIN-WKS04</Computer><Security UserID="S-1-5-18" /></System><EventData><Data Name="UtcTime">2026-02-18 10:05:00.000</Data><Data Name="Image">C:\Windows\System32\svchost.exe</Data><Data Name="ImageLoaded">C:\Windows\System32\kernel32.dll</Data></EventData></Event>
  <Event xmlns="http://schemas.microsoft.com/win/2004/08/events/event"><System><Provider Name="Microsoft-Windows-Sysmon" Guid="{5770385f-c22a-43e0-bf4c-06f5698ffbd9}" /><EventID>1</EventID><Version>1</Version><Level>4</Level><Task>1</Task><Opcode>0</Opcode><Keywords>0x8000000000000000</Keywords><TimeCreated SystemTime="2026-02-18T10:06:00.0000000Z" /><EventRecordID>1034</EventRecordID><Correlation /><Execution ProcessID="600" ThreadID="700" /><Channel>Microsoft-Windows-Sysmon/Operational</Channel><Computer>WIN-WKS03</Computer><Security UserID="S-1-5-18" /></System><EventData><Data Name="UtcTime">2026-02-18 10:06:00.000</Data><Data Name="ProcessGuid">{6407f532596ce259a526815b1c15d164}</Data><Data Name="ProcessId">4182</Data><Data Name="Image">C:\Windows\System32\svchost.exe</Data><Data Name="CommandLine">svchost.exe</Data><Data Name="CurrentDirectory">C:\Users\bwilson\</Data><Data Name="User">CORP\bwilson</Data><Data Name="ParentProcessGuid">{f2c4d5ca230d4e58e353e56710496a7f}</Data><Data Name="ParentImage">C:\Windows\System32\services.exe</Data><Data Name="ParentCommandLine"></Data></EventData></Event>
  <Event xmlns="http://schemas.microsoft.com/win/2004/08/events/event"><System><Provider Name="Microsoft-Windows-Sysmon" Guid="{5770385f-c22a-43e0-bf4c-06f5698ffbd9}" /><EventID>1</EventID><Version>1</Version><Level>4</Level><Task>1</Task><Opcode>0</Opcode><Keywords>0x8000000000000000</Keywords><TimeCreated SystemTime="2026-02-18T10:08:00.0000000Z" /><EventRecordID>1035</EventRecordID><Correlation /><Execution ProcessID="600" ThreadID="700" /><Channel>Microsoft-Windows-Sysmon/Operational</Channel><Computer>WIN-WKS01</Computer><Security UserID="S-1-5-18" /></System><EventData><Data Name="UtcTime">2026-02-18 10:08:00.000</Data><Data Name="ProcessGuid">{7fe3b27a951e582013224c91143fd83f}</Data><Data Name="ProcessId">6393</Data><Data Name="Image">C:\Program Files\Google\Chrome\Application\chrome.exe</Data><Data Name="CommandLine">chrome.exe</Data><Data Name="CurrentDirectory">C:\Users\jdoe\</Data><Data Name="User">CORP\jdoe</Data><Data Name="ParentProcessGuid">{4ae7a45ed817615efa93e8b88d7da6a0}</Data><Data Name="ParentImage">C:\Windows\System32\svchost.exe</Data><Data Name="ParentCommandLine"></Data></EventData></Event>
  <Event xmlns="http://schemas.microsoft.com/win/2004/08/events/event"><System><Provider Name="Microsoft-Windows-Security-Auditing" Guid="{54849625-5478-4994-A5BA-3E3B0328C30D}" /><EventID>4624</EventID><Version>1</Version><Level>4</Level><Task>1</Task><Opcode>0</Opcode><Keywords>0x8000000000000000</Keywords><TimeCreated SystemTime="2026-02-18T10:10:00.0000000Z" /><EventRecordID>1036</EventRecordID><Correlation /><Execution ProcessID="600" ThreadID="700" /><Channel>Security</Channel><Computer>WIN-WKS03</Computer><Security UserID="S-1-5-18" /></System><EventData><Data Name="TargetUserName">asmith</Data><Data Name="LogonType">10</Data><Data Name="IpAddress">-</Data></EventData></Event>
  <Event xmlns="http://schemas.microsoft.com/win/2004/08/events/event"><System><Provider Name="Microsoft-Windows-Security-Auditing" Guid="{54849625-5478-4994-A5BA-3E3B0328C30D}" /><EventID>4625</EventID><Version>1</Version><Level>4</Level><Task>1</Task><Opcode>0</Opcode><Keywords>0x8000000000000000</Keywords><TimeCreated SystemTime="2026-02-18T10:10:00.0000000Z" /><EventRecordID>1066</EventRecordID><Correlation /><Execution ProcessID="600" ThreadID="700" /><Channel>Security</Channel><Computer>WIN-DC01</Computer><Security UserID="S-1-5-18" /></System><EventData><Data Name="TargetUserName">jsmith</Data><Data Name="LogonType">3</Data><Data Name="IpAddress">10.10.50.77</Data><Data Name="FailureReason">Unknown user name or bad password</Data></EventData></Event>
  <Event xmlns="http://schemas.microsoft.com/win/2004/08/events/event"><System><Provider Name="Microsoft-Windows-Security-Auditing" Guid="{54849625-5478-4994-A5BA-3E3B0328C30D}" /><EventID>4625</EventID><Version>1</Version><Level>4</Level><Task>1</Task><Opcode>0</Opcode><Keywords>0x8000000000000000</Keywords><TimeCreated SystemTime="2026-02-18T10:11:00.0000000Z" /><EventRecordID>1067</EventRecordID><Correlation /><Execution ProcessID="600" ThreadID="700" /><Channel>Security</Channel><Computer>WIN-DC01</Computer><Security UserID="S-1-5-18" /></System><EventData><Data Name="TargetUserName">jsmith</Data><Data Name="LogonType">3</Data><Data Name="IpAddress">10.10.50.77</Data><Data Name="FailureReason">Unknown user name or bad password</Data></EventData></Event>
  <Event xmlns="http://schemas.microsoft.com/win/2004/08/events/event"><System><Provider Name="Microsoft-Windows-Security-Auditing" Guid="{54849625-5478-4994-A5BA-3E3B0328C30D}" /><EventID>4648</EventID><Version>1</Version><Level>4</Level><Task>1</Task><Opcode>0</Opcode><Keywords>0x8000000000000000</Keywords><TimeCreated SystemTime="2026-02-18T10:12:00.0000000Z" /><EventRecordID>1037</EventRecordID><Correlation /><Execution ProcessID="600" ThreadID="700" /><Channel>Security</Channel><Computer>WIN-WKS03</Computer><Security UserID="S-1-5-18" /></System><EventData><Data Name="SubjectUserName">bwilson</Data><Data Name="TargetUserName">slee</Data><Data Name="TargetServerName">WIN-SRV01</Data></EventData></Event>
  <Event xmlns="http://schemas.microsoft.com/win/2004/08/events/event"><System><Provider Name="Microsoft-Windows-Security-Auditing" Guid="{54849625-5478-4994-A5BA-3E3B0328C30D}" /><EventID>4625</EventID><Version>1</Version><Level>4</Level><Task>1</Task><Opcode>0</Opcode><Keywords>0x8000000000000000</Keywords><TimeCreated SystemTime="2026-02-18T10:12:00.0000000Z" /><EventRecordID>1068</EventRecordID><Correlation /><Execution ProcessID="600" ThreadID="700" /><Channel>Security</Channel><Computer>WIN-DC01</Computer><Security UserID="S-1-5-18" /></System><EventData><Data Name="TargetUserName">jsmith</Data><Data Name="LogonType">3</Data><Data Name="IpAddress">10.10.50.77</Data><Data Name="FailureReason">Unknown user name or bad password</Data></EventData></Event>
  <Event xmlns="http://schemas.microsoft.com/win/2004/08/events/event"><System><Provider Name="Microsoft-Windows-Security-Auditing" Guid="{54849625-5478-4994-A5BA-3E3B0328C30D}" /><EventID>4625</EventID><Version>1</Version><Level>4</Level><Task>1</Task><Opcode>0</Opcode><Keywords>0x8000000000000000</Keywords><TimeCreated SystemTime="2026-02-18T10:13:00.0000000Z" /><EventRecordID>1069</EventRecordID><Correlation /><Execution ProcessID="600" ThreadID="700" /><Channel>Security</Channel><Computer>WIN-DC01</Computer><Security UserID="S-1-5-18" /></System><EventData><Data Name="TargetUserName">jsmith</Data><Data Name="LogonType">3</Data><Data Name="IpAddress">10.10.50.77</Data><Data Name="FailureReason">Unknown user name or bad password</Data></EventData></Event>
  <Event xmlns="http://schemas.microsoft.com/win/2004/08/events/event"><System><Provider Name="Microsoft-Windows-Sysmon" Guid="{5770385f-c22a-43e0-bf4c-06f5698ffbd9}" /><EventID>22</EventID><Version>1</Version><Level>4</Level><Task>1</Task><Opcode>0</Opcode><Keywords>0x8000000000000000</Keywords><TimeCreated SystemTime="2026-02-18T10:14:00.0000000Z" /><EventRecordID>1038</EventRecordID><Correlation /><Execution ProcessID="600" ThreadID="700" /><Channel>Microsoft-Windows-Sysmon/Operational</Channel><Computer>WIN-WKS01</Computer><Security UserID="S-1-5-18" /></System><EventData><Data Name="QueryName">www.google.com</Data><Data Name="QueryStatus">0</Data><Data Name="Image">C:\Windows\System32\svchost.exe</Data></EventData></Event>
  <Event xmlns="http://schemas.microsoft.com/win/2004/08/events/event"><System><Provider Name="Microsoft-Windows-Security-Auditing" Guid="{54849625-5478-4994-A5BA-3E3B0328C30D}" /><EventID>4625</EventID><Version>1</Version><Level>4</Level><Task>1</Task><Opcode>0</Opcode><Keywords>0x8000000000000000</Keywords><TimeCreated SystemTime="2026-02-18T10:14:00.0000000Z" /><EventRecordID>1070</EventRecordID><Correlation /><Execution ProcessID="600" ThreadID="700" /><Channel>Security</Channel><Computer>WIN-DC01</Computer><Security UserID="S-1-5-18" /></System><EventData><Data Name="TargetUserName">jsmith</Data><Data Name="LogonType">3</Data><Data Name="IpAddress">10.10.50.77</Data><Data Name="FailureReason">Unknown user name or bad password</Data></EventData></Event>
  <Event xmlns="http://schemas.microsoft.com/win/2004/08/events/event"><System><Provider Name="Microsoft-Windows-Security-Auditing" Guid="{54849625-5478-4994-A5BA-3E3B0328C30D}" /><EventID>4625</EventID><Version>1</Version><Level>4</Level><Task>1</Task><Opcode>0</Opcode><Keywords>0x8000000000000000</Keywords><TimeCreated SystemTime="2026-02-18T10:15:00.0000000Z" /><EventRecordID>1071</EventRecordID><Correlation /><Execution ProcessID="600" ThreadID="700" /><Channel>Security</Channel><Computer>WIN-DC01</Computer><Security UserID="S-1-5-18" /></System><EventData><Data Name="TargetUserName">jsmith</Data><Data Name="LogonType">3</Data><Data Name="IpAddress">10.10.50.77</Data><Data Name="FailureReason">Unknown user name or bad password</Data></EventData></Event>
  <Event xmlns="http://schemas.microsoft.com/win/2004/08/events/event"><System><Provider Name="Microsoft-Windows-Security-Auditing" Guid="{54849625-5478-4994-A5BA-3E3B0328C30D}" /><EventID>4723</EventID><Version>1</Version><Level>4</Level><Task>1</Task><Opcode>0</Opcode><Keywords>0x8000000000000000</Keywords><TimeCreated SystemTime="2026-02-18T10:16:00.0000000Z" /><EventRecordID>1039</EventRecordID><Correlation /><Execution ProcessID="600" ThreadID="700" /><Channel>Security</Channel><Computer>WIN-WKS03</Computer><Security UserID="S-1-5-18" /></System><EventData><Data Name="TargetUserName">asmith</Data><Data Name="SubjectUserName">CORP\asmith</Data></EventData></Event>
  <Event xmlns="http://schemas.microsoft.com/win/2004/08/events/event"><System><Provider Name="Microsoft-Windows-Security-Auditing" Guid="{54849625-5478-4994-A5BA-3E3B0328C30D}" /><EventID>4625</EventID><Version>1</Version><Level>4</Level><Task>1</Task><Opcode>0</Opcode><Keywords>0x8000000000000000</Keywords><TimeCreated SystemTime="2026-02-18T10:16:00.0000000Z" /><EventRecordID>1072</EventRecordID><Correlation /><Execution ProcessID="600" ThreadID="700" /><Channel>Security</Channel><Computer>WIN-DC01</Computer><Security UserID="S-1-5-18" /></System><EventData><Data Name="TargetUserName">jsmith</Data><Data Name="LogonType">3</Data><Data Name="IpAddress">10.10.50.77</Data><Data Name="FailureReason">Unknown user name or bad password</Data></EventData></Event>
  <Event xmlns="http://schemas.microsoft.com/win/2004/08/events/event"><System><Provider Name="Microsoft-Windows-Security-Auditing" Guid="{54849625-5478-4994-A5BA-3E3B0328C30D}" /><EventID>4625</EventID><Version>1</Version><Level>4</Level><Task>1</Task><Opcode>0</Opcode><Keywords>0x8000000000000000</Keywords><TimeCreated SystemTime="2026-02-18T10:17:00.0000000Z" /><EventRecordID>1073</EventRecordID><Correlation /><Execution ProcessID="600" ThreadID="700" /><Channel>Security</Channel><Computer>WIN-DC01</Computer><Security UserID="S-1-5-18" /></System><EventData><Data Name="TargetUserName">jsmith</Data><Data Name="LogonType">3</Data><Data Name="IpAddress">10.10.50.77</Data><Data Name="FailureReason">Unknown user name or bad password</Data></EventData></Event>
  <Event xmlns="http://schemas.microsoft.com/win/2004/08/events/event"><System><Provider Name="Microsoft-Windows-Security-Auditing" Guid="{54849625-5478-4994-A5BA-3E3B0328C30D}" /><EventID>4625</EventID><Version>1</Version><Level>4</Level><Task>1</Task><Opcode>0</Opcode><Keywords>0x8000000000000000</Keywords><TimeCreated SystemTime="2026-02-18T10:18:00.0000000Z" /><EventRecordID>1074</EventRecordID><Correlation /><Execution ProcessID="600" ThreadID="700" /><Channel>Security</Channel><Computer>WIN-DC01</Computer><Security UserID="S-1-5-18" /></System><EventData><Data Name="TargetUserName">jsmith</Data><Data Name="LogonType">3</Data><Data Name="IpAddress">10.10.50.77</Data><Data Name="FailureReason">Unknown user name or bad password</Data></EventData></Event>
  <Event xmlns="http://schemas.microsoft.com/win/2004/08/events/event"><System><Provider Name="Microsoft-Windows-Security-Auditing" Guid="{54849625-5478-4994-A5BA-3E3B0328C30D}" /><EventID>4720</EventID><Version>1</Version><Level>4</Level><Task>1</Task><Opcode>0</Opcode><Keywords>0x8000000000000000</Keywords><TimeCreated SystemTime="2026-02-18T10:19:00.0000000Z" /><EventRecordID>1040</EventRecordID><Correlation /><Execution ProcessID="600" ThreadID="700" /><Channel>Security</Channel><Computer>WIN-WKS02</Computer><Security UserID="S-1-5-18" /></System><EventData><Data Name="TargetUserName">temp5</Data><Data Name="SubjectUserName">CORP\itadmin</Data></EventData></Event>
  <Event xmlns="http://schemas.microsoft.com/win/2004/08/events/event"><System><Provider Name="Microsoft-Windows-Security-Auditing" Guid="{54849625-5478-4994-A5BA-3E3B0328C30D}" /><EventID>4625</EventID><Version>1</Version><Level>4</Level><Task>1</Task><Opcode>0</Opcode><Keywords>0x8000000000000000</Keywords><TimeCreated SystemTime="2026-02-18T10:19:00.0000000Z" /><EventRecordID>1075</EventRecordID><Correlation /><Execution ProcessID="600" ThreadID="700" /><Channel>Security</Channel><Computer>WIN-DC01</Computer><Security UserID="S-1-5-18" /></System><EventData><Data Name="TargetUserName">jsmith</Data><Data Name="LogonType">3</Data><Data Name="IpAddress">10.10.50.77</Data><Data Name="FailureReason">Unknown user name or bad password</Data></EventData></Event>
  <Event xmlns="http://schemas.microsoft.com/win/2004/08/events/event"><System><Provider Name="Microsoft-Windows-Sysmon" Guid="{5770385f-c22a-43e0-bf4c-06f5698ffbd9}" /><EventID>6</EventID><Version>1</Version><Level>4</Level><Task>1</Task><Opcode>0</Opcode><Keywords>0x8000000000000000</Keywords><TimeCreated SystemTime="2026-02-18T10:20:00.0000000Z" /><EventRecordID>1041</EventRecordID><Correlation /><Execution ProcessID="600" ThreadID="700" /><Channel>Microsoft-Windows-Sysmon/Operational</Channel><Computer>WIN-WKS01</Computer><Security UserID="S-1-5-18" /></System><EventData><Data Name="UtcTime">2026-02-18 10:20:00.000</Data><Data Name="ImageLoaded">C:\Windows\System32\drivers\netio.sys</Data></EventData></Event>
  <Event xmlns="http://schemas.microsoft.com/win/2004/08/events/event"><System><Provider Name="Microsoft-Windows-Security-Auditing" Guid="{54849625-5478-4994-A5BA-3E3B0328C30D}" /><EventID>4625</EventID><Version>1</Version><Level>4</Level><Task>1</Task><Opcode>0</Opcode><Keywords>0x8000000000000000</Keywords><TimeCreated SystemTime="2026-02-18T10:20:00.0000000Z" /><EventRecordID>1076</EventRecordID><Correlation /><Execution ProcessID="600" ThreadID="700" /><Channel>Security</Channel><Computer>WIN-DC01</Computer><Security UserID="S-1-5-18" /></System><EventData><Data Name="TargetUserName">jsmith</Data><Data Name="LogonType">3</Data><Data Name="IpAddress">10.10.50.77</Data><Data Name="FailureReason">Unknown user name or bad password</Data></EventData></Event>
  <Event xmlns="http://schemas.microsoft.com/win/2004/08/events/event"><System><Provider Name="Microsoft-Windows-Security-Auditing" Guid="{54849625-5478-4994-A5BA-3E3B0328C30D}" /><EventID>4625</EventID><Version>1</Version><Level>4</Level><Task>1</Task><Opcode>0</Opcode><Keywords>0x8000000000000000</Keywords><TimeCreated SystemTime="2026-02-18T10:21:00.0000000Z" /><EventRecordID>1077</EventRecordID><Correlation /><Execution ProcessID="600" ThreadID="700" /><Channel>Security</Channel><Computer>WIN-DC01</Computer><Security UserID="S-1-5-18" /></System><EventData><Data Name="TargetUserName">jsmith</Data><Data Name="LogonType">3</Data><Data Name="IpAddress">10.10.50.77</Data><Data Name="FailureReason">Unknown user name or bad password</Data></EventData></Event>
  <Event xmlns="http://schemas.microsoft.com/win/2004/08/events/event"><System><Provider Name="Microsoft-Windows-Security-Auditing" Guid="{54849625-5478-4994-A5BA-3E3B0328C30D}" /><EventID>4624</EventID><Version>1</Version><Level>4</Level><Task>1</Task><Opcode>0</Opcode><Keywords>0x8000000000000000</Keywords><TimeCreated SystemTime="2026-02-18T10:22:00.0000000Z" /><EventRecordID>1042</EventRecordID><Correlation /><Execution ProcessID="600" ThreadID="700" /><Channel>Security</Channel><Computer>WIN-WKS02</Computer><Security UserID="S-1-5-18" /></System><EventData><Data Name="TargetUserName">mchen</Data><Data Name="LogonType">2</Data><Data Name="IpAddress">10.10.20.15</Data></EventData></Event>
  <Event xmlns="http://schemas.microsoft.com/win/2004/08/events/event"><System><Provider Name="Microsoft-Windows-Security-Auditing" Guid="{54849625-5478-4994-A5BA-3E3B0328C30D}" /><EventID>4624</EventID><Version>1</Version><Level>4</Level><Task>1</Task><Opcode>0</Opcode><Keywords>0x8000000000000000</Keywords><TimeCreated SystemTime="2026-02-18T10:25:00.0000000Z" /><EventRecordID>1043</EventRecordID><Correlation /><Execution ProcessID="600" ThreadID="700" /><Channel>Security</Channel><Computer>WIN-WKS03</Computer><Security UserID="S-1-5-18" /></System><EventData><Data Name="TargetUserName">mchen</Data><Data Name="LogonType">3</Data><Data Name="IpAddress">-</Data></EventData></Event>
  <Event xmlns="http://schemas.microsoft.com/win/2004/08/events/event"><System><Provider Name="Microsoft-Windows-PowerShell" Guid="{54849625-5478-4994-A5BA-3E3B0328C30D}" /><EventID>4104</EventID><Version>1</Version><Level>4</Level><Task>1</Task><Opcode>0</Opcode><Keywords>0x8000000000000000</Keywords><TimeCreated SystemTime="2026-02-18T10:27:00.0000000Z" /><EventRecordID>1044</EventRecordID><Correlation /><Execution ProcessID="600" ThreadID="700" /><Channel>Microsoft-Windows-PowerShell/Operational</Channel><Computer>WIN-WKS02</Computer><Security UserID="S-1-5-18" /></System><EventData><Data Name="Message">Set-ExecutionPolicy Bypass -Scope Process</Data></EventData></Event>
  <Event xmlns="http://schemas.microsoft.com/win/2004/08/events/event"><System><Provider Name="Microsoft-Windows-Security-Auditing" Guid="{54849625-5478-4994-A5BA-3E3B0328C30D}" /><EventID>4722</EventID><Version>1</Version><Level>4</Level><Task>1</Task><Opcode>0</Opcode><Keywords>0x8000000000000000</Keywords><TimeCreated SystemTime="2026-02-18T10:29:00.0000000Z" /><EventRecordID>1045</EventRecordID><Correlation /><Execution ProcessID="600" ThreadID="700" /><Channel>Security</Channel><Computer>WIN-WKS03</Computer><Security UserID="S-1-5-18" /></System><EventData><Data Name="TargetUserName">mchen</Data></EventData></Event>
  <Event xmlns="http://schemas.microsoft.com/win/2004/08/events/event"><System><Provider Name="Microsoft-Windows-Sysmon" Guid="{5770385f-c22a-43e0-bf4c-06f5698ffbd9}" /><EventID>13</EventID><Version>1</Version><Level>4</Level><Task>1</Task><Opcode>0</Opcode><Keywords>0x8000000000000000</Keywords><TimeCreated SystemTime="2026-02-18T10:30:00.0000000Z" /><EventRecordID>1046</EventRecordID><Correlation /><Execution ProcessID="600" ThreadID="700" /><Channel>Microsoft-Windows-Sysmon/Operational</Channel><Computer>WIN-WKS02</Computer><Security UserID="S-1-5-18" /></System><EventData><Data Name="EventType">SetValue</Data><Data Name="TargetObject">HKLM\\SYSTEM\\CurrentControlSet\\Services\\SomeService\\Start</Data><Data Name="Details">4</Data></EventData></Event>
  <Event xmlns="http://schemas.microsoft.com/win/2004/08/events/event"><System><Provider Name="Microsoft-Windows-Security-Auditing" Guid="{54849625-5478-4994-A5BA-3E3B0328C30D}" /><EventID>4672</EventID><Version>1</Version><Level>4</Level><Task>1</Task><Opcode>0</Opcode><Keywords>0x8000000000000000</Keywords><TimeCreated SystemTime="2026-02-18T10:33:00.0000000Z" /><EventRecordID>1047</EventRecordID><Correlation /><Execution ProcessID="600" ThreadID="700" /><Channel>Security</Channel><Computer>WIN-WKS01</Computer><Security UserID="S-1-5-18" /></System><EventData><Data Name="SubjectUserName">CORP\jdoe</Data><Data Name="Privileges">SeDebugPrivilege;SeBackupPrivilege;SeRestorePrivilege</Data></EventData></Event>
  <Event xmlns="http://schemas.microsoft.com/win/2004/08/events/event"><System><Provider Name="Microsoft-Windows-Sysmon" Guid="{5770385f-c22a-43e0-bf4c-06f5698ffbd9}" /><EventID>3</EventID><Version>1</Version><Level>4</Level><Task>1</Task><Opcode>0</Opcode><Keywords>0x8000000000000000</Keywords><TimeCreated SystemTime="2026-02-18T10:35:00.0000000Z" /><EventRecordID>1048</EventRecordID><Correlation /><Execution ProcessID="600" ThreadID="700" /><Channel>Microsoft-Windows-Sysmon/Operational</Channel><Computer>WIN-WKS03</Computer><Security UserID="S-1-5-18" /></System><EventData><Data Name="UtcTime">2026-02-18 10:35:00.000</Data><Data Name="Image">C:\Windows\System32\svchost.exe</Data><Data Name="SourceIp">10.10.10.25</Data><Data Name="SourcePort">59813</Data><Data Name="DestinationIp">8.8.8.8</Data><Data Name="DestinationPort">445</Data><Data Name="Protocol">tcp</Data></EventData></Event>
  <Event xmlns="http://schemas.microsoft.com/win/2004/08/events/event"><System><Provider Name="Microsoft-Windows-Sysmon" Guid="{5770385f-c22a-43e0-bf4c-06f5698ffbd9}" /><EventID>3</EventID><Version>1</Version><Level>4</Level><Task>1</Task><Opcode>0</Opcode><Keywords>0x8000000000000000</Keywords><TimeCreated SystemTime="2026-02-18T10:36:00.0000000Z" /><EventRecordID>1049</EventRecordID><Correlation /><Execution ProcessID="600" ThreadID="700" /><Channel>Microsoft-Windows-Sysmon/Operational</Channel><Computer>WIN-WKS03</Computer><Security UserID="S-1-5-18" /></System><EventData><Data Name="UtcTime">2026-02-18 10:36:00.000</Data><Data Name="Image">C:\Windows\System32\svchost.exe</Data><Data Name="SourceIp">10.10.10.25</Data><Data Name="SourcePort">61952</Data><Data Name="DestinationIp">8.8.8.8</Data><Data Name="DestinationPort">53</Data><Data Name="Protocol">tcp</Data></EventData></Event>
  <Event xmlns="http://schemas.microsoft.com/win/2004/08/events/event"><System><Provider Name="Microsoft-Windows-Sysmon" Guid="{5770385f-c22a-43e0-bf4c-06f5698ffbd9}" /><EventID>11</EventID><Version>1</Version><Level>4</Level><Task>1</Task><Opcode>0</Opcode><Keywords>0x8000000000000000</Keywords><TimeCreated SystemTime="2026-02-18T10:39:00.0000000Z" /><EventRecordID>1050</EventRecordID><Correlation /><Execution ProcessID="600" ThreadID="700" /><Channel>Microsoft-Windows-Sysmon/Operational</Channel><Computer>WIN-WKS02</Computer><Security UserID="S-1-5-18" /></System><EventData><Data Name="UtcTime">2026-02-18 10:39:00.000</Data><Data Name="Image">C:\Windows\System32\cmd.exe</Data><Data Name="TargetFilename">C:\Users\slee\AppData\Local\Temp\tmp.txt</Data></EventData></Event>
  <Event xmlns="http://schemas.microsoft.com/win/2004/08/events/event"><System><Provider Name="Microsoft-Windows-Security-Auditing" Guid="{54849625-5478-4994-A5BA-3E3B0328C30D}" /><EventID>4732</EventID><Version>1</Version><Level>4</Level><Task>1</Task><Opcode>0</Opcode><Keywords>0x8000000000000000</Keywords><TimeCreated SystemTime="2026-02-18T10:41:00.0000000Z" /><EventRecordID>1051</EventRecordID><Correlation /><Execution ProcessID="600" ThreadID="700" /><Channel>Security</Channel><Computer>WIN-WKS04</Computer><Security UserID="S-1-5-18" /></System><EventData><Data Name="MemberName">CORP\bwilson</Data><Data Name="TargetUserName">IT-Admins</Data></EventData></Event>
  <Event xmlns="http://schemas.microsoft.com/win/2004/08/events/event"><System><Provider Name="Microsoft-Windows-Security-Auditing" Guid="{54849625-5478-4994-A5BA-3E3B0328C30D}" /><EventID>4624</EventID><Version>1</Version><Level>4</Level><Task>1</Task><Opcode>0</Opcode><Keywords>0x8000000000000000</Keywords><TimeCreated SystemTime="2026-02-18T10:42:00.0000000Z" /><EventRecordID>1052</EventRecordID><Correlation /><Execution ProcessID="600" ThreadID="700" /><Channel>Security</Channel><Computer>WIN-WKS01</Computer><Security UserID="S-1-5-18" /></System><EventData><Data Name="TargetUserName">mchen</Data><Data Name="LogonType">3</Data><Data Name="IpAddress">10.10.20.15</Data></EventData></Event>
  