<Event xmlns="http://schemas.microsoft.com/win/2004/08/events/event"><System><Provider Name="Microsoft-Windows-Sysmon" Guid="{5770385f-c22a-43e0-bf4c-06f5698ffbd9}" /><EventID>22</EventID><Version>1</Version><Level>4</Level><Task>1</Task><Opcode>0</Opcode><Keywords>0x8000000000000000</Keywords><TimeCreated SystemTime="2026-02-18T10:44:00.0000000Z" /><EventRecordID>1053</EventRecordID><Correlation /><Execution ProcessID="600" ThreadID="700" /><Channel>Microsoft-Windows-Sysmon/Operational</Channel><Computer>WIN-WKS04</Computer><Security UserID="S-1-5-18" /></System><EventData><Data Name="QueryName">cdn-update.example.com</Data><Data Name="QueryStatus">0</Data><Data Name="Image">C:\Windows\System32\svchost.exe</Data></EventData></Event>
  <Event xmlns="http://schemas.microsoft.com/win/2004/08/events/event"><System><Provider Name="Microsoft-Windows-Sysmon" Guid="{5770385f-c22a-43e0-bf4c-06f5698ffbd9}" /><EventID>6</EventID><Version>1</Version><Level>4</Level><Task>1</Task><Opcode>0</Opcode><Keywords>0x8000000000000000</Keywords><TimeCreated SystemTime="2026-02-18T10:47:00.0000000Z" /><EventRecordID>1054</EventRecordID><Correlation /><Execution ProcessID="600" ThreadID="700" /><Channel>Microsoft-Windows-Sysmon/Operational</Channel><Computer>WIN-WKS04</Computer><Security UserID="S-1-5-18" /></System><EventData><Data Name="UtcTime">2026-02-18 10:47:00.000</Data><Data Name="ImageLoaded">C:\Windows\System32\drivers\disk.sys</Data></EventData></Event>
  <Event xmlns="http://schemas.microsoft.com/win/2004/08/events/event"><System><Provider Name="Microsoft-Windows-Sysmon" Guid="{5770385f-c22a-43e0-bf4c-06f5698ffbd9}" /><EventID>1</EventID><Version>1</Version><Level>4</Level><Task>1</Task><Opcode>0</Opcode><Keywords>0x8000000000000000</Keywords><TimeCreated SystemTime="2026-02-18T10:48:00.0000000Z" /><EventRecordID>1055</EventRecordID><Correlation /><Execution ProcessID="600" ThreadID="700" /><Channel>Microsoft-Windows-Sysmon/Operational</Channel><Computer>WIN-WKS03</Computer><Security UserID="S-1-5-18" /></System><EventData><Data Name="UtcTime">2026-02-18 10:48:00.000</Data><Data Name="ProcessGuid">{9b5cfafc230237f7a6107178f88e2b14}</Data><Data Name="ProcessId">10376</Data><Data Name="Image">C:\Windows\System32\cmd.exe</Data><Data Name="CommandLine">cmd.exe</Data><Data Name="CurrentDirectory">C:\Users\slee\</Data><Data Name="User">CORP\slee</Data><Data Name="ParentProcessGuid">{1f42dfc416535969d752d7f4feba958b}</Data><Data Name="ParentImage">C:\Windows\System32\services.exe</Data><Data Name="ParentCommandLine"></Data></EventData></Event>
  <Event xmlns="http://schemas.microsoft.com/win/2004/08/events/event"><System><Provider Name="Microsoft-Windows-Security-Auditing" Guid="{54849625-5478-4994-A5BA-3E3B0328C30D}" /><EventID>4672</EventID><Version>1</Version><Level>4</Level><Task>1</Task><Opcode>0</Opcode><Keywords>0x8000000000000000</Keywords><TimeCreated SystemTime="2026-02-18T10:51:00.0000000Z" /><EventRecordID>1056</EventRecordID><Correlation /><Execution ProcessID="600" ThreadID="700" /><Channel>Security</Channel><Computer>WIN-WKS04</Computer><Security UserID="S-1-5-18" /></System><EventData><Data Name="SubjectUserName">CORP\slee</Data><Data Name="Privileges">SeDebugPrivilege;SeBackupPrivilege;SeRestorePrivilege</Data></EventData></Event>
  <Event xmlns="http://schemas.microsoft.com/win/2004/08/events/event"><System><Provider Name="Microsoft-Windows-Security-Auditing" Guid="{54849625-5478-4994-A5BA-3E3B0328C30D}" /><EventID>4722</EventID><Version>1</Version><Level>4</Level><Task>1</Task><Opcode>0</Opcode><Keywords>0x8000000000000000</Keywords><TimeCreated SystemTime="2026-02-18T10:52:00.0000000Z" /><EventRecordID>1057</EventRecordID><Correlation /><Execution ProcessID="600" ThreadID="700" /><Channel>Security</Channel><Computer>WIN-WKS04</Computer><Security UserID="S-1-5-18" /></System><EventData><Data Name="TargetUserName">mchen</Data></EventData></Event>
  <Event xmlns="http://schemas.microsoft.com/win/2004/08/events/event"><System><Provider Name="Microsoft-Windows-Security-Auditing" Guid="{54849625-5478-4994-A5BA-3E3B0328C30D}" /><EventID>4624</EventID><Version>1</Version><Level>4</Level><Task>1</Task><Opcode>0</Opcode><Keywords>0x8000000000000000</Keywords><TimeCreated SystemTime="2026-02-18T10:54:00.0000000Z" /><EventRecordID>1058</EventRecordID><Correlation /><Execution ProcessID="600" ThreadID="700" /><Channel>Security</Channel><Computer>WIN-WKS04</Computer><Security UserID="S-1-5-18" /></System><EventData><Data Name="TargetUserName">jdoe</Data><Data Name="LogonType">3</Data><Data Name="IpAddress">-</Data></EventData></Event>
  <Event xmlns="http://schemas.microsoft.com/win/2004/08/events/event"><System><Provider Name="Microsoft-Windows-PowerShell" Guid="{54849625-5478-4994-A5BA-3E3B0328C30D}" /><EventID>4104</EventID><Version>1</Version><Level>4</Level><Task>1</Task><Opcode>0</Opcode><Keywords>0x8000000000000000</Keywords><TimeCreated SystemTime="2026-02-18T10:57:00.0000000Z" /><EventRecordID>1059</EventRecordID><Correlation /><Execution ProcessID="600" ThreadID="700" /><Channel>Microsoft-Windows-PowerShell/Operational</Channel><Computer>WIN-WKS04</Computer><Security UserID="S-1-5-18" /></System><EventData><Data Name="Message">Get-Process | Where-Object {$_.CPU -gt 100}</Data></EventData></Event>
  <Event xmlns="http://schemas.microsoft.com/win/2004/08/events/event"><System><Provider Name="Microsoft-Windows-Sysmon" Guid="{5770385f-c22a-43e0-bf4c-06f5698ffbd9}" /><EventID>1</EventID><Version>1</Version><Level>4</Level><Task>1</Task><Opcode>0</Opcode><Keywords>0x8000000000000000</Keywords><TimeCreated SystemTime="2026-02-18T10:59:00.0000000Z" /><EventRecordID>1060</EventRecordID><Correlation /><Execution ProcessID="600" ThreadID="700" /><Channel>Microsoft-Windows-Sysmon/Operational</Channel><Computer>WIN-WKS02</Computer><Security UserID="S-1-5-18" /></System><EventData><Data Name="UtcTime">2026-02-18 10:59:00.000</Data><Data Name="ProcessGuid">{6f729bf65541b1bab334b475dd03f09b}</Data><Data Name="ProcessId">13286</Data><Data Name="Image">C:\Windows\explorer.exe</Data><Data Name="CommandLine">explorer.exe</Data><Data Name="CurrentDirectory">C:\Users\jdoe\</Data><Data Name="User">CORP\jdoe</Data><Data Name="ParentProcessGuid">{cde6ee335eb15a3ec831024dc2723b7d}</Data><Data Name="ParentImage">C:\Windows\explorer.exe</Data><Data Name="ParentCommandLine"></Data></EventData></Event>
  <Event xmlns="http://schemas.microsoft.com/win/2004/08/events/event"><System><Provider Name="Microsoft-Windows-Sysmon" Guid="{5770385f-c22a-43e0-bf4c-06f5698ffbd9}" /><EventID>1</EventID><Version>1</Version><Level>4</Level><Task>1</Task><Opcode>0</Opcode><Keywords>0x8000000000000000</Keywords><TimeCreated SystemTime="2026-02-18T11:00:00.0000000Z" /><EventRecordID>1061</EventRecordID><Correlation /><Execution ProcessID="600" ThreadID="700" /><Channel>Microsoft-Windows-Sysmon/Operational</Channel><Computer>WIN-WKS01</Computer><Security UserID="S-1-5-18" /></System><EventData><Data Name="UtcTime">2026-02-18 11:00:00.000</Data><Data Name="ProcessGuid">{d527105d0799b373cc0b87462e0c387c}</Data><Data Name="ProcessId">11757</Data><Data Name="Image">C:\Windows\explorer.exe</Data><Data Name="CommandLine">explorer.exe</Data><Data Name="CurrentDirectory">C:\Users\bwilson\</Data><Data Name="User">CORP\bwilson</Data><Data Name="ParentProcessGuid">{2fabe8c9bf1e2d470a987b6c3aa0bd7a}</Data><Data Name="ParentImage">C:\Windows\System32\svchost.exe</Data><Data Name="ParentCommandLine"></Data></EventData></Event>
  <Event xmlns="http://schemas.microsoft.com/win/2004/08/events/event"><System><Provider Name="Microsoft-Windows-Sysmon" Guid="{5770385f-c22a-43e0-bf4c-06f5698ffbd9}" /><EventID>3</EventID><Version>1</Version><Level>4</Level><Task>1</Task><Opcode>0</Opcode><Keywords>0x8000000000000000</Keywords><TimeCreated SystemTime="2026-02-18T11:03:00.0000000Z" /><EventRecordID>1062</EventRecordID><Correlation /><Execution ProcessID="600" ThreadID="700" /><Channel>Microsoft-Windows-Sysmon/Operational</Channel><Computer>WIN-WKS01</Computer><Security UserID="S-1-5-18" /></System><EventData><Data Name="UtcTime">2026-02-18 11:03:00.000</Data><Data Name="Image">C:\Windows\System32\svchost.exe</Data><Data Name="SourceIp">10.10.10.25</Data><Data Name="SourcePort">55232</Data><Data Name="DestinationIp">8.8.8.8</Data><Data Name="DestinationPort">80</Data><Data Name="Protocol">tcp</Data></EventData></Event>
  <Event xmlns="http://schemas.microsoft.com/win/2004/08/events/event"><System><Provider Name="Microsoft-Windows-Sysmon" Guid="{5770385f-c22a-43e0-bf4c-06f5698ffbd9}" /><EventID>1</EventID><Version>1</Version><Level>4</Level><Task>1</Task><Opcode>0</Opcode><Keywords>0x8000000000000000</Keywords><TimeCreated SystemTime="2026-02-18T11:04:00.0000000Z" /><EventRecordID>1063</EventRecordID><Correlation /><Execution ProcessID="600" ThreadID="700" /><Channel>Microsoft-Windows-Sysmon/Operational</Channel><Computer>WIN-WKS03</Computer><Security UserID="S-1-5-18" /></System><EventData><Data Name="UtcTime">2026-02-18 11:04:00.000</Data><Data Name="ProcessGuid">{94e0f32201bb7b0543c6e6318a737798}</Data><Data Name="ProcessId">14347</Data><Data Name="Image">C:\Windows\explorer.exe</Data><Data Name="CommandLine">explorer.exe</Data><Data Name="CurrentDirectory">C:\Users\mchen\</Data><Data Name="User">CORP\mchen</Data><Data Name="ParentProcessGuid">{d2149ac1e5da8e3a4037e9fdbb8f7b7c}</Data><Data Name="ParentImage">C:\Windows\System32\svchost.exe</Data><Data Name="ParentCommandLine"></Data></EventData></Event>
  <Event xmlns="http://schemas.microsoft.com/win/2004/08/events/event"><System><Provider Name="Microsoft-Windows-Sysmon" Guid="{5770385f-c22a-43e0-bf4c-06f5698ffbd9}" /><EventID>13</EventID><Version>1</Version><Level>4</Level><Task>1</Task><Opcode>0</Opcode><Keywords>0x8000000000000000</Keywords><TimeCreated SystemTime="2026-02-18T11:07:00.0000000Z" /><EventRecordID>1064</EventRecordID><Correlation /><Execution ProcessID="600" ThreadID="700" /><Channel>Microsoft-Windows-Sysmon/Operational</Channel><Computer>WIN-WKS01</Computer><Security UserID="S-1-5-18" /></System><EventData><Data Name="EventType">SetValue</Data><Data Name="TargetObject">HKLM\\SYSTEM\\CurrentControlSet\\Services\\SomeService\\Start</Data><Data Name="Details">2</Data></EventData></Event>
  <Event xmlns="http://schemas.microsoft.com/win/2004/08/events/event"><System><Provider Name="Microsoft-Windows-Security-Auditing" Guid="{54849625-5478-4994-A5BA-3E3B0328C30D}" /><EventID>4728</EventID><Version>1</Version><Level>4</Level><Task>1</Task><Opcode>0</Opcode><Keywords>0x8000000000000000</Keywords><TimeCreated SystemTime="2026-02-18T11:09:00.0000000Z" /><EventRecordID>1065</EventRecordID><Correlation /><Execution ProcessID="600" ThreadID="700" /><Channel>Security</Channel><Computer>WIN-WKS04</Computer><Security UserID="S-1-5-18" /></System><EventData><Data Name="MemberName">CORP\jdoe</Data><Data Name="TargetUserName">Administrators</Data></EventData></Event>
  <Event xmlns="http://schemas.microsoft.com/win/2004/08/events/event"><System><Provider Name="Microsoft-Windows-Security-Auditing" Guid="{54849625-5478-4994-A5BA-3E3B0328C30D}" /><EventID>4672</EventID><Version>1</Version><Level>4</Level><Task>1</Task><Opcode>0</Opcode><Keywords>0x8000000000000000</Keywords><TimeCreated SystemTime="2026-02-18T11:20:00.0000000Z" /><EventRecordID>1078</EventRecordID><Correlation /><Execution ProcessID="600" ThreadID="700" /><Channel>Security</Channel><Computer>WIN-DC01</Computer><Security UserID="S-1-5-18" /></System><EventData><Data Name="SubjectUserName">CORP\jdoe</Data><Data Name="Privileges">SeDebugPrivilege;SeBackupPrivilege</Data></EventData></Event>
  <Event xmlns="http://schemas.microsoft.com/win/2004/08/events/event"><System><Provider Name="Microsoft-Windows-Security-Auditing" Guid="{54849625-5478-4994-A5BA-3E3B0328C30D}" /><EventID>4728</EventID><Version>1</Version><Level>4</Level><Task>1</Task><Opcode>0</Opcode><Keywords>0x8000000000000000</Keywords><TimeCreated SystemTime="2026-02-18T11:21:00.0000000Z" /><EventRecordID>1079</EventRecordID><Correlation /><Execution ProcessID="600" ThreadID="700" /><Channel>Security</Channel><Computer>WIN-DC01</Computer><Security UserID="S-1-5-18" /></System><EventData><Data Name="MemberName">CORP\jdoe</Data><Data Name="TargetUserName">Domain Admins</Data></EventData></Event>
  <Event xmlns="http://schemas.microsoft.com/win/2004/08/events/event"><System><Provider Name="Microsoft-Windows-PowerShell" Guid="{54849625-5478-4994-A5BA-3E3B0328C30D}" /><EventID>4104</EventID><Version>1</Version><Level>4</Level><Task>1</Task><Opcode>0</Opcode><Keywords>0x8000000000000000</Keywords><TimeCreated SystemTime="2026-02-18T11:22:00.0000000Z" /><EventRecordID>1080</EventRecordID><Correlation /><Execution ProcessID="600" ThreadID="700" /><Channel>Microsoft-Windows-PowerShell/Operational</Channel><Computer>WIN-DC01</Computer><Security UserID="S-1-5-18" /></System><EventData><Data Name="Message">Set-LocalUser -Name admin -Password (ConvertTo-SecureString "Temp123!" -AsPlainText -Force)</Data></EventData></Event>
  <Event xmlns="http://schemas.microsoft.com/win/2004/08/events/event"><System><Provider Name="Microsoft-Windows-Security-Auditing" Guid="{54849625-5478-4994-A5BA-3E3B0328C30D}" /><EventID>1101</EventID><Version>1</Version><Level>4</Level><Task>1</Task><Opcode>0</Opcode><Keywords>0x8000000000000000</Keywords><TimeCreated SystemTime="2026-02-18T11:23:00.0000000Z" /><EventRecordID>1081</EventRecordID><Correlation /><Execution ProcessID="600" ThreadID="700" /><Channel>Security</Channel><Computer>WIN-DC01</Computer><Security UserID="S-1-5-18" /></System><EventData><Data Name="SubjectUserName">CORP\jdoe</Data><Data Name="BackupPath">-</Data></EventData></Event>
  <Event xmlns="http://schemas.microsoft.com/win/2004/08/events/event"><System><Provider Name="Microsoft-Windows-Sysmon" Guid="{5770385f-c22a-43e0-bf4c-06f5698ffbd9}" /><EventID>13</EventID><Version>1</Version><Level>4</Level><Task>1</Task><Opcode>0</Opcode><Keywords>0x8000000000000000</Keywords><TimeCreated SystemTime="2026-02-18T11:24:00.0000000Z" /><EventRecordID>1082</EventRecordID><Correlation /><Execution ProcessID="600" ThreadID="700" /><Channel>Microsoft-Windows-Sysmon/Operational</Channel><Computer>WIN-DC01</Computer><Security UserID="S-1-5-18" /></System><EventData><Data Name="EventType">SetValue</Data><Data Name="TargetObject">HKLM\\SYSTEM\\CurrentControlSet\\Services\\SecurityService\\Start</Data><Data Name="Details">4</Data></EventData></Event>
</Events>
